Status: FAILURE

1224/1240 tasks completed. 0 running.

Output files:

00000083.tif → /cluster/tufts/perseus_ocr/nidaba/OCR/bddeee97-1fbe-4ef4-8bf4-3cbe74adbf0b/00000083_img.rgb_to_gray_binarize.otsu_ocr.kraken_grc_teubner_postprocessing.spell_check_polytonic_greek_False.xml
00000050.tif → /cluster/tufts/perseus_ocr/nidaba/OCR/bddeee97-1fbe-4ef4-8bf4-3cbe74adbf0b/00000050_img.rgb_to_gray_binarize.otsu_ocr.kraken_grc_teubner_postprocessing.spell_check_polytonic_greek_False.xml
00000109.tif → /cluster/tufts/perseus_ocr/nidaba/OCR/bddeee97-1fbe-4ef4-8bf4-3cbe74adbf0b/00000109_img.rgb_to_gray_binarize.otsu_ocr.kraken_grc_teubner_postprocessing.spell_check_polytonic_greek_False.xml
00000126.tif → /cluster/tufts/perseus_ocr/nidaba/OCR/bddeee97-1fbe-4ef4-8bf4-3cbe74adbf0b/00000126_img.rgb_to_gray_binarize.otsu_ocr.kraken_grc_teubner_postprocessing.spell_check_polytonic_greek_False.xml
00000193.tif → /cluster/tufts/perseus_ocr/nidaba/OCR/bddeee97-1fbe-4ef4-8bf4-3cbe74adbf0b/00000193_img.rgb_to_gray_binarize.otsu_ocr.kraken_grc_teubner_postprocessing.spell_check_polytonic_greek_False.xml
00000074.tif → /cluster/tufts/perseus_ocr/nidaba/OCR/bddeee97-1fbe-4ef4-8bf4-3cbe74adbf0b/00000074_img.rgb_to_gray_binarize.otsu_ocr.kraken_grc_teubner_postprocessing.spell_check_polytonic_greek_False.xml
00000120.tif → /cluster/tufts/perseus_ocr/nidaba/OCR/bddeee97-1fbe-4ef4-8bf4-3cbe74adbf0b/00000120_img.rgb_to_gray_binarize.otsu_ocr.kraken_grc_teubner_postprocessing.spell_check_polytonic_greek_False.xml
00000056.tif → /cluster/tufts/perseus_ocr/nidaba/OCR/bddeee97-1fbe-4ef4-8bf4-3cbe74adbf0b/00000056_img.rgb_to_gray_binarize.otsu_ocr.kraken_grc_teubner_postprocessing.spell_check_polytonic_greek_False.xml
00000090.tif → /cluster/tufts/perseus_ocr/nidaba/OCR/bddeee97-1fbe-4ef4-8bf4-3cbe74adbf0b/00000090_img.rgb_to_gray_binarize.otsu_ocr.kraken_grc_teubner_postprocessing.spell_check_polytonic_greek_False.xml
00000017.tif → /cluster/tufts/perseus_ocr/nidaba/OCR/bddeee97-1fbe-4ef4-8bf4-3cbe74adbf0b/00000017_img.rgb_to_gray_binarize.otsu_ocr.kraken_grc_teubner_postprocessing.spell_check_polytonic_greek_False.xml
00000151.tif → /cluster/tufts/perseus_ocr/nidaba/OCR/bddeee97-1fbe-4ef4-8bf4-3cbe74adbf0b/00000151_img.rgb_to_gray_binarize.otsu_ocr.kraken_grc_teubner_postprocessing.spell_check_polytonic_greek_False.xml
00000006.tif → /cluster/tufts/perseus_ocr/nidaba/OCR/bddeee97-1fbe-4ef4-8bf4-3cbe74adbf0b/00000006_img.rgb_to_gray_binarize.otsu_ocr.kraken_grc_teubner_postprocessing.spell_check_polytonic_greek_False.xml
00000158.tif → /cluster/tufts/perseus_ocr/nidaba/OCR/bddeee97-1fbe-4ef4-8bf4-3cbe74adbf0b/00000158_img.rgb_to_gray_binarize.otsu_ocr.kraken_grc_teubner_postprocessing.spell_check_polytonic_greek_False.xml
00000212.tif → /cluster/tufts/perseus_ocr/nidaba/OCR/bddeee97-1fbe-4ef4-8bf4-3cbe74adbf0b/00000212_img.rgb_to_gray_binarize.otsu_ocr.kraken_grc_teubner_postprocessing.spell_check_polytonic_greek_False.xml
00000039.tif → /cluster/tufts/perseus_ocr/nidaba/OCR/bddeee97-1fbe-4ef4-8bf4-3cbe74adbf0b/00000039_img.rgb_to_gray_binarize.otsu_ocr.kraken_grc_teubner_postprocessing.spell_check_polytonic_greek_False.xml
00000123.tif → /cluster/tufts/perseus_ocr/nidaba/OCR/bddeee97-1fbe-4ef4-8bf4-3cbe74adbf0b/00000123_img.rgb_to_gray_binarize.otsu_ocr.kraken_grc_teubner_postprocessing.spell_check_polytonic_greek_False.xml
00000100.tif → /cluster/tufts/perseus_ocr/nidaba/OCR/bddeee97-1fbe-4ef4-8bf4-3cbe74adbf0b/00000100_img.rgb_to_gray_binarize.otsu_ocr.kraken_grc_teubner_postprocessing.spell_check_polytonic_greek_False.xml
00000001.tif → /cluster/tufts/perseus_ocr/nidaba/OCR/bddeee97-1fbe-4ef4-8bf4-3cbe74adbf0b/00000001_img.rgb_to_gray_binarize.otsu_ocr.kraken_grc_teubner_postprocessing.spell_check_polytonic_greek_False.xml
00000199.tif → /cluster/tufts/perseus_ocr/nidaba/OCR/bddeee97-1fbe-4ef4-8bf4-3cbe74adbf0b/00000199_img.rgb_to_gray_binarize.otsu_ocr.kraken_grc_teubner_postprocessing.spell_check_polytonic_greek_False.xml
00000215.tif → /cluster/tufts/perseus_ocr/nidaba/OCR/bddeee97-1fbe-4ef4-8bf4-3cbe74adbf0b/00000215_img.rgb_to_gray_binarize.otsu_ocr.kraken_grc_teubner_postprocessing.spell_check_polytonic_greek_False.xml
00000129.tif → /cluster/tufts/perseus_ocr/nidaba/OCR/bddeee97-1fbe-4ef4-8bf4-3cbe74adbf0b/00000129_img.rgb_to_gray_binarize.otsu_ocr.kraken_grc_teubner_postprocessing.spell_check_polytonic_greek_False.xml
00000200.tif → /cluster/tufts/perseus_ocr/nidaba/OCR/bddeee97-1fbe-4ef4-8bf4-3cbe74adbf0b/00000200_img.rgb_to_gray_binarize.otsu_ocr.kraken_grc_teubner_postprocessing.spell_check_polytonic_greek_False.xml
00000188.tif → /cluster/tufts/perseus_ocr/nidaba/OCR/bddeee97-1fbe-4ef4-8bf4-3cbe74adbf0b/00000188_img.rgb_to_gray_binarize.otsu_ocr.kraken_grc_teubner_postprocessing.spell_check_polytonic_greek_False.xml
00000246.tif → /cluster/tufts/perseus_ocr/nidaba/OCR/bddeee97-1fbe-4ef4-8bf4-3cbe74adbf0b/00000246_img.rgb_to_gray_binarize.otsu_ocr.kraken_grc_teubner_postprocessing.spell_check_polytonic_greek_False.xml
00000235.tif → /cluster/tufts/perseus_ocr/nidaba/OCR/bddeee97-1fbe-4ef4-8bf4-3cbe74adbf0b/00000235_img.rgb_to_gray_binarize.otsu_ocr.kraken_grc_teubner_postprocessing.spell_check_polytonic_greek_False.xml
00000225.tif → /cluster/tufts/perseus_ocr/nidaba/OCR/bddeee97-1fbe-4ef4-8bf4-3cbe74adbf0b/00000225_img.rgb_to_gray_binarize.otsu_ocr.kraken_grc_teubner_postprocessing.spell_check_polytonic_greek_False.xml
00000237.tif → /cluster/tufts/perseus_ocr/nidaba/OCR/bddeee97-1fbe-4ef4-8bf4-3cbe74adbf0b/00000237_img.rgb_to_gray_binarize.otsu_ocr.kraken_grc_teubner_postprocessing.spell_check_polytonic_greek_False.xml
00000138.tif → /cluster/tufts/perseus_ocr/nidaba/OCR/bddeee97-1fbe-4ef4-8bf4-3cbe74adbf0b/00000138_img.rgb_to_gray_binarize.otsu_ocr.kraken_grc_teubner_postprocessing.spell_check_polytonic_greek_False.xml
00000015.tif → /cluster/tufts/perseus_ocr/nidaba/OCR/bddeee97-1fbe-4ef4-8bf4-3cbe74adbf0b/00000015_img.rgb_to_gray_binarize.otsu_ocr.kraken_grc_teubner_postprocessing.spell_check_polytonic_greek_False.xml
00000117.tif → /cluster/tufts/perseus_ocr/nidaba/OCR/bddeee97-1fbe-4ef4-8bf4-3cbe74adbf0b/00000117_img.rgb_to_gray_binarize.otsu_ocr.kraken_grc_teubner_postprocessing.spell_check_polytonic_greek_False.xml
00000222.tif → /cluster/tufts/perseus_ocr/nidaba/OCR/bddeee97-1fbe-4ef4-8bf4-3cbe74adbf0b/00000222_img.rgb_to_gray_binarize.otsu_ocr.kraken_grc_teubner_postprocessing.spell_check_polytonic_greek_False.xml
00000066.tif → /cluster/tufts/perseus_ocr/nidaba/OCR/bddeee97-1fbe-4ef4-8bf4-3cbe74adbf0b/00000066_img.rgb_to_gray_binarize.otsu_ocr.kraken_grc_teubner_postprocessing.spell_check_polytonic_greek_False.xml
00000086.tif → /cluster/tufts/perseus_ocr/nidaba/OCR/bddeee97-1fbe-4ef4-8bf4-3cbe74adbf0b/00000086_img.rgb_to_gray_binarize.otsu_ocr.kraken_grc_teubner_postprocessing.spell_check_polytonic_greek_False.xml
00000012.tif → /cluster/tufts/perseus_ocr/nidaba/OCR/bddeee97-1fbe-4ef4-8bf4-3cbe74adbf0b/00000012_img.rgb_to_gray_binarize.otsu_ocr.kraken_grc_teubner_postprocessing.spell_check_polytonic_greek_False.xml
00000099.tif → /cluster/tufts/perseus_ocr/nidaba/OCR/bddeee97-1fbe-4ef4-8bf4-3cbe74adbf0b/00000099_img.rgb_to_gray_binarize.otsu_ocr.kraken_grc_teubner_postprocessing.spell_check_polytonic_greek_False.xml
00000027.tif → /cluster/tufts/perseus_ocr/nidaba/OCR/bddeee97-1fbe-4ef4-8bf4-3cbe74adbf0b/00000027_img.rgb_to_gray_binarize.otsu_ocr.kraken_grc_teubner_postprocessing.spell_check_polytonic_greek_False.xml
00000092.tif → /cluster/tufts/perseus_ocr/nidaba/OCR/bddeee97-1fbe-4ef4-8bf4-3cbe74adbf0b/00000092_img.rgb_to_gray_binarize.otsu_ocr.kraken_grc_teubner_postprocessing.spell_check_polytonic_greek_False.xml
00000111.tif → /cluster/tufts/perseus_ocr/nidaba/OCR/bddeee97-1fbe-4ef4-8bf4-3cbe74adbf0b/00000111_img.rgb_to_gray_binarize.otsu_ocr.kraken_grc_teubner_postprocessing.spell_check_polytonic_greek_False.xml
00000239.tif → /cluster/tufts/perseus_ocr/nidaba/OCR/bddeee97-1fbe-4ef4-8bf4-3cbe74adbf0b/00000239_img.rgb_to_gray_binarize.otsu_ocr.kraken_grc_teubner_postprocessing.spell_check_polytonic_greek_False.xml
00000121.tif → /cluster/tufts/perseus_ocr/nidaba/OCR/bddeee97-1fbe-4ef4-8bf4-3cbe74adbf0b/00000121_img.rgb_to_gray_binarize.otsu_ocr.kraken_grc_teubner_postprocessing.spell_check_polytonic_greek_False.xml
00000140.tif → /cluster/tufts/perseus_ocr/nidaba/OCR/bddeee97-1fbe-4ef4-8bf4-3cbe74adbf0b/00000140_img.rgb_to_gray_binarize.otsu_ocr.kraken_grc_teubner_postprocessing.spell_check_polytonic_greek_False.xml
00000004.tif → /cluster/tufts/perseus_ocr/nidaba/OCR/bddeee97-1fbe-4ef4-8bf4-3cbe74adbf0b/00000004_img.rgb_to_gray_binarize.otsu_ocr.kraken_grc_teubner_postprocessing.spell_check_polytonic_greek_False.xml
00000210.tif → /cluster/tufts/perseus_ocr/nidaba/OCR/bddeee97-1fbe-4ef4-8bf4-3cbe74adbf0b/00000210_img.rgb_to_gray_binarize.otsu_ocr.kraken_grc_teubner_postprocessing.spell_check_polytonic_greek_False.xml
00000002.tif → /cluster/tufts/perseus_ocr/nidaba/OCR/bddeee97-1fbe-4ef4-8bf4-3cbe74adbf0b/00000002_img.rgb_to_gray_binarize.otsu_ocr.kraken_grc_teubner_postprocessing.spell_check_polytonic_greek_False.xml
00000171.tif → /cluster/tufts/perseus_ocr/nidaba/OCR/bddeee97-1fbe-4ef4-8bf4-3cbe74adbf0b/00000171_img.rgb_to_gray_binarize.otsu_ocr.kraken_grc_teubner_postprocessing.spell_check_polytonic_greek_False.xml
00000013.tif → /cluster/tufts/perseus_ocr/nidaba/OCR/bddeee97-1fbe-4ef4-8bf4-3cbe74adbf0b/00000013_img.rgb_to_gray_binarize.otsu_ocr.kraken_grc_teubner_postprocessing.spell_check_polytonic_greek_False.xml
00000041.tif → /cluster/tufts/perseus_ocr/nidaba/OCR/bddeee97-1fbe-4ef4-8bf4-3cbe74adbf0b/00000041_img.rgb_to_gray_binarize.otsu_ocr.kraken_grc_teubner_postprocessing.spell_check_polytonic_greek_False.xml
00000247.tif → /cluster/tufts/perseus_ocr/nidaba/OCR/bddeee97-1fbe-4ef4-8bf4-3cbe74adbf0b/00000247_img.rgb_to_gray_binarize.otsu_ocr.kraken_grc_teubner_postprocessing.spell_check_polytonic_greek_False.xml
00000029.tif → /cluster/tufts/perseus_ocr/nidaba/OCR/bddeee97-1fbe-4ef4-8bf4-3cbe74adbf0b/00000029_img.rgb_to_gray_binarize.otsu_ocr.kraken_grc_teubner_postprocessing.spell_check_polytonic_greek_False.xml
00000162.tif → /cluster/tufts/perseus_ocr/nidaba/OCR/bddeee97-1fbe-4ef4-8bf4-3cbe74adbf0b/00000162_img.rgb_to_gray_binarize.otsu_ocr.kraken_grc_teubner_postprocessing.spell_check_polytonic_greek_False.xml
00000044.tif → /cluster/tufts/perseus_ocr/nidaba/OCR/bddeee97-1fbe-4ef4-8bf4-3cbe74adbf0b/00000044_img.rgb_to_gray_binarize.otsu_ocr.kraken_grc_teubner_postprocessing.spell_check_polytonic_greek_False.xml
00000240.tif → /cluster/tufts/perseus_ocr/nidaba/OCR/bddeee97-1fbe-4ef4-8bf4-3cbe74adbf0b/00000240_img.rgb_to_gray_binarize.otsu_ocr.kraken_grc_teubner_postprocessing.spell_check_polytonic_greek_False.xml
00000142.tif → /cluster/tufts/perseus_ocr/nidaba/OCR/bddeee97-1fbe-4ef4-8bf4-3cbe74adbf0b/00000142_img.rgb_to_gray_binarize.otsu_ocr.kraken_grc_teubner_postprocessing.spell_check_polytonic_greek_False.xml
00000207.tif → /cluster/tufts/perseus_ocr/nidaba/OCR/bddeee97-1fbe-4ef4-8bf4-3cbe74adbf0b/00000207_img.rgb_to_gray_binarize.otsu_ocr.kraken_grc_teubner_postprocessing.spell_check_polytonic_greek_False.xml
00000048.tif → /cluster/tufts/perseus_ocr/nidaba/OCR/bddeee97-1fbe-4ef4-8bf4-3cbe74adbf0b/00000048_img.rgb_to_gray_binarize.otsu_ocr.kraken_grc_teubner_postprocessing.spell_check_polytonic_greek_False.xml
00000214.tif → /cluster/tufts/perseus_ocr/nidaba/OCR/bddeee97-1fbe-4ef4-8bf4-3cbe74adbf0b/00000214_img.rgb_to_gray_binarize.otsu_ocr.kraken_grc_teubner_postprocessing.spell_check_polytonic_greek_False.xml
00000040.tif → /cluster/tufts/perseus_ocr/nidaba/OCR/bddeee97-1fbe-4ef4-8bf4-3cbe74adbf0b/00000040_img.rgb_to_gray_binarize.otsu_ocr.kraken_grc_teubner_postprocessing.spell_check_polytonic_greek_False.xml
00000061.tif → /cluster/tufts/perseus_ocr/nidaba/OCR/bddeee97-1fbe-4ef4-8bf4-3cbe74adbf0b/00000061_img.rgb_to_gray_binarize.otsu_ocr.kraken_grc_teubner_postprocessing.spell_check_polytonic_greek_False.xml
00000238.tif → /cluster/tufts/perseus_ocr/nidaba/OCR/bddeee97-1fbe-4ef4-8bf4-3cbe74adbf0b/00000238_img.rgb_to_gray_binarize.otsu_ocr.kraken_grc_teubner_postprocessing.spell_check_polytonic_greek_False.xml
00000113.tif → /cluster/tufts/perseus_ocr/nidaba/OCR/bddeee97-1fbe-4ef4-8bf4-3cbe74adbf0b/00000113_img.rgb_to_gray_binarize.otsu_ocr.kraken_grc_teubner_postprocessing.spell_check_polytonic_greek_False.xml
00000022.tif → /cluster/tufts/perseus_ocr/nidaba/OCR/bddeee97-1fbe-4ef4-8bf4-3cbe74adbf0b/00000022_img.rgb_to_gray_binarize.otsu_ocr.kraken_grc_teubner_postprocessing.spell_check_polytonic_greek_False.xml
00000071.tif → /cluster/tufts/perseus_ocr/nidaba/OCR/bddeee97-1fbe-4ef4-8bf4-3cbe74adbf0b/00000071_img.rgb_to_gray_binarize.otsu_ocr.kraken_grc_teubner_postprocessing.spell_check_polytonic_greek_False.xml
00000147.tif → /cluster/tufts/perseus_ocr/nidaba/OCR/bddeee97-1fbe-4ef4-8bf4-3cbe74adbf0b/00000147_img.rgb_to_gray_binarize.otsu_ocr.kraken_grc_teubner_postprocessing.spell_check_polytonic_greek_False.xml
00000073.tif → /cluster/tufts/perseus_ocr/nidaba/OCR/bddeee97-1fbe-4ef4-8bf4-3cbe74adbf0b/00000073_img.rgb_to_gray_binarize.otsu_ocr.kraken_grc_teubner_postprocessing.spell_check_polytonic_greek_False.xml
00000186.tif → /cluster/tufts/perseus_ocr/nidaba/OCR/bddeee97-1fbe-4ef4-8bf4-3cbe74adbf0b/00000186_img.rgb_to_gray_binarize.otsu_ocr.kraken_grc_teubner_postprocessing.spell_check_polytonic_greek_False.xml
00000101.tif → /cluster/tufts/perseus_ocr/nidaba/OCR/bddeee97-1fbe-4ef4-8bf4-3cbe74adbf0b/00000101_img.rgb_to_gray_binarize.otsu_ocr.kraken_grc_teubner_postprocessing.spell_check_polytonic_greek_False.xml
00000031.tif → /cluster/tufts/perseus_ocr/nidaba/OCR/bddeee97-1fbe-4ef4-8bf4-3cbe74adbf0b/00000031_img.rgb_to_gray_binarize.otsu_ocr.kraken_grc_teubner_postprocessing.spell_check_polytonic_greek_False.xml
00000030.tif → /cluster/tufts/perseus_ocr/nidaba/OCR/bddeee97-1fbe-4ef4-8bf4-3cbe74adbf0b/00000030_img.rgb_to_gray_binarize.otsu_ocr.kraken_grc_teubner_postprocessing.spell_check_polytonic_greek_False.xml
00000184.tif → /cluster/tufts/perseus_ocr/nidaba/OCR/bddeee97-1fbe-4ef4-8bf4-3cbe74adbf0b/00000184_img.rgb_to_gray_binarize.otsu_ocr.kraken_grc_teubner_postprocessing.spell_check_polytonic_greek_False.xml
00000053.tif → /cluster/tufts/perseus_ocr/nidaba/OCR/bddeee97-1fbe-4ef4-8bf4-3cbe74adbf0b/00000053_img.rgb_to_gray_binarize.otsu_ocr.kraken_grc_teubner_postprocessing.spell_check_polytonic_greek_False.xml
00000091.tif → /cluster/tufts/perseus_ocr/nidaba/OCR/bddeee97-1fbe-4ef4-8bf4-3cbe74adbf0b/00000091_img.rgb_to_gray_binarize.otsu_ocr.kraken_grc_teubner_postprocessing.spell_check_polytonic_greek_False.xml
00000016.tif → /cluster/tufts/perseus_ocr/nidaba/OCR/bddeee97-1fbe-4ef4-8bf4-3cbe74adbf0b/00000016_img.rgb_to_gray_binarize.otsu_ocr.kraken_grc_teubner_postprocessing.spell_check_polytonic_greek_False.xml
00000068.tif → /cluster/tufts/perseus_ocr/nidaba/OCR/bddeee97-1fbe-4ef4-8bf4-3cbe74adbf0b/00000068_img.rgb_to_gray_binarize.otsu_ocr.kraken_grc_teubner_postprocessing.spell_check_polytonic_greek_False.xml
00000047.tif → /cluster/tufts/perseus_ocr/nidaba/OCR/bddeee97-1fbe-4ef4-8bf4-3cbe74adbf0b/00000047_img.rgb_to_gray_binarize.otsu_ocr.kraken_grc_teubner_postprocessing.spell_check_polytonic_greek_False.xml
00000136.tif → /cluster/tufts/perseus_ocr/nidaba/OCR/bddeee97-1fbe-4ef4-8bf4-3cbe74adbf0b/00000136_img.rgb_to_gray_binarize.otsu_ocr.kraken_grc_teubner_postprocessing.spell_check_polytonic_greek_False.xml
00000014.tif → /cluster/tufts/perseus_ocr/nidaba/OCR/bddeee97-1fbe-4ef4-8bf4-3cbe74adbf0b/00000014_img.rgb_to_gray_binarize.otsu_ocr.kraken_grc_teubner_postprocessing.spell_check_polytonic_greek_False.xml
00000230.tif → /cluster/tufts/perseus_ocr/nidaba/OCR/bddeee97-1fbe-4ef4-8bf4-3cbe74adbf0b/00000230_img.rgb_to_gray_binarize.otsu_ocr.kraken_grc_teubner_postprocessing.spell_check_polytonic_greek_False.xml
00000008.tif → /cluster/tufts/perseus_ocr/nidaba/OCR/bddeee97-1fbe-4ef4-8bf4-3cbe74adbf0b/00000008_img.rgb_to_gray_binarize.otsu_ocr.kraken_grc_teubner_postprocessing.spell_check_polytonic_greek_False.xml
00000217.tif → /cluster/tufts/perseus_ocr/nidaba/OCR/bddeee97-1fbe-4ef4-8bf4-3cbe74adbf0b/00000217_img.rgb_to_gray_binarize.otsu_ocr.kraken_grc_teubner_postprocessing.spell_check_polytonic_greek_False.xml
00000007.tif → /cluster/tufts/perseus_ocr/nidaba/OCR/bddeee97-1fbe-4ef4-8bf4-3cbe74adbf0b/00000007_img.rgb_to_gray_binarize.otsu_ocr.kraken_grc_teubner_postprocessing.spell_check_polytonic_greek_False.xml
00000244.tif → /cluster/tufts/perseus_ocr/nidaba/OCR/bddeee97-1fbe-4ef4-8bf4-3cbe74adbf0b/00000244_img.rgb_to_gray_binarize.otsu_ocr.kraken_grc_teubner_postprocessing.spell_check_polytonic_greek_False.xml
00000106.tif → /cluster/tufts/perseus_ocr/nidaba/OCR/bddeee97-1fbe-4ef4-8bf4-3cbe74adbf0b/00000106_img.rgb_to_gray_binarize.otsu_ocr.kraken_grc_teubner_postprocessing.spell_check_polytonic_greek_False.xml
00000069.tif → /cluster/tufts/perseus_ocr/nidaba/OCR/bddeee97-1fbe-4ef4-8bf4-3cbe74adbf0b/00000069_img.rgb_to_gray_binarize.otsu_ocr.kraken_grc_teubner_postprocessing.spell_check_polytonic_greek_False.xml
00000046.tif → /cluster/tufts/perseus_ocr/nidaba/OCR/bddeee97-1fbe-4ef4-8bf4-3cbe74adbf0b/00000046_img.rgb_to_gray_binarize.otsu_ocr.kraken_grc_teubner_postprocessing.spell_check_polytonic_greek_False.xml
00000232.tif → /cluster/tufts/perseus_ocr/nidaba/OCR/bddeee97-1fbe-4ef4-8bf4-3cbe74adbf0b/00000232_img.rgb_to_gray_binarize.otsu_ocr.kraken_grc_teubner_postprocessing.spell_check_polytonic_greek_False.xml
00000197.tif → /cluster/tufts/perseus_ocr/nidaba/OCR/bddeee97-1fbe-4ef4-8bf4-3cbe74adbf0b/00000197_img.rgb_to_gray_binarize.otsu_ocr.kraken_grc_teubner_postprocessing.spell_check_polytonic_greek_False.xml
00000110.tif → /cluster/tufts/perseus_ocr/nidaba/OCR/bddeee97-1fbe-4ef4-8bf4-3cbe74adbf0b/00000110_img.rgb_to_gray_binarize.otsu_ocr.kraken_grc_teubner_postprocessing.spell_check_polytonic_greek_False.xml
00000177.tif → /cluster/tufts/perseus_ocr/nidaba/OCR/bddeee97-1fbe-4ef4-8bf4-3cbe74adbf0b/00000177_img.rgb_to_gray_binarize.otsu_ocr.kraken_grc_teubner_postprocessing.spell_check_polytonic_greek_False.xml
00000139.tif → /cluster/tufts/perseus_ocr/nidaba/OCR/bddeee97-1fbe-4ef4-8bf4-3cbe74adbf0b/00000139_img.rgb_to_gray_binarize.otsu_ocr.kraken_grc_teubner_postprocessing.spell_check_polytonic_greek_False.xml
00000078.tif → /cluster/tufts/perseus_ocr/nidaba/OCR/bddeee97-1fbe-4ef4-8bf4-3cbe74adbf0b/00000078_img.rgb_to_gray_binarize.otsu_ocr.kraken_grc_teubner_postprocessing.spell_check_polytonic_greek_False.xml
00000169.tif → /cluster/tufts/perseus_ocr/nidaba/OCR/bddeee97-1fbe-4ef4-8bf4-3cbe74adbf0b/00000169_img.rgb_to_gray_binarize.otsu_ocr.kraken_grc_teubner_postprocessing.spell_check_polytonic_greek_False.xml
00000088.tif → /cluster/tufts/perseus_ocr/nidaba/OCR/bddeee97-1fbe-4ef4-8bf4-3cbe74adbf0b/00000088_img.rgb_to_gray_binarize.otsu_ocr.kraken_grc_teubner_postprocessing.spell_check_polytonic_greek_False.xml
00000089.tif → /cluster/tufts/perseus_ocr/nidaba/OCR/bddeee97-1fbe-4ef4-8bf4-3cbe74adbf0b/00000089_img.rgb_to_gray_binarize.otsu_ocr.kraken_grc_teubner_postprocessing.spell_check_polytonic_greek_False.xml
00000005.tif → /cluster/tufts/perseus_ocr/nidaba/OCR/bddeee97-1fbe-4ef4-8bf4-3cbe74adbf0b/00000005_img.rgb_to_gray_binarize.otsu_ocr.kraken_grc_teubner_postprocessing.spell_check_polytonic_greek_False.xml
00000128.tif → /cluster/tufts/perseus_ocr/nidaba/OCR/bddeee97-1fbe-4ef4-8bf4-3cbe74adbf0b/00000128_img.rgb_to_gray_binarize.otsu_ocr.kraken_grc_teubner_postprocessing.spell_check_polytonic_greek_False.xml
00000132.tif → /cluster/tufts/perseus_ocr/nidaba/OCR/bddeee97-1fbe-4ef4-8bf4-3cbe74adbf0b/00000132_img.rgb_to_gray_binarize.otsu_ocr.kraken_grc_teubner_postprocessing.spell_check_polytonic_greek_False.xml
00000105.tif → /cluster/tufts/perseus_ocr/nidaba/OCR/bddeee97-1fbe-4ef4-8bf4-3cbe74adbf0b/00000105_img.rgb_to_gray_binarize.otsu_ocr.kraken_grc_teubner_postprocessing.spell_check_polytonic_greek_False.xml
00000103.tif → /cluster/tufts/perseus_ocr/nidaba/OCR/bddeee97-1fbe-4ef4-8bf4-3cbe74adbf0b/00000103_img.rgb_to_gray_binarize.otsu_ocr.kraken_grc_teubner_postprocessing.spell_check_polytonic_greek_False.xml
00000148.tif → /cluster/tufts/perseus_ocr/nidaba/OCR/bddeee97-1fbe-4ef4-8bf4-3cbe74adbf0b/00000148_img.rgb_to_gray_binarize.otsu_ocr.kraken_grc_teubner_postprocessing.spell_check_polytonic_greek_False.xml
00000043.tif → /cluster/tufts/perseus_ocr/nidaba/OCR/bddeee97-1fbe-4ef4-8bf4-3cbe74adbf0b/00000043_img.rgb_to_gray_binarize.otsu_ocr.kraken_grc_teubner_postprocessing.spell_check_polytonic_greek_False.xml
00000119.tif → /cluster/tufts/perseus_ocr/nidaba/OCR/bddeee97-1fbe-4ef4-8bf4-3cbe74adbf0b/00000119_img.rgb_to_gray_binarize.otsu_ocr.kraken_grc_teubner_postprocessing.spell_check_polytonic_greek_False.xml
00000063.tif → /cluster/tufts/perseus_ocr/nidaba/OCR/bddeee97-1fbe-4ef4-8bf4-3cbe74adbf0b/00000063_img.rgb_to_gray_binarize.otsu_ocr.kraken_grc_teubner_postprocessing.spell_check_polytonic_greek_False.xml
00000201.tif → /cluster/tufts/perseus_ocr/nidaba/OCR/bddeee97-1fbe-4ef4-8bf4-3cbe74adbf0b/00000201_img.rgb_to_gray_binarize.otsu_ocr.kraken_grc_teubner_postprocessing.spell_check_polytonic_greek_False.xml
00000019.tif → /cluster/tufts/perseus_ocr/nidaba/OCR/bddeee97-1fbe-4ef4-8bf4-3cbe74adbf0b/00000019_img.rgb_to_gray_binarize.otsu_ocr.kraken_grc_teubner_postprocessing.spell_check_polytonic_greek_False.xml
00000195.tif → /cluster/tufts/perseus_ocr/nidaba/OCR/bddeee97-1fbe-4ef4-8bf4-3cbe74adbf0b/00000195_img.rgb_to_gray_binarize.otsu_ocr.kraken_grc_teubner_postprocessing.spell_check_polytonic_greek_False.xml
00000241.tif → /cluster/tufts/perseus_ocr/nidaba/OCR/bddeee97-1fbe-4ef4-8bf4-3cbe74adbf0b/00000241_img.rgb_to_gray_binarize.otsu_ocr.kraken_grc_teubner_postprocessing.spell_check_polytonic_greek_False.xml
00000093.tif → /cluster/tufts/perseus_ocr/nidaba/OCR/bddeee97-1fbe-4ef4-8bf4-3cbe74adbf0b/00000093_img.rgb_to_gray_binarize.otsu_ocr.kraken_grc_teubner_postprocessing.spell_check_polytonic_greek_False.xml
00000228.tif → /cluster/tufts/perseus_ocr/nidaba/OCR/bddeee97-1fbe-4ef4-8bf4-3cbe74adbf0b/00000228_img.rgb_to_gray_binarize.otsu_ocr.kraken_grc_teubner_postprocessing.spell_check_polytonic_greek_False.xml
00000104.tif → /cluster/tufts/perseus_ocr/nidaba/OCR/bddeee97-1fbe-4ef4-8bf4-3cbe74adbf0b/00000104_img.rgb_to_gray_binarize.otsu_ocr.kraken_grc_teubner_postprocessing.spell_check_polytonic_greek_False.xml
00000020.tif → /cluster/tufts/perseus_ocr/nidaba/OCR/bddeee97-1fbe-4ef4-8bf4-3cbe74adbf0b/00000020_img.rgb_to_gray_binarize.otsu_ocr.kraken_grc_teubner_postprocessing.spell_check_polytonic_greek_False.xml
00000024.tif → /cluster/tufts/perseus_ocr/nidaba/OCR/bddeee97-1fbe-4ef4-8bf4-3cbe74adbf0b/00000024_img.rgb_to_gray_binarize.otsu_ocr.kraken_grc_teubner_postprocessing.spell_check_polytonic_greek_False.xml
00000149.tif → /cluster/tufts/perseus_ocr/nidaba/OCR/bddeee97-1fbe-4ef4-8bf4-3cbe74adbf0b/00000149_img.rgb_to_gray_binarize.otsu_ocr.kraken_grc_teubner_postprocessing.spell_check_polytonic_greek_False.xml
00000122.tif → /cluster/tufts/perseus_ocr/nidaba/OCR/bddeee97-1fbe-4ef4-8bf4-3cbe74adbf0b/00000122_img.rgb_to_gray_binarize.otsu_ocr.kraken_grc_teubner_postprocessing.spell_check_polytonic_greek_False.xml
00000059.tif → /cluster/tufts/perseus_ocr/nidaba/OCR/bddeee97-1fbe-4ef4-8bf4-3cbe74adbf0b/00000059_img.rgb_to_gray_binarize.otsu_ocr.kraken_grc_teubner_postprocessing.spell_check_polytonic_greek_False.xml
00000181.tif → /cluster/tufts/perseus_ocr/nidaba/OCR/bddeee97-1fbe-4ef4-8bf4-3cbe74adbf0b/00000181_img.rgb_to_gray_binarize.otsu_ocr.kraken_grc_teubner_postprocessing.spell_check_polytonic_greek_False.xml
00000114.tif → /cluster/tufts/perseus_ocr/nidaba/OCR/bddeee97-1fbe-4ef4-8bf4-3cbe74adbf0b/00000114_img.rgb_to_gray_binarize.otsu_ocr.kraken_grc_teubner_postprocessing.spell_check_polytonic_greek_False.xml
00000163.tif → /cluster/tufts/perseus_ocr/nidaba/OCR/bddeee97-1fbe-4ef4-8bf4-3cbe74adbf0b/00000163_img.rgb_to_gray_binarize.otsu_ocr.kraken_grc_teubner_postprocessing.spell_check_polytonic_greek_False.xml
00000153.tif → /cluster/tufts/perseus_ocr/nidaba/OCR/bddeee97-1fbe-4ef4-8bf4-3cbe74adbf0b/00000153_img.rgb_to_gray_binarize.otsu_ocr.kraken_grc_teubner_postprocessing.spell_check_polytonic_greek_False.xml
00000213.tif → /cluster/tufts/perseus_ocr/nidaba/OCR/bddeee97-1fbe-4ef4-8bf4-3cbe74adbf0b/00000213_img.rgb_to_gray_binarize.otsu_ocr.kraken_grc_teubner_postprocessing.spell_check_polytonic_greek_False.xml
00000036.tif → /cluster/tufts/perseus_ocr/nidaba/OCR/bddeee97-1fbe-4ef4-8bf4-3cbe74adbf0b/00000036_img.rgb_to_gray_binarize.otsu_ocr.kraken_grc_teubner_postprocessing.spell_check_polytonic_greek_False.xml
00000127.tif → /cluster/tufts/perseus_ocr/nidaba/OCR/bddeee97-1fbe-4ef4-8bf4-3cbe74adbf0b/00000127_img.rgb_to_gray_binarize.otsu_ocr.kraken_grc_teubner_postprocessing.spell_check_polytonic_greek_False.xml
00000052.tif → /cluster/tufts/perseus_ocr/nidaba/OCR/bddeee97-1fbe-4ef4-8bf4-3cbe74adbf0b/00000052_img.rgb_to_gray_binarize.otsu_ocr.kraken_grc_teubner_postprocessing.spell_check_polytonic_greek_False.xml
00000070.tif → /cluster/tufts/perseus_ocr/nidaba/OCR/bddeee97-1fbe-4ef4-8bf4-3cbe74adbf0b/00000070_img.rgb_to_gray_binarize.otsu_ocr.kraken_grc_teubner_postprocessing.spell_check_polytonic_greek_False.xml
00000102.tif → /cluster/tufts/perseus_ocr/nidaba/OCR/bddeee97-1fbe-4ef4-8bf4-3cbe74adbf0b/00000102_img.rgb_to_gray_binarize.otsu_ocr.kraken_grc_teubner_postprocessing.spell_check_polytonic_greek_False.xml
00000084.tif → /cluster/tufts/perseus_ocr/nidaba/OCR/bddeee97-1fbe-4ef4-8bf4-3cbe74adbf0b/00000084_img.rgb_to_gray_binarize.otsu_ocr.kraken_grc_teubner_postprocessing.spell_check_polytonic_greek_False.xml
00000185.tif → /cluster/tufts/perseus_ocr/nidaba/OCR/bddeee97-1fbe-4ef4-8bf4-3cbe74adbf0b/00000185_img.rgb_to_gray_binarize.otsu_ocr.kraken_grc_teubner_postprocessing.spell_check_polytonic_greek_False.xml
00000234.tif → /cluster/tufts/perseus_ocr/nidaba/OCR/bddeee97-1fbe-4ef4-8bf4-3cbe74adbf0b/00000234_img.rgb_to_gray_binarize.otsu_ocr.kraken_grc_teubner_postprocessing.spell_check_polytonic_greek_False.xml
00000152.tif → /cluster/tufts/perseus_ocr/nidaba/OCR/bddeee97-1fbe-4ef4-8bf4-3cbe74adbf0b/00000152_img.rgb_to_gray_binarize.otsu_ocr.kraken_grc_teubner_postprocessing.spell_check_polytonic_greek_False.xml
00000143.tif → /cluster/tufts/perseus_ocr/nidaba/OCR/bddeee97-1fbe-4ef4-8bf4-3cbe74adbf0b/00000143_img.rgb_to_gray_binarize.otsu_ocr.kraken_grc_teubner_postprocessing.spell_check_polytonic_greek_False.xml
00000025.tif → /cluster/tufts/perseus_ocr/nidaba/OCR/bddeee97-1fbe-4ef4-8bf4-3cbe74adbf0b/00000025_img.rgb_to_gray_binarize.otsu_ocr.kraken_grc_teubner_postprocessing.spell_check_polytonic_greek_False.xml
00000206.tif → /cluster/tufts/perseus_ocr/nidaba/OCR/bddeee97-1fbe-4ef4-8bf4-3cbe74adbf0b/00000206_img.rgb_to_gray_binarize.otsu_ocr.kraken_grc_teubner_postprocessing.spell_check_polytonic_greek_False.xml
00000067.tif → /cluster/tufts/perseus_ocr/nidaba/OCR/bddeee97-1fbe-4ef4-8bf4-3cbe74adbf0b/00000067_img.rgb_to_gray_binarize.otsu_ocr.kraken_grc_teubner_postprocessing.spell_check_polytonic_greek_False.xml
00000042.tif → /cluster/tufts/perseus_ocr/nidaba/OCR/bddeee97-1fbe-4ef4-8bf4-3cbe74adbf0b/00000042_img.rgb_to_gray_binarize.otsu_ocr.kraken_grc_teubner_postprocessing.spell_check_polytonic_greek_False.xml
00000033.tif → /cluster/tufts/perseus_ocr/nidaba/OCR/bddeee97-1fbe-4ef4-8bf4-3cbe74adbf0b/00000033_img.rgb_to_gray_binarize.otsu_ocr.kraken_grc_teubner_postprocessing.spell_check_polytonic_greek_False.xml
00000146.tif → /cluster/tufts/perseus_ocr/nidaba/OCR/bddeee97-1fbe-4ef4-8bf4-3cbe74adbf0b/00000146_img.rgb_to_gray_binarize.otsu_ocr.kraken_grc_teubner_postprocessing.spell_check_polytonic_greek_False.xml
00000219.tif → /cluster/tufts/perseus_ocr/nidaba/OCR/bddeee97-1fbe-4ef4-8bf4-3cbe74adbf0b/00000219_img.rgb_to_gray_binarize.otsu_ocr.kraken_grc_teubner_postprocessing.spell_check_polytonic_greek_False.xml
00000154.tif → /cluster/tufts/perseus_ocr/nidaba/OCR/bddeee97-1fbe-4ef4-8bf4-3cbe74adbf0b/00000154_img.rgb_to_gray_binarize.otsu_ocr.kraken_grc_teubner_postprocessing.spell_check_polytonic_greek_False.xml
00000057.tif → /cluster/tufts/perseus_ocr/nidaba/OCR/bddeee97-1fbe-4ef4-8bf4-3cbe74adbf0b/00000057_img.rgb_to_gray_binarize.otsu_ocr.kraken_grc_teubner_postprocessing.spell_check_polytonic_greek_False.xml
00000208.tif → /cluster/tufts/perseus_ocr/nidaba/OCR/bddeee97-1fbe-4ef4-8bf4-3cbe74adbf0b/00000208_img.rgb_to_gray_binarize.otsu_ocr.kraken_grc_teubner_postprocessing.spell_check_polytonic_greek_False.xml
00000248.tif → /cluster/tufts/perseus_ocr/nidaba/OCR/bddeee97-1fbe-4ef4-8bf4-3cbe74adbf0b/00000248_img.rgb_to_gray_binarize.otsu_ocr.kraken_grc_teubner_postprocessing.spell_check_polytonic_greek_False.xml
00000028.tif → /cluster/tufts/perseus_ocr/nidaba/OCR/bddeee97-1fbe-4ef4-8bf4-3cbe74adbf0b/00000028_img.rgb_to_gray_binarize.otsu_ocr.kraken_grc_teubner_postprocessing.spell_check_polytonic_greek_False.xml
00000233.tif → /cluster/tufts/perseus_ocr/nidaba/OCR/bddeee97-1fbe-4ef4-8bf4-3cbe74adbf0b/00000233_img.rgb_to_gray_binarize.otsu_ocr.kraken_grc_teubner_postprocessing.spell_check_polytonic_greek_False.xml
00000164.tif → /cluster/tufts/perseus_ocr/nidaba/OCR/bddeee97-1fbe-4ef4-8bf4-3cbe74adbf0b/00000164_img.rgb_to_gray_binarize.otsu_ocr.kraken_grc_teubner_postprocessing.spell_check_polytonic_greek_False.xml
00000150.tif → /cluster/tufts/perseus_ocr/nidaba/OCR/bddeee97-1fbe-4ef4-8bf4-3cbe74adbf0b/00000150_img.rgb_to_gray_binarize.otsu_ocr.kraken_grc_teubner_postprocessing.spell_check_polytonic_greek_False.xml
00000145.tif → /cluster/tufts/perseus_ocr/nidaba/OCR/bddeee97-1fbe-4ef4-8bf4-3cbe74adbf0b/00000145_img.rgb_to_gray_binarize.otsu_ocr.kraken_grc_teubner_postprocessing.spell_check_polytonic_greek_False.xml
00000115.tif → /cluster/tufts/perseus_ocr/nidaba/OCR/bddeee97-1fbe-4ef4-8bf4-3cbe74adbf0b/00000115_img.rgb_to_gray_binarize.otsu_ocr.kraken_grc_teubner_postprocessing.spell_check_polytonic_greek_False.xml
00000196.tif → /cluster/tufts/perseus_ocr/nidaba/OCR/bddeee97-1fbe-4ef4-8bf4-3cbe74adbf0b/00000196_img.rgb_to_gray_binarize.otsu_ocr.kraken_grc_teubner_postprocessing.spell_check_polytonic_greek_False.xml
00000054.tif → /cluster/tufts/perseus_ocr/nidaba/OCR/bddeee97-1fbe-4ef4-8bf4-3cbe74adbf0b/00000054_img.rgb_to_gray_binarize.otsu_ocr.kraken_grc_teubner_postprocessing.spell_check_polytonic_greek_False.xml
00000060.tif → /cluster/tufts/perseus_ocr/nidaba/OCR/bddeee97-1fbe-4ef4-8bf4-3cbe74adbf0b/00000060_img.rgb_to_gray_binarize.otsu_ocr.kraken_grc_teubner_postprocessing.spell_check_polytonic_greek_False.xml
00000220.tif → /cluster/tufts/perseus_ocr/nidaba/OCR/bddeee97-1fbe-4ef4-8bf4-3cbe74adbf0b/00000220_img.rgb_to_gray_binarize.otsu_ocr.kraken_grc_teubner_postprocessing.spell_check_polytonic_greek_False.xml
00000227.tif → /cluster/tufts/perseus_ocr/nidaba/OCR/bddeee97-1fbe-4ef4-8bf4-3cbe74adbf0b/00000227_img.rgb_to_gray_binarize.otsu_ocr.kraken_grc_teubner_postprocessing.spell_check_polytonic_greek_False.xml
00000010.tif → /cluster/tufts/perseus_ocr/nidaba/OCR/bddeee97-1fbe-4ef4-8bf4-3cbe74adbf0b/00000010_img.rgb_to_gray_binarize.otsu_ocr.kraken_grc_teubner_postprocessing.spell_check_polytonic_greek_False.xml
00000182.tif → /cluster/tufts/perseus_ocr/nidaba/OCR/bddeee97-1fbe-4ef4-8bf4-3cbe74adbf0b/00000182_img.rgb_to_gray_binarize.otsu_ocr.kraken_grc_teubner_postprocessing.spell_check_polytonic_greek_False.xml
00000125.tif → /cluster/tufts/perseus_ocr/nidaba/OCR/bddeee97-1fbe-4ef4-8bf4-3cbe74adbf0b/00000125_img.rgb_to_gray_binarize.otsu_ocr.kraken_grc_teubner_postprocessing.spell_check_polytonic_greek_False.xml
00000080.tif → /cluster/tufts/perseus_ocr/nidaba/OCR/bddeee97-1fbe-4ef4-8bf4-3cbe74adbf0b/00000080_img.rgb_to_gray_binarize.otsu_ocr.kraken_grc_teubner_postprocessing.spell_check_polytonic_greek_False.xml
00000023.tif → /cluster/tufts/perseus_ocr/nidaba/OCR/bddeee97-1fbe-4ef4-8bf4-3cbe74adbf0b/00000023_img.rgb_to_gray_binarize.otsu_ocr.kraken_grc_teubner_postprocessing.spell_check_polytonic_greek_False.xml
00000155.tif → /cluster/tufts/perseus_ocr/nidaba/OCR/bddeee97-1fbe-4ef4-8bf4-3cbe74adbf0b/00000155_img.rgb_to_gray_binarize.otsu_ocr.kraken_grc_teubner_postprocessing.spell_check_polytonic_greek_False.xml
00000221.tif → /cluster/tufts/perseus_ocr/nidaba/OCR/bddeee97-1fbe-4ef4-8bf4-3cbe74adbf0b/00000221_img.rgb_to_gray_binarize.otsu_ocr.kraken_grc_teubner_postprocessing.spell_check_polytonic_greek_False.xml
00000112.tif → /cluster/tufts/perseus_ocr/nidaba/OCR/bddeee97-1fbe-4ef4-8bf4-3cbe74adbf0b/00000112_img.rgb_to_gray_binarize.otsu_ocr.kraken_grc_teubner_postprocessing.spell_check_polytonic_greek_False.xml
00000077.tif → /cluster/tufts/perseus_ocr/nidaba/OCR/bddeee97-1fbe-4ef4-8bf4-3cbe74adbf0b/00000077_img.rgb_to_gray_binarize.otsu_ocr.kraken_grc_teubner_postprocessing.spell_check_polytonic_greek_False.xml
00000218.tif → /cluster/tufts/perseus_ocr/nidaba/OCR/bddeee97-1fbe-4ef4-8bf4-3cbe74adbf0b/00000218_img.rgb_to_gray_binarize.otsu_ocr.kraken_grc_teubner_postprocessing.spell_check_polytonic_greek_False.xml
00000082.tif → /cluster/tufts/perseus_ocr/nidaba/OCR/bddeee97-1fbe-4ef4-8bf4-3cbe74adbf0b/00000082_img.rgb_to_gray_binarize.otsu_ocr.kraken_grc_teubner_postprocessing.spell_check_polytonic_greek_False.xml
00000081.tif → /cluster/tufts/perseus_ocr/nidaba/OCR/bddeee97-1fbe-4ef4-8bf4-3cbe74adbf0b/00000081_img.rgb_to_gray_binarize.otsu_ocr.kraken_grc_teubner_postprocessing.spell_check_polytonic_greek_False.xml
00000094.tif → /cluster/tufts/perseus_ocr/nidaba/OCR/bddeee97-1fbe-4ef4-8bf4-3cbe74adbf0b/00000094_img.rgb_to_gray_binarize.otsu_ocr.kraken_grc_teubner_postprocessing.spell_check_polytonic_greek_False.xml
00000178.tif → /cluster/tufts/perseus_ocr/nidaba/OCR/bddeee97-1fbe-4ef4-8bf4-3cbe74adbf0b/00000178_img.rgb_to_gray_binarize.otsu_ocr.kraken_grc_teubner_postprocessing.spell_check_polytonic_greek_False.xml
00000137.tif → /cluster/tufts/perseus_ocr/nidaba/OCR/bddeee97-1fbe-4ef4-8bf4-3cbe74adbf0b/00000137_img.rgb_to_gray_binarize.otsu_ocr.kraken_grc_teubner_postprocessing.spell_check_polytonic_greek_False.xml
00000034.tif → /cluster/tufts/perseus_ocr/nidaba/OCR/bddeee97-1fbe-4ef4-8bf4-3cbe74adbf0b/00000034_img.rgb_to_gray_binarize.otsu_ocr.kraken_grc_teubner_postprocessing.spell_check_polytonic_greek_False.xml
00000058.tif → /cluster/tufts/perseus_ocr/nidaba/OCR/bddeee97-1fbe-4ef4-8bf4-3cbe74adbf0b/00000058_img.rgb_to_gray_binarize.otsu_ocr.kraken_grc_teubner_postprocessing.spell_check_polytonic_greek_False.xml
00000176.tif → /cluster/tufts/perseus_ocr/nidaba/OCR/bddeee97-1fbe-4ef4-8bf4-3cbe74adbf0b/00000176_img.rgb_to_gray_binarize.otsu_ocr.kraken_grc_teubner_postprocessing.spell_check_polytonic_greek_False.xml
00000133.tif → /cluster/tufts/perseus_ocr/nidaba/OCR/bddeee97-1fbe-4ef4-8bf4-3cbe74adbf0b/00000133_img.rgb_to_gray_binarize.otsu_ocr.kraken_grc_teubner_postprocessing.spell_check_polytonic_greek_False.xml
00000216.tif → /cluster/tufts/perseus_ocr/nidaba/OCR/bddeee97-1fbe-4ef4-8bf4-3cbe74adbf0b/00000216_img.rgb_to_gray_binarize.otsu_ocr.kraken_grc_teubner_postprocessing.spell_check_polytonic_greek_False.xml
00000087.tif → /cluster/tufts/perseus_ocr/nidaba/OCR/bddeee97-1fbe-4ef4-8bf4-3cbe74adbf0b/00000087_img.rgb_to_gray_binarize.otsu_ocr.kraken_grc_teubner_postprocessing.spell_check_polytonic_greek_False.xml
00000085.tif → /cluster/tufts/perseus_ocr/nidaba/OCR/bddeee97-1fbe-4ef4-8bf4-3cbe74adbf0b/00000085_img.rgb_to_gray_binarize.otsu_ocr.kraken_grc_teubner_postprocessing.spell_check_polytonic_greek_False.xml
00000226.tif → /cluster/tufts/perseus_ocr/nidaba/OCR/bddeee97-1fbe-4ef4-8bf4-3cbe74adbf0b/00000226_img.rgb_to_gray_binarize.otsu_ocr.kraken_grc_teubner_postprocessing.spell_check_polytonic_greek_False.xml
00000135.tif → /cluster/tufts/perseus_ocr/nidaba/OCR/bddeee97-1fbe-4ef4-8bf4-3cbe74adbf0b/00000135_img.rgb_to_gray_binarize.otsu_ocr.kraken_grc_teubner_postprocessing.spell_check_polytonic_greek_False.xml
00000064.tif → /cluster/tufts/perseus_ocr/nidaba/OCR/bddeee97-1fbe-4ef4-8bf4-3cbe74adbf0b/00000064_img.rgb_to_gray_binarize.otsu_ocr.kraken_grc_teubner_postprocessing.spell_check_polytonic_greek_False.xml
00000167.tif → /cluster/tufts/perseus_ocr/nidaba/OCR/bddeee97-1fbe-4ef4-8bf4-3cbe74adbf0b/00000167_img.rgb_to_gray_binarize.otsu_ocr.kraken_grc_teubner_postprocessing.spell_check_polytonic_greek_False.xml
00000035.tif → /cluster/tufts/perseus_ocr/nidaba/OCR/bddeee97-1fbe-4ef4-8bf4-3cbe74adbf0b/00000035_img.rgb_to_gray_binarize.otsu_ocr.kraken_grc_teubner_postprocessing.spell_check_polytonic_greek_False.xml
00000009.tif → /cluster/tufts/perseus_ocr/nidaba/OCR/bddeee97-1fbe-4ef4-8bf4-3cbe74adbf0b/00000009_img.rgb_to_gray_binarize.otsu_ocr.kraken_grc_teubner_postprocessing.spell_check_polytonic_greek_False.xml
00000243.tif → /cluster/tufts/perseus_ocr/nidaba/OCR/bddeee97-1fbe-4ef4-8bf4-3cbe74adbf0b/00000243_img.rgb_to_gray_binarize.otsu_ocr.kraken_grc_teubner_postprocessing.spell_check_polytonic_greek_False.xml
00000203.tif → /cluster/tufts/perseus_ocr/nidaba/OCR/bddeee97-1fbe-4ef4-8bf4-3cbe74adbf0b/00000203_img.rgb_to_gray_binarize.otsu_ocr.kraken_grc_teubner_postprocessing.spell_check_polytonic_greek_False.xml
00000026.tif → /cluster/tufts/perseus_ocr/nidaba/OCR/bddeee97-1fbe-4ef4-8bf4-3cbe74adbf0b/00000026_img.rgb_to_gray_binarize.otsu_ocr.kraken_grc_teubner_postprocessing.spell_check_polytonic_greek_False.xml
00000038.tif → /cluster/tufts/perseus_ocr/nidaba/OCR/bddeee97-1fbe-4ef4-8bf4-3cbe74adbf0b/00000038_img.rgb_to_gray_binarize.otsu_ocr.kraken_grc_teubner_postprocessing.spell_check_polytonic_greek_False.xml
00000037.tif → /cluster/tufts/perseus_ocr/nidaba/OCR/bddeee97-1fbe-4ef4-8bf4-3cbe74adbf0b/00000037_img.rgb_to_gray_binarize.otsu_ocr.kraken_grc_teubner_postprocessing.spell_check_polytonic_greek_False.xml
00000205.tif → /cluster/tufts/perseus_ocr/nidaba/OCR/bddeee97-1fbe-4ef4-8bf4-3cbe74adbf0b/00000205_img.rgb_to_gray_binarize.otsu_ocr.kraken_grc_teubner_postprocessing.spell_check_polytonic_greek_False.xml
00000168.tif → /cluster/tufts/perseus_ocr/nidaba/OCR/bddeee97-1fbe-4ef4-8bf4-3cbe74adbf0b/00000168_img.rgb_to_gray_binarize.otsu_ocr.kraken_grc_teubner_postprocessing.spell_check_polytonic_greek_False.xml
00000045.tif → /cluster/tufts/perseus_ocr/nidaba/OCR/bddeee97-1fbe-4ef4-8bf4-3cbe74adbf0b/00000045_img.rgb_to_gray_binarize.otsu_ocr.kraken_grc_teubner_postprocessing.spell_check_polytonic_greek_False.xml
00000062.tif → /cluster/tufts/perseus_ocr/nidaba/OCR/bddeee97-1fbe-4ef4-8bf4-3cbe74adbf0b/00000062_img.rgb_to_gray_binarize.otsu_ocr.kraken_grc_teubner_postprocessing.spell_check_polytonic_greek_False.xml
00000095.tif → /cluster/tufts/perseus_ocr/nidaba/OCR/bddeee97-1fbe-4ef4-8bf4-3cbe74adbf0b/00000095_img.rgb_to_gray_binarize.otsu_ocr.kraken_grc_teubner_postprocessing.spell_check_polytonic_greek_False.xml
00000156.tif → /cluster/tufts/perseus_ocr/nidaba/OCR/bddeee97-1fbe-4ef4-8bf4-3cbe74adbf0b/00000156_img.rgb_to_gray_binarize.otsu_ocr.kraken_grc_teubner_postprocessing.spell_check_polytonic_greek_False.xml
00000076.tif → /cluster/tufts/perseus_ocr/nidaba/OCR/bddeee97-1fbe-4ef4-8bf4-3cbe74adbf0b/00000076_img.rgb_to_gray_binarize.otsu_ocr.kraken_grc_teubner_postprocessing.spell_check_polytonic_greek_False.xml
00000079.tif → /cluster/tufts/perseus_ocr/nidaba/OCR/bddeee97-1fbe-4ef4-8bf4-3cbe74adbf0b/00000079_img.rgb_to_gray_binarize.otsu_ocr.kraken_grc_teubner_postprocessing.spell_check_polytonic_greek_False.xml
00000165.tif → /cluster/tufts/perseus_ocr/nidaba/OCR/bddeee97-1fbe-4ef4-8bf4-3cbe74adbf0b/00000165_img.rgb_to_gray_binarize.otsu_ocr.kraken_grc_teubner_postprocessing.spell_check_polytonic_greek_False.xml
00000190.tif → /cluster/tufts/perseus_ocr/nidaba/OCR/bddeee97-1fbe-4ef4-8bf4-3cbe74adbf0b/00000190_img.rgb_to_gray_binarize.otsu_ocr.kraken_grc_teubner_postprocessing.spell_check_polytonic_greek_False.xml
00000098.tif → /cluster/tufts/perseus_ocr/nidaba/OCR/bddeee97-1fbe-4ef4-8bf4-3cbe74adbf0b/00000098_img.rgb_to_gray_binarize.otsu_ocr.kraken_grc_teubner_postprocessing.spell_check_polytonic_greek_False.xml
00000166.tif → /cluster/tufts/perseus_ocr/nidaba/OCR/bddeee97-1fbe-4ef4-8bf4-3cbe74adbf0b/00000166_img.rgb_to_gray_binarize.otsu_ocr.kraken_grc_teubner_postprocessing.spell_check_polytonic_greek_False.xml
00000236.tif → /cluster/tufts/perseus_ocr/nidaba/OCR/bddeee97-1fbe-4ef4-8bf4-3cbe74adbf0b/00000236_img.rgb_to_gray_binarize.otsu_ocr.kraken_grc_teubner_postprocessing.spell_check_polytonic_greek_False.xml
00000097.tif → /cluster/tufts/perseus_ocr/nidaba/OCR/bddeee97-1fbe-4ef4-8bf4-3cbe74adbf0b/00000097_img.rgb_to_gray_binarize.otsu_ocr.kraken_grc_teubner_postprocessing.spell_check_polytonic_greek_False.xml
00000202.tif → /cluster/tufts/perseus_ocr/nidaba/OCR/bddeee97-1fbe-4ef4-8bf4-3cbe74adbf0b/00000202_img.rgb_to_gray_binarize.otsu_ocr.kraken_grc_teubner_postprocessing.spell_check_polytonic_greek_False.xml
00000141.tif → /cluster/tufts/perseus_ocr/nidaba/OCR/bddeee97-1fbe-4ef4-8bf4-3cbe74adbf0b/00000141_img.rgb_to_gray_binarize.otsu_ocr.kraken_grc_teubner_postprocessing.spell_check_polytonic_greek_False.xml
00000116.tif → /cluster/tufts/perseus_ocr/nidaba/OCR/bddeee97-1fbe-4ef4-8bf4-3cbe74adbf0b/00000116_img.rgb_to_gray_binarize.otsu_ocr.kraken_grc_teubner_postprocessing.spell_check_polytonic_greek_False.xml
00000172.tif → /cluster/tufts/perseus_ocr/nidaba/OCR/bddeee97-1fbe-4ef4-8bf4-3cbe74adbf0b/00000172_img.rgb_to_gray_binarize.otsu_ocr.kraken_grc_teubner_postprocessing.spell_check_polytonic_greek_False.xml
00000130.tif → /cluster/tufts/perseus_ocr/nidaba/OCR/bddeee97-1fbe-4ef4-8bf4-3cbe74adbf0b/00000130_img.rgb_to_gray_binarize.otsu_ocr.kraken_grc_teubner_postprocessing.spell_check_polytonic_greek_False.xml
00000049.tif → /cluster/tufts/perseus_ocr/nidaba/OCR/bddeee97-1fbe-4ef4-8bf4-3cbe74adbf0b/00000049_img.rgb_to_gray_binarize.otsu_ocr.kraken_grc_teubner_postprocessing.spell_check_polytonic_greek_False.xml
00000131.tif → /cluster/tufts/perseus_ocr/nidaba/OCR/bddeee97-1fbe-4ef4-8bf4-3cbe74adbf0b/00000131_img.rgb_to_gray_binarize.otsu_ocr.kraken_grc_teubner_postprocessing.spell_check_polytonic_greek_False.xml
00000065.tif → /cluster/tufts/perseus_ocr/nidaba/OCR/bddeee97-1fbe-4ef4-8bf4-3cbe74adbf0b/00000065_img.rgb_to_gray_binarize.otsu_ocr.kraken_grc_teubner_postprocessing.spell_check_polytonic_greek_False.xml
00000134.tif → /cluster/tufts/perseus_ocr/nidaba/OCR/bddeee97-1fbe-4ef4-8bf4-3cbe74adbf0b/00000134_img.rgb_to_gray_binarize.otsu_ocr.kraken_grc_teubner_postprocessing.spell_check_polytonic_greek_False.xml
00000223.tif → /cluster/tufts/perseus_ocr/nidaba/OCR/bddeee97-1fbe-4ef4-8bf4-3cbe74adbf0b/00000223_img.rgb_to_gray_binarize.otsu_ocr.kraken_grc_teubner_postprocessing.spell_check_polytonic_greek_False.xml
00000011.tif → /cluster/tufts/perseus_ocr/nidaba/OCR/bddeee97-1fbe-4ef4-8bf4-3cbe74adbf0b/00000011_img.rgb_to_gray_binarize.otsu_ocr.kraken_grc_teubner_postprocessing.spell_check_polytonic_greek_False.xml
00000198.tif → /cluster/tufts/perseus_ocr/nidaba/OCR/bddeee97-1fbe-4ef4-8bf4-3cbe74adbf0b/00000198_img.rgb_to_gray_binarize.otsu_ocr.kraken_grc_teubner_postprocessing.spell_check_polytonic_greek_False.xml
00000160.tif → /cluster/tufts/perseus_ocr/nidaba/OCR/bddeee97-1fbe-4ef4-8bf4-3cbe74adbf0b/00000160_img.rgb_to_gray_binarize.otsu_ocr.kraken_grc_teubner_postprocessing.spell_check_polytonic_greek_False.xml
00000179.tif → /cluster/tufts/perseus_ocr/nidaba/OCR/bddeee97-1fbe-4ef4-8bf4-3cbe74adbf0b/00000179_img.rgb_to_gray_binarize.otsu_ocr.kraken_grc_teubner_postprocessing.spell_check_polytonic_greek_False.xml
00000144.tif → /cluster/tufts/perseus_ocr/nidaba/OCR/bddeee97-1fbe-4ef4-8bf4-3cbe74adbf0b/00000144_img.rgb_to_gray_binarize.otsu_ocr.kraken_grc_teubner_postprocessing.spell_check_polytonic_greek_False.xml
00000204.tif → /cluster/tufts/perseus_ocr/nidaba/OCR/bddeee97-1fbe-4ef4-8bf4-3cbe74adbf0b/00000204_img.rgb_to_gray_binarize.otsu_ocr.kraken_grc_teubner_postprocessing.spell_check_polytonic_greek_False.xml
00000242.tif → /cluster/tufts/perseus_ocr/nidaba/OCR/bddeee97-1fbe-4ef4-8bf4-3cbe74adbf0b/00000242_img.rgb_to_gray_binarize.otsu_ocr.kraken_grc_teubner_postprocessing.spell_check_polytonic_greek_False.xml
00000018.tif → /cluster/tufts/perseus_ocr/nidaba/OCR/bddeee97-1fbe-4ef4-8bf4-3cbe74adbf0b/00000018_img.rgb_to_gray_binarize.otsu_ocr.kraken_grc_teubner_postprocessing.spell_check_polytonic_greek_False.xml
00000231.tif → /cluster/tufts/perseus_ocr/nidaba/OCR/bddeee97-1fbe-4ef4-8bf4-3cbe74adbf0b/00000231_img.rgb_to_gray_binarize.otsu_ocr.kraken_grc_teubner_postprocessing.spell_check_polytonic_greek_False.xml
00000021.tif → /cluster/tufts/perseus_ocr/nidaba/OCR/bddeee97-1fbe-4ef4-8bf4-3cbe74adbf0b/00000021_img.rgb_to_gray_binarize.otsu_ocr.kraken_grc_teubner_postprocessing.spell_check_polytonic_greek_False.xml
00000118.tif → /cluster/tufts/perseus_ocr/nidaba/OCR/bddeee97-1fbe-4ef4-8bf4-3cbe74adbf0b/00000118_img.rgb_to_gray_binarize.otsu_ocr.kraken_grc_teubner_postprocessing.spell_check_polytonic_greek_False.xml
00000183.tif → /cluster/tufts/perseus_ocr/nidaba/OCR/bddeee97-1fbe-4ef4-8bf4-3cbe74adbf0b/00000183_img.rgb_to_gray_binarize.otsu_ocr.kraken_grc_teubner_postprocessing.spell_check_polytonic_greek_False.xml
00000224.tif → /cluster/tufts/perseus_ocr/nidaba/OCR/bddeee97-1fbe-4ef4-8bf4-3cbe74adbf0b/00000224_img.rgb_to_gray_binarize.otsu_ocr.kraken_grc_teubner_postprocessing.spell_check_polytonic_greek_False.xml
00000229.tif → /cluster/tufts/perseus_ocr/nidaba/OCR/bddeee97-1fbe-4ef4-8bf4-3cbe74adbf0b/00000229_img.rgb_to_gray_binarize.otsu_ocr.kraken_grc_teubner_postprocessing.spell_check_polytonic_greek_False.xml
00000174.tif → /cluster/tufts/perseus_ocr/nidaba/OCR/bddeee97-1fbe-4ef4-8bf4-3cbe74adbf0b/00000174_img.rgb_to_gray_binarize.otsu_ocr.kraken_grc_teubner_postprocessing.spell_check_polytonic_greek_False.xml
00000003.tif → /cluster/tufts/perseus_ocr/nidaba/OCR/bddeee97-1fbe-4ef4-8bf4-3cbe74adbf0b/00000003_img.rgb_to_gray_binarize.otsu_ocr.kraken_grc_teubner_postprocessing.spell_check_polytonic_greek_False.xml
00000170.tif → /cluster/tufts/perseus_ocr/nidaba/OCR/bddeee97-1fbe-4ef4-8bf4-3cbe74adbf0b/00000170_img.rgb_to_gray_binarize.otsu_ocr.kraken_grc_teubner_postprocessing.spell_check_polytonic_greek_False.xml
00000055.tif → /cluster/tufts/perseus_ocr/nidaba/OCR/bddeee97-1fbe-4ef4-8bf4-3cbe74adbf0b/00000055_img.rgb_to_gray_binarize.otsu_ocr.kraken_grc_teubner_postprocessing.spell_check_polytonic_greek_False.xml
00000072.tif → /cluster/tufts/perseus_ocr/nidaba/OCR/bddeee97-1fbe-4ef4-8bf4-3cbe74adbf0b/00000072_img.rgb_to_gray_binarize.otsu_ocr.kraken_grc_teubner_postprocessing.spell_check_polytonic_greek_False.xml
00000108.tif → /cluster/tufts/perseus_ocr/nidaba/OCR/bddeee97-1fbe-4ef4-8bf4-3cbe74adbf0b/00000108_img.rgb_to_gray_binarize.otsu_ocr.kraken_grc_teubner_postprocessing.spell_check_polytonic_greek_False.xml
00000107.tif → /cluster/tufts/perseus_ocr/nidaba/OCR/bddeee97-1fbe-4ef4-8bf4-3cbe74adbf0b/00000107_img.rgb_to_gray_binarize.otsu_ocr.kraken_grc_teubner_postprocessing.spell_check_polytonic_greek_False.xml
00000191.tif → /cluster/tufts/perseus_ocr/nidaba/OCR/bddeee97-1fbe-4ef4-8bf4-3cbe74adbf0b/00000191_img.rgb_to_gray_binarize.otsu_ocr.kraken_grc_teubner_postprocessing.spell_check_polytonic_greek_False.xml
00000124.tif → /cluster/tufts/perseus_ocr/nidaba/OCR/bddeee97-1fbe-4ef4-8bf4-3cbe74adbf0b/00000124_img.rgb_to_gray_binarize.otsu_ocr.kraken_grc_teubner_postprocessing.spell_check_polytonic_greek_False.xml
00000245.tif → /cluster/tufts/perseus_ocr/nidaba/OCR/bddeee97-1fbe-4ef4-8bf4-3cbe74adbf0b/00000245_img.rgb_to_gray_binarize.otsu_ocr.kraken_grc_teubner_postprocessing.spell_check_polytonic_greek_False.xml
00000209.tif → /cluster/tufts/perseus_ocr/nidaba/OCR/bddeee97-1fbe-4ef4-8bf4-3cbe74adbf0b/00000209_img.rgb_to_gray_binarize.otsu_ocr.kraken_grc_teubner_postprocessing.spell_check_polytonic_greek_False.xml
00000194.tif → /cluster/tufts/perseus_ocr/nidaba/OCR/bddeee97-1fbe-4ef4-8bf4-3cbe74adbf0b/00000194_img.rgb_to_gray_binarize.otsu_ocr.kraken_grc_teubner_postprocessing.spell_check_polytonic_greek_False.xml
00000192.tif → /cluster/tufts/perseus_ocr/nidaba/OCR/bddeee97-1fbe-4ef4-8bf4-3cbe74adbf0b/00000192_img.rgb_to_gray_binarize.otsu_ocr.kraken_grc_teubner_postprocessing.spell_check_polytonic_greek_False.xml
00000032.tif → /cluster/tufts/perseus_ocr/nidaba/OCR/bddeee97-1fbe-4ef4-8bf4-3cbe74adbf0b/00000032_img.rgb_to_gray_binarize.otsu_ocr.kraken_grc_teubner_postprocessing.spell_check_polytonic_greek_False.xml
00000051.tif → /cluster/tufts/perseus_ocr/nidaba/OCR/bddeee97-1fbe-4ef4-8bf4-3cbe74adbf0b/00000051_img.rgb_to_gray_binarize.otsu_ocr.kraken_grc_teubner_postprocessing.spell_check_polytonic_greek_False.xml
00000211.tif → /cluster/tufts/perseus_ocr/nidaba/OCR/bddeee97-1fbe-4ef4-8bf4-3cbe74adbf0b/00000211_img.rgb_to_gray_binarize.otsu_ocr.kraken_grc_teubner_postprocessing.spell_check_polytonic_greek_False.xml
00000180.tif → /cluster/tufts/perseus_ocr/nidaba/OCR/bddeee97-1fbe-4ef4-8bf4-3cbe74adbf0b/00000180_img.rgb_to_gray_binarize.otsu_ocr.kraken_grc_teubner_postprocessing.spell_check_polytonic_greek_False.xml
00000075.tif → /cluster/tufts/perseus_ocr/nidaba/OCR/bddeee97-1fbe-4ef4-8bf4-3cbe74adbf0b/00000075_img.rgb_to_gray_binarize.otsu_ocr.kraken_grc_teubner_postprocessing.spell_check_polytonic_greek_False.xml

Errors:

nidaba.ocr.kraken (00000157.tif): float division by zero
nidaba.ocr.kraken (00000175.tif): float division by zero
nidaba.ocr.kraken (00000189.tif): float division by zero
nidaba.ocr.kraken (00000187.tif): float division by zero
nidaba.ocr.kraken (00000173.tif): float division by zero
nidaba.ocr.kraken (00000159.tif): 
nidaba.ocr.kraken (00000096.tif): float division by zero
nidaba.ocr.kraken (00000161.tif): float division by zero
