Status: FAILURE

2316/2330 tasks completed. 0 running.

Output files:

00000097.tif → /cluster/tufts/perseus_ocr/nidaba/OCR/bce653aa-cb26-435b-96d2-715cb6ac6009/00000097_img.rgb_to_gray_binarize.otsu_ocr.kraken_grc_teubner_postprocessing.spell_check_polytonic_greek_False.xml
00000359.tif → /cluster/tufts/perseus_ocr/nidaba/OCR/bce653aa-cb26-435b-96d2-715cb6ac6009/00000359_img.rgb_to_gray_binarize.otsu_ocr.kraken_grc_teubner_postprocessing.spell_check_polytonic_greek_False.xml
00000355.tif → /cluster/tufts/perseus_ocr/nidaba/OCR/bce653aa-cb26-435b-96d2-715cb6ac6009/00000355_img.rgb_to_gray_binarize.otsu_ocr.kraken_grc_teubner_postprocessing.spell_check_polytonic_greek_False.xml
00000424.tif → /cluster/tufts/perseus_ocr/nidaba/OCR/bce653aa-cb26-435b-96d2-715cb6ac6009/00000424_img.rgb_to_gray_binarize.otsu_ocr.kraken_grc_teubner_postprocessing.spell_check_polytonic_greek_False.xml
00000060.tif → /cluster/tufts/perseus_ocr/nidaba/OCR/bce653aa-cb26-435b-96d2-715cb6ac6009/00000060_img.rgb_to_gray_binarize.otsu_ocr.kraken_grc_teubner_postprocessing.spell_check_polytonic_greek_False.xml
00000118.tif → /cluster/tufts/perseus_ocr/nidaba/OCR/bce653aa-cb26-435b-96d2-715cb6ac6009/00000118_img.rgb_to_gray_binarize.otsu_ocr.kraken_grc_teubner_postprocessing.spell_check_polytonic_greek_False.xml
00000387.tif → /cluster/tufts/perseus_ocr/nidaba/OCR/bce653aa-cb26-435b-96d2-715cb6ac6009/00000387_img.rgb_to_gray_binarize.otsu_ocr.kraken_grc_teubner_postprocessing.spell_check_polytonic_greek_False.xml
00000054.tif → /cluster/tufts/perseus_ocr/nidaba/OCR/bce653aa-cb26-435b-96d2-715cb6ac6009/00000054_img.rgb_to_gray_binarize.otsu_ocr.kraken_grc_teubner_postprocessing.spell_check_polytonic_greek_False.xml
00000036.tif → /cluster/tufts/perseus_ocr/nidaba/OCR/bce653aa-cb26-435b-96d2-715cb6ac6009/00000036_img.rgb_to_gray_binarize.otsu_ocr.kraken_grc_teubner_postprocessing.spell_check_polytonic_greek_False.xml
00000220.tif → /cluster/tufts/perseus_ocr/nidaba/OCR/bce653aa-cb26-435b-96d2-715cb6ac6009/00000220_img.rgb_to_gray_binarize.otsu_ocr.kraken_grc_teubner_postprocessing.spell_check_polytonic_greek_False.xml
00000065.tif → /cluster/tufts/perseus_ocr/nidaba/OCR/bce653aa-cb26-435b-96d2-715cb6ac6009/00000065_img.rgb_to_gray_binarize.otsu_ocr.kraken_grc_teubner_postprocessing.spell_check_polytonic_greek_False.xml
00000419.tif → /cluster/tufts/perseus_ocr/nidaba/OCR/bce653aa-cb26-435b-96d2-715cb6ac6009/00000419_img.rgb_to_gray_binarize.otsu_ocr.kraken_grc_teubner_postprocessing.spell_check_polytonic_greek_False.xml
00000422.tif → /cluster/tufts/perseus_ocr/nidaba/OCR/bce653aa-cb26-435b-96d2-715cb6ac6009/00000422_img.rgb_to_gray_binarize.otsu_ocr.kraken_grc_teubner_postprocessing.spell_check_polytonic_greek_False.xml
00000190.tif → /cluster/tufts/perseus_ocr/nidaba/OCR/bce653aa-cb26-435b-96d2-715cb6ac6009/00000190_img.rgb_to_gray_binarize.otsu_ocr.kraken_grc_teubner_postprocessing.spell_check_polytonic_greek_False.xml
00000377.tif → /cluster/tufts/perseus_ocr/nidaba/OCR/bce653aa-cb26-435b-96d2-715cb6ac6009/00000377_img.rgb_to_gray_binarize.otsu_ocr.kraken_grc_teubner_postprocessing.spell_check_polytonic_greek_False.xml
00000093.tif → /cluster/tufts/perseus_ocr/nidaba/OCR/bce653aa-cb26-435b-96d2-715cb6ac6009/00000093_img.rgb_to_gray_binarize.otsu_ocr.kraken_grc_teubner_postprocessing.spell_check_polytonic_greek_False.xml
00000012.tif → /cluster/tufts/perseus_ocr/nidaba/OCR/bce653aa-cb26-435b-96d2-715cb6ac6009/00000012_img.rgb_to_gray_binarize.otsu_ocr.kraken_grc_teubner_postprocessing.spell_check_polytonic_greek_False.xml
00000207.tif → /cluster/tufts/perseus_ocr/nidaba/OCR/bce653aa-cb26-435b-96d2-715cb6ac6009/00000207_img.rgb_to_gray_binarize.otsu_ocr.kraken_grc_teubner_postprocessing.spell_check_polytonic_greek_False.xml
00000050.tif → /cluster/tufts/perseus_ocr/nidaba/OCR/bce653aa-cb26-435b-96d2-715cb6ac6009/00000050_img.rgb_to_gray_binarize.otsu_ocr.kraken_grc_teubner_postprocessing.spell_check_polytonic_greek_False.xml
00000381.tif → /cluster/tufts/perseus_ocr/nidaba/OCR/bce653aa-cb26-435b-96d2-715cb6ac6009/00000381_img.rgb_to_gray_binarize.otsu_ocr.kraken_grc_teubner_postprocessing.spell_check_polytonic_greek_False.xml
00000015.tif → /cluster/tufts/perseus_ocr/nidaba/OCR/bce653aa-cb26-435b-96d2-715cb6ac6009/00000015_img.rgb_to_gray_binarize.otsu_ocr.kraken_grc_teubner_postprocessing.spell_check_polytonic_greek_False.xml
00000330.tif → /cluster/tufts/perseus_ocr/nidaba/OCR/bce653aa-cb26-435b-96d2-715cb6ac6009/00000330_img.rgb_to_gray_binarize.otsu_ocr.kraken_grc_teubner_postprocessing.spell_check_polytonic_greek_False.xml
00000014.tif → /cluster/tufts/perseus_ocr/nidaba/OCR/bce653aa-cb26-435b-96d2-715cb6ac6009/00000014_img.rgb_to_gray_binarize.otsu_ocr.kraken_grc_teubner_postprocessing.spell_check_polytonic_greek_False.xml
00000139.tif → /cluster/tufts/perseus_ocr/nidaba/OCR/bce653aa-cb26-435b-96d2-715cb6ac6009/00000139_img.rgb_to_gray_binarize.otsu_ocr.kraken_grc_teubner_postprocessing.spell_check_polytonic_greek_False.xml
00000441.tif → /cluster/tufts/perseus_ocr/nidaba/OCR/bce653aa-cb26-435b-96d2-715cb6ac6009/00000441_img.rgb_to_gray_binarize.otsu_ocr.kraken_grc_teubner_postprocessing.spell_check_polytonic_greek_False.xml
00000465.tif → /cluster/tufts/perseus_ocr/nidaba/OCR/bce653aa-cb26-435b-96d2-715cb6ac6009/00000465_img.rgb_to_gray_binarize.otsu_ocr.kraken_grc_teubner_postprocessing.spell_check_polytonic_greek_False.xml
00000001.tif → /cluster/tufts/perseus_ocr/nidaba/OCR/bce653aa-cb26-435b-96d2-715cb6ac6009/00000001_img.rgb_to_gray_binarize.otsu_ocr.kraken_grc_teubner_postprocessing.spell_check_polytonic_greek_False.xml
00000282.tif → /cluster/tufts/perseus_ocr/nidaba/OCR/bce653aa-cb26-435b-96d2-715cb6ac6009/00000282_img.rgb_to_gray_binarize.otsu_ocr.kraken_grc_teubner_postprocessing.spell_check_polytonic_greek_False.xml
00000427.tif → /cluster/tufts/perseus_ocr/nidaba/OCR/bce653aa-cb26-435b-96d2-715cb6ac6009/00000427_img.rgb_to_gray_binarize.otsu_ocr.kraken_grc_teubner_postprocessing.spell_check_polytonic_greek_False.xml
00000458.tif → /cluster/tufts/perseus_ocr/nidaba/OCR/bce653aa-cb26-435b-96d2-715cb6ac6009/00000458_img.rgb_to_gray_binarize.otsu_ocr.kraken_grc_teubner_postprocessing.spell_check_polytonic_greek_False.xml
00000456.tif → /cluster/tufts/perseus_ocr/nidaba/OCR/bce653aa-cb26-435b-96d2-715cb6ac6009/00000456_img.rgb_to_gray_binarize.otsu_ocr.kraken_grc_teubner_postprocessing.spell_check_polytonic_greek_False.xml
00000311.tif → /cluster/tufts/perseus_ocr/nidaba/OCR/bce653aa-cb26-435b-96d2-715cb6ac6009/00000311_img.rgb_to_gray_binarize.otsu_ocr.kraken_grc_teubner_postprocessing.spell_check_polytonic_greek_False.xml
00000245.tif → /cluster/tufts/perseus_ocr/nidaba/OCR/bce653aa-cb26-435b-96d2-715cb6ac6009/00000245_img.rgb_to_gray_binarize.otsu_ocr.kraken_grc_teubner_postprocessing.spell_check_polytonic_greek_False.xml
00000267.tif → /cluster/tufts/perseus_ocr/nidaba/OCR/bce653aa-cb26-435b-96d2-715cb6ac6009/00000267_img.rgb_to_gray_binarize.otsu_ocr.kraken_grc_teubner_postprocessing.spell_check_polytonic_greek_False.xml
00000216.tif → /cluster/tufts/perseus_ocr/nidaba/OCR/bce653aa-cb26-435b-96d2-715cb6ac6009/00000216_img.rgb_to_gray_binarize.otsu_ocr.kraken_grc_teubner_postprocessing.spell_check_polytonic_greek_False.xml
00000133.tif → /cluster/tufts/perseus_ocr/nidaba/OCR/bce653aa-cb26-435b-96d2-715cb6ac6009/00000133_img.rgb_to_gray_binarize.otsu_ocr.kraken_grc_teubner_postprocessing.spell_check_polytonic_greek_False.xml
00000306.tif → /cluster/tufts/perseus_ocr/nidaba/OCR/bce653aa-cb26-435b-96d2-715cb6ac6009/00000306_img.rgb_to_gray_binarize.otsu_ocr.kraken_grc_teubner_postprocessing.spell_check_polytonic_greek_False.xml
00000171.tif → /cluster/tufts/perseus_ocr/nidaba/OCR/bce653aa-cb26-435b-96d2-715cb6ac6009/00000171_img.rgb_to_gray_binarize.otsu_ocr.kraken_grc_teubner_postprocessing.spell_check_polytonic_greek_False.xml
00000041.tif → /cluster/tufts/perseus_ocr/nidaba/OCR/bce653aa-cb26-435b-96d2-715cb6ac6009/00000041_img.rgb_to_gray_binarize.otsu_ocr.kraken_grc_teubner_postprocessing.spell_check_polytonic_greek_False.xml
00000342.tif → /cluster/tufts/perseus_ocr/nidaba/OCR/bce653aa-cb26-435b-96d2-715cb6ac6009/00000342_img.rgb_to_gray_binarize.otsu_ocr.kraken_grc_teubner_postprocessing.spell_check_polytonic_greek_False.xml
00000145.tif → /cluster/tufts/perseus_ocr/nidaba/OCR/bce653aa-cb26-435b-96d2-715cb6ac6009/00000145_img.rgb_to_gray_binarize.otsu_ocr.kraken_grc_teubner_postprocessing.spell_check_polytonic_greek_False.xml
00000408.tif → /cluster/tufts/perseus_ocr/nidaba/OCR/bce653aa-cb26-435b-96d2-715cb6ac6009/00000408_img.rgb_to_gray_binarize.otsu_ocr.kraken_grc_teubner_postprocessing.spell_check_polytonic_greek_False.xml
00000184.tif → /cluster/tufts/perseus_ocr/nidaba/OCR/bce653aa-cb26-435b-96d2-715cb6ac6009/00000184_img.rgb_to_gray_binarize.otsu_ocr.kraken_grc_teubner_postprocessing.spell_check_polytonic_greek_False.xml
00000159.tif → /cluster/tufts/perseus_ocr/nidaba/OCR/bce653aa-cb26-435b-96d2-715cb6ac6009/00000159_img.rgb_to_gray_binarize.otsu_ocr.kraken_grc_teubner_postprocessing.spell_check_polytonic_greek_False.xml
00000249.tif → /cluster/tufts/perseus_ocr/nidaba/OCR/bce653aa-cb26-435b-96d2-715cb6ac6009/00000249_img.rgb_to_gray_binarize.otsu_ocr.kraken_grc_teubner_postprocessing.spell_check_polytonic_greek_False.xml
00000414.tif → /cluster/tufts/perseus_ocr/nidaba/OCR/bce653aa-cb26-435b-96d2-715cb6ac6009/00000414_img.rgb_to_gray_binarize.otsu_ocr.kraken_grc_teubner_postprocessing.spell_check_polytonic_greek_False.xml
00000251.tif → /cluster/tufts/perseus_ocr/nidaba/OCR/bce653aa-cb26-435b-96d2-715cb6ac6009/00000251_img.rgb_to_gray_binarize.otsu_ocr.kraken_grc_teubner_postprocessing.spell_check_polytonic_greek_False.xml
00000113.tif → /cluster/tufts/perseus_ocr/nidaba/OCR/bce653aa-cb26-435b-96d2-715cb6ac6009/00000113_img.rgb_to_gray_binarize.otsu_ocr.kraken_grc_teubner_postprocessing.spell_check_polytonic_greek_False.xml
00000224.tif → /cluster/tufts/perseus_ocr/nidaba/OCR/bce653aa-cb26-435b-96d2-715cb6ac6009/00000224_img.rgb_to_gray_binarize.otsu_ocr.kraken_grc_teubner_postprocessing.spell_check_polytonic_greek_False.xml
00000295.tif → /cluster/tufts/perseus_ocr/nidaba/OCR/bce653aa-cb26-435b-96d2-715cb6ac6009/00000295_img.rgb_to_gray_binarize.otsu_ocr.kraken_grc_teubner_postprocessing.spell_check_polytonic_greek_False.xml
00000346.tif → /cluster/tufts/perseus_ocr/nidaba/OCR/bce653aa-cb26-435b-96d2-715cb6ac6009/00000346_img.rgb_to_gray_binarize.otsu_ocr.kraken_grc_teubner_postprocessing.spell_check_polytonic_greek_False.xml
00000085.tif → /cluster/tufts/perseus_ocr/nidaba/OCR/bce653aa-cb26-435b-96d2-715cb6ac6009/00000085_img.rgb_to_gray_binarize.otsu_ocr.kraken_grc_teubner_postprocessing.spell_check_polytonic_greek_False.xml
00000255.tif → /cluster/tufts/perseus_ocr/nidaba/OCR/bce653aa-cb26-435b-96d2-715cb6ac6009/00000255_img.rgb_to_gray_binarize.otsu_ocr.kraken_grc_teubner_postprocessing.spell_check_polytonic_greek_False.xml
00000446.tif → /cluster/tufts/perseus_ocr/nidaba/OCR/bce653aa-cb26-435b-96d2-715cb6ac6009/00000446_img.rgb_to_gray_binarize.otsu_ocr.kraken_grc_teubner_postprocessing.spell_check_polytonic_greek_False.xml
00000047.tif → /cluster/tufts/perseus_ocr/nidaba/OCR/bce653aa-cb26-435b-96d2-715cb6ac6009/00000047_img.rgb_to_gray_binarize.otsu_ocr.kraken_grc_teubner_postprocessing.spell_check_polytonic_greek_False.xml
00000358.tif → /cluster/tufts/perseus_ocr/nidaba/OCR/bce653aa-cb26-435b-96d2-715cb6ac6009/00000358_img.rgb_to_gray_binarize.otsu_ocr.kraken_grc_teubner_postprocessing.spell_check_polytonic_greek_False.xml
00000090.tif → /cluster/tufts/perseus_ocr/nidaba/OCR/bce653aa-cb26-435b-96d2-715cb6ac6009/00000090_img.rgb_to_gray_binarize.otsu_ocr.kraken_grc_teubner_postprocessing.spell_check_polytonic_greek_False.xml
00000407.tif → /cluster/tufts/perseus_ocr/nidaba/OCR/bce653aa-cb26-435b-96d2-715cb6ac6009/00000407_img.rgb_to_gray_binarize.otsu_ocr.kraken_grc_teubner_postprocessing.spell_check_polytonic_greek_False.xml
00000110.tif → /cluster/tufts/perseus_ocr/nidaba/OCR/bce653aa-cb26-435b-96d2-715cb6ac6009/00000110_img.rgb_to_gray_binarize.otsu_ocr.kraken_grc_teubner_postprocessing.spell_check_polytonic_greek_False.xml
00000322.tif → /cluster/tufts/perseus_ocr/nidaba/OCR/bce653aa-cb26-435b-96d2-715cb6ac6009/00000322_img.rgb_to_gray_binarize.otsu_ocr.kraken_grc_teubner_postprocessing.spell_check_polytonic_greek_False.xml
00000183.tif → /cluster/tufts/perseus_ocr/nidaba/OCR/bce653aa-cb26-435b-96d2-715cb6ac6009/00000183_img.rgb_to_gray_binarize.otsu_ocr.kraken_grc_teubner_postprocessing.spell_check_polytonic_greek_False.xml
00000280.tif → /cluster/tufts/perseus_ocr/nidaba/OCR/bce653aa-cb26-435b-96d2-715cb6ac6009/00000280_img.rgb_to_gray_binarize.otsu_ocr.kraken_grc_teubner_postprocessing.spell_check_polytonic_greek_False.xml
00000016.tif → /cluster/tufts/perseus_ocr/nidaba/OCR/bce653aa-cb26-435b-96d2-715cb6ac6009/00000016_img.rgb_to_gray_binarize.otsu_ocr.kraken_grc_teubner_postprocessing.spell_check_polytonic_greek_False.xml
00000149.tif → /cluster/tufts/perseus_ocr/nidaba/OCR/bce653aa-cb26-435b-96d2-715cb6ac6009/00000149_img.rgb_to_gray_binarize.otsu_ocr.kraken_grc_teubner_postprocessing.spell_check_polytonic_greek_False.xml
00000325.tif → /cluster/tufts/perseus_ocr/nidaba/OCR/bce653aa-cb26-435b-96d2-715cb6ac6009/00000325_img.rgb_to_gray_binarize.otsu_ocr.kraken_grc_teubner_postprocessing.spell_check_polytonic_greek_False.xml
00000400.tif → /cluster/tufts/perseus_ocr/nidaba/OCR/bce653aa-cb26-435b-96d2-715cb6ac6009/00000400_img.rgb_to_gray_binarize.otsu_ocr.kraken_grc_teubner_postprocessing.spell_check_polytonic_greek_False.xml
00000018.tif → /cluster/tufts/perseus_ocr/nidaba/OCR/bce653aa-cb26-435b-96d2-715cb6ac6009/00000018_img.rgb_to_gray_binarize.otsu_ocr.kraken_grc_teubner_postprocessing.spell_check_polytonic_greek_False.xml
00000210.tif → /cluster/tufts/perseus_ocr/nidaba/OCR/bce653aa-cb26-435b-96d2-715cb6ac6009/00000210_img.rgb_to_gray_binarize.otsu_ocr.kraken_grc_teubner_postprocessing.spell_check_polytonic_greek_False.xml
00000061.tif → /cluster/tufts/perseus_ocr/nidaba/OCR/bce653aa-cb26-435b-96d2-715cb6ac6009/00000061_img.rgb_to_gray_binarize.otsu_ocr.kraken_grc_teubner_postprocessing.spell_check_polytonic_greek_False.xml
00000382.tif → /cluster/tufts/perseus_ocr/nidaba/OCR/bce653aa-cb26-435b-96d2-715cb6ac6009/00000382_img.rgb_to_gray_binarize.otsu_ocr.kraken_grc_teubner_postprocessing.spell_check_polytonic_greek_False.xml
00000438.tif → /cluster/tufts/perseus_ocr/nidaba/OCR/bce653aa-cb26-435b-96d2-715cb6ac6009/00000438_img.rgb_to_gray_binarize.otsu_ocr.kraken_grc_teubner_postprocessing.spell_check_polytonic_greek_False.xml
00000273.tif → /cluster/tufts/perseus_ocr/nidaba/OCR/bce653aa-cb26-435b-96d2-715cb6ac6009/00000273_img.rgb_to_gray_binarize.otsu_ocr.kraken_grc_teubner_postprocessing.spell_check_polytonic_greek_False.xml
00000022.tif → /cluster/tufts/perseus_ocr/nidaba/OCR/bce653aa-cb26-435b-96d2-715cb6ac6009/00000022_img.rgb_to_gray_binarize.otsu_ocr.kraken_grc_teubner_postprocessing.spell_check_polytonic_greek_False.xml
00000301.tif → /cluster/tufts/perseus_ocr/nidaba/OCR/bce653aa-cb26-435b-96d2-715cb6ac6009/00000301_img.rgb_to_gray_binarize.otsu_ocr.kraken_grc_teubner_postprocessing.spell_check_polytonic_greek_False.xml
00000396.tif → /cluster/tufts/perseus_ocr/nidaba/OCR/bce653aa-cb26-435b-96d2-715cb6ac6009/00000396_img.rgb_to_gray_binarize.otsu_ocr.kraken_grc_teubner_postprocessing.spell_check_polytonic_greek_False.xml
00000247.tif → /cluster/tufts/perseus_ocr/nidaba/OCR/bce653aa-cb26-435b-96d2-715cb6ac6009/00000247_img.rgb_to_gray_binarize.otsu_ocr.kraken_grc_teubner_postprocessing.spell_check_polytonic_greek_False.xml
00000434.tif → /cluster/tufts/perseus_ocr/nidaba/OCR/bce653aa-cb26-435b-96d2-715cb6ac6009/00000434_img.rgb_to_gray_binarize.otsu_ocr.kraken_grc_teubner_postprocessing.spell_check_polytonic_greek_False.xml
00000443.tif → /cluster/tufts/perseus_ocr/nidaba/OCR/bce653aa-cb26-435b-96d2-715cb6ac6009/00000443_img.rgb_to_gray_binarize.otsu_ocr.kraken_grc_teubner_postprocessing.spell_check_polytonic_greek_False.xml
00000347.tif → /cluster/tufts/perseus_ocr/nidaba/OCR/bce653aa-cb26-435b-96d2-715cb6ac6009/00000347_img.rgb_to_gray_binarize.otsu_ocr.kraken_grc_teubner_postprocessing.spell_check_polytonic_greek_False.xml
00000129.tif → /cluster/tufts/perseus_ocr/nidaba/OCR/bce653aa-cb26-435b-96d2-715cb6ac6009/00000129_img.rgb_to_gray_binarize.otsu_ocr.kraken_grc_teubner_postprocessing.spell_check_polytonic_greek_False.xml
00000204.tif → /cluster/tufts/perseus_ocr/nidaba/OCR/bce653aa-cb26-435b-96d2-715cb6ac6009/00000204_img.rgb_to_gray_binarize.otsu_ocr.kraken_grc_teubner_postprocessing.spell_check_polytonic_greek_False.xml
00000027.tif → /cluster/tufts/perseus_ocr/nidaba/OCR/bce653aa-cb26-435b-96d2-715cb6ac6009/00000027_img.rgb_to_gray_binarize.otsu_ocr.kraken_grc_teubner_postprocessing.spell_check_polytonic_greek_False.xml
00000376.tif → /cluster/tufts/perseus_ocr/nidaba/OCR/bce653aa-cb26-435b-96d2-715cb6ac6009/00000376_img.rgb_to_gray_binarize.otsu_ocr.kraken_grc_teubner_postprocessing.spell_check_polytonic_greek_False.xml
00000154.tif → /cluster/tufts/perseus_ocr/nidaba/OCR/bce653aa-cb26-435b-96d2-715cb6ac6009/00000154_img.rgb_to_gray_binarize.otsu_ocr.kraken_grc_teubner_postprocessing.spell_check_polytonic_greek_False.xml
00000025.tif → /cluster/tufts/perseus_ocr/nidaba/OCR/bce653aa-cb26-435b-96d2-715cb6ac6009/00000025_img.rgb_to_gray_binarize.otsu_ocr.kraken_grc_teubner_postprocessing.spell_check_polytonic_greek_False.xml
00000248.tif → /cluster/tufts/perseus_ocr/nidaba/OCR/bce653aa-cb26-435b-96d2-715cb6ac6009/00000248_img.rgb_to_gray_binarize.otsu_ocr.kraken_grc_teubner_postprocessing.spell_check_polytonic_greek_False.xml
00000003.tif → /cluster/tufts/perseus_ocr/nidaba/OCR/bce653aa-cb26-435b-96d2-715cb6ac6009/00000003_img.rgb_to_gray_binarize.otsu_ocr.kraken_grc_teubner_postprocessing.spell_check_polytonic_greek_False.xml
00000259.tif → /cluster/tufts/perseus_ocr/nidaba/OCR/bce653aa-cb26-435b-96d2-715cb6ac6009/00000259_img.rgb_to_gray_binarize.otsu_ocr.kraken_grc_teubner_postprocessing.spell_check_polytonic_greek_False.xml
00000406.tif → /cluster/tufts/perseus_ocr/nidaba/OCR/bce653aa-cb26-435b-96d2-715cb6ac6009/00000406_img.rgb_to_gray_binarize.otsu_ocr.kraken_grc_teubner_postprocessing.spell_check_polytonic_greek_False.xml
00000310.tif → /cluster/tufts/perseus_ocr/nidaba/OCR/bce653aa-cb26-435b-96d2-715cb6ac6009/00000310_img.rgb_to_gray_binarize.otsu_ocr.kraken_grc_teubner_postprocessing.spell_check_polytonic_greek_False.xml
00000401.tif → /cluster/tufts/perseus_ocr/nidaba/OCR/bce653aa-cb26-435b-96d2-715cb6ac6009/00000401_img.rgb_to_gray_binarize.otsu_ocr.kraken_grc_teubner_postprocessing.spell_check_polytonic_greek_False.xml
00000390.tif → /cluster/tufts/perseus_ocr/nidaba/OCR/bce653aa-cb26-435b-96d2-715cb6ac6009/00000390_img.rgb_to_gray_binarize.otsu_ocr.kraken_grc_teubner_postprocessing.spell_check_polytonic_greek_False.xml
00000120.tif → /cluster/tufts/perseus_ocr/nidaba/OCR/bce653aa-cb26-435b-96d2-715cb6ac6009/00000120_img.rgb_to_gray_binarize.otsu_ocr.kraken_grc_teubner_postprocessing.spell_check_polytonic_greek_False.xml
00000142.tif → /cluster/tufts/perseus_ocr/nidaba/OCR/bce653aa-cb26-435b-96d2-715cb6ac6009/00000142_img.rgb_to_gray_binarize.otsu_ocr.kraken_grc_teubner_postprocessing.spell_check_polytonic_greek_False.xml
00000392.tif → /cluster/tufts/perseus_ocr/nidaba/OCR/bce653aa-cb26-435b-96d2-715cb6ac6009/00000392_img.rgb_to_gray_binarize.otsu_ocr.kraken_grc_teubner_postprocessing.spell_check_polytonic_greek_False.xml
00000411.tif → /cluster/tufts/perseus_ocr/nidaba/OCR/bce653aa-cb26-435b-96d2-715cb6ac6009/00000411_img.rgb_to_gray_binarize.otsu_ocr.kraken_grc_teubner_postprocessing.spell_check_polytonic_greek_False.xml
00000238.tif → /cluster/tufts/perseus_ocr/nidaba/OCR/bce653aa-cb26-435b-96d2-715cb6ac6009/00000238_img.rgb_to_gray_binarize.otsu_ocr.kraken_grc_teubner_postprocessing.spell_check_polytonic_greek_False.xml
00000252.tif → /cluster/tufts/perseus_ocr/nidaba/OCR/bce653aa-cb26-435b-96d2-715cb6ac6009/00000252_img.rgb_to_gray_binarize.otsu_ocr.kraken_grc_teubner_postprocessing.spell_check_polytonic_greek_False.xml
00000214.tif → /cluster/tufts/perseus_ocr/nidaba/OCR/bce653aa-cb26-435b-96d2-715cb6ac6009/00000214_img.rgb_to_gray_binarize.otsu_ocr.kraken_grc_teubner_postprocessing.spell_check_polytonic_greek_False.xml
00000332.tif → /cluster/tufts/perseus_ocr/nidaba/OCR/bce653aa-cb26-435b-96d2-715cb6ac6009/00000332_img.rgb_to_gray_binarize.otsu_ocr.kraken_grc_teubner_postprocessing.spell_check_polytonic_greek_False.xml
00000222.tif → /cluster/tufts/perseus_ocr/nidaba/OCR/bce653aa-cb26-435b-96d2-715cb6ac6009/00000222_img.rgb_to_gray_binarize.otsu_ocr.kraken_grc_teubner_postprocessing.spell_check_polytonic_greek_False.xml
00000146.tif → /cluster/tufts/perseus_ocr/nidaba/OCR/bce653aa-cb26-435b-96d2-715cb6ac6009/00000146_img.rgb_to_gray_binarize.otsu_ocr.kraken_grc_teubner_postprocessing.spell_check_polytonic_greek_False.xml
00000256.tif → /cluster/tufts/perseus_ocr/nidaba/OCR/bce653aa-cb26-435b-96d2-715cb6ac6009/00000256_img.rgb_to_gray_binarize.otsu_ocr.kraken_grc_teubner_postprocessing.spell_check_polytonic_greek_False.xml
00000096.tif → /cluster/tufts/perseus_ocr/nidaba/OCR/bce653aa-cb26-435b-96d2-715cb6ac6009/00000096_img.rgb_to_gray_binarize.otsu_ocr.kraken_grc_teubner_postprocessing.spell_check_polytonic_greek_False.xml
00000426.tif → /cluster/tufts/perseus_ocr/nidaba/OCR/bce653aa-cb26-435b-96d2-715cb6ac6009/00000426_img.rgb_to_gray_binarize.otsu_ocr.kraken_grc_teubner_postprocessing.spell_check_polytonic_greek_False.xml
00000364.tif → /cluster/tufts/perseus_ocr/nidaba/OCR/bce653aa-cb26-435b-96d2-715cb6ac6009/00000364_img.rgb_to_gray_binarize.otsu_ocr.kraken_grc_teubner_postprocessing.spell_check_polytonic_greek_False.xml
00000341.tif → /cluster/tufts/perseus_ocr/nidaba/OCR/bce653aa-cb26-435b-96d2-715cb6ac6009/00000341_img.rgb_to_gray_binarize.otsu_ocr.kraken_grc_teubner_postprocessing.spell_check_polytonic_greek_False.xml
00000073.tif → /cluster/tufts/perseus_ocr/nidaba/OCR/bce653aa-cb26-435b-96d2-715cb6ac6009/00000073_img.rgb_to_gray_binarize.otsu_ocr.kraken_grc_teubner_postprocessing.spell_check_polytonic_greek_False.xml
00000043.tif → /cluster/tufts/perseus_ocr/nidaba/OCR/bce653aa-cb26-435b-96d2-715cb6ac6009/00000043_img.rgb_to_gray_binarize.otsu_ocr.kraken_grc_teubner_postprocessing.spell_check_polytonic_greek_False.xml
00000244.tif → /cluster/tufts/perseus_ocr/nidaba/OCR/bce653aa-cb26-435b-96d2-715cb6ac6009/00000244_img.rgb_to_gray_binarize.otsu_ocr.kraken_grc_teubner_postprocessing.spell_check_polytonic_greek_False.xml
00000412.tif → /cluster/tufts/perseus_ocr/nidaba/OCR/bce653aa-cb26-435b-96d2-715cb6ac6009/00000412_img.rgb_to_gray_binarize.otsu_ocr.kraken_grc_teubner_postprocessing.spell_check_polytonic_greek_False.xml
00000143.tif → /cluster/tufts/perseus_ocr/nidaba/OCR/bce653aa-cb26-435b-96d2-715cb6ac6009/00000143_img.rgb_to_gray_binarize.otsu_ocr.kraken_grc_teubner_postprocessing.spell_check_polytonic_greek_False.xml
00000042.tif → /cluster/tufts/perseus_ocr/nidaba/OCR/bce653aa-cb26-435b-96d2-715cb6ac6009/00000042_img.rgb_to_gray_binarize.otsu_ocr.kraken_grc_teubner_postprocessing.spell_check_polytonic_greek_False.xml
00000440.tif → /cluster/tufts/perseus_ocr/nidaba/OCR/bce653aa-cb26-435b-96d2-715cb6ac6009/00000440_img.rgb_to_gray_binarize.otsu_ocr.kraken_grc_teubner_postprocessing.spell_check_polytonic_greek_False.xml
00000287.tif → /cluster/tufts/perseus_ocr/nidaba/OCR/bce653aa-cb26-435b-96d2-715cb6ac6009/00000287_img.rgb_to_gray_binarize.otsu_ocr.kraken_grc_teubner_postprocessing.spell_check_polytonic_greek_False.xml
00000138.tif → /cluster/tufts/perseus_ocr/nidaba/OCR/bce653aa-cb26-435b-96d2-715cb6ac6009/00000138_img.rgb_to_gray_binarize.otsu_ocr.kraken_grc_teubner_postprocessing.spell_check_polytonic_greek_False.xml
00000194.tif → /cluster/tufts/perseus_ocr/nidaba/OCR/bce653aa-cb26-435b-96d2-715cb6ac6009/00000194_img.rgb_to_gray_binarize.otsu_ocr.kraken_grc_teubner_postprocessing.spell_check_polytonic_greek_False.xml
00000176.tif → /cluster/tufts/perseus_ocr/nidaba/OCR/bce653aa-cb26-435b-96d2-715cb6ac6009/00000176_img.rgb_to_gray_binarize.otsu_ocr.kraken_grc_teubner_postprocessing.spell_check_polytonic_greek_False.xml
00000368.tif → /cluster/tufts/perseus_ocr/nidaba/OCR/bce653aa-cb26-435b-96d2-715cb6ac6009/00000368_img.rgb_to_gray_binarize.otsu_ocr.kraken_grc_teubner_postprocessing.spell_check_polytonic_greek_False.xml
00000372.tif → /cluster/tufts/perseus_ocr/nidaba/OCR/bce653aa-cb26-435b-96d2-715cb6ac6009/00000372_img.rgb_to_gray_binarize.otsu_ocr.kraken_grc_teubner_postprocessing.spell_check_polytonic_greek_False.xml
00000148.tif → /cluster/tufts/perseus_ocr/nidaba/OCR/bce653aa-cb26-435b-96d2-715cb6ac6009/00000148_img.rgb_to_gray_binarize.otsu_ocr.kraken_grc_teubner_postprocessing.spell_check_polytonic_greek_False.xml
00000044.tif → /cluster/tufts/perseus_ocr/nidaba/OCR/bce653aa-cb26-435b-96d2-715cb6ac6009/00000044_img.rgb_to_gray_binarize.otsu_ocr.kraken_grc_teubner_postprocessing.spell_check_polytonic_greek_False.xml
00000291.tif → /cluster/tufts/perseus_ocr/nidaba/OCR/bce653aa-cb26-435b-96d2-715cb6ac6009/00000291_img.rgb_to_gray_binarize.otsu_ocr.kraken_grc_teubner_postprocessing.spell_check_polytonic_greek_False.xml
00000450.tif → /cluster/tufts/perseus_ocr/nidaba/OCR/bce653aa-cb26-435b-96d2-715cb6ac6009/00000450_img.rgb_to_gray_binarize.otsu_ocr.kraken_grc_teubner_postprocessing.spell_check_polytonic_greek_False.xml
00000329.tif → /cluster/tufts/perseus_ocr/nidaba/OCR/bce653aa-cb26-435b-96d2-715cb6ac6009/00000329_img.rgb_to_gray_binarize.otsu_ocr.kraken_grc_teubner_postprocessing.spell_check_polytonic_greek_False.xml
00000319.tif → /cluster/tufts/perseus_ocr/nidaba/OCR/bce653aa-cb26-435b-96d2-715cb6ac6009/00000319_img.rgb_to_gray_binarize.otsu_ocr.kraken_grc_teubner_postprocessing.spell_check_polytonic_greek_False.xml
00000315.tif → /cluster/tufts/perseus_ocr/nidaba/OCR/bce653aa-cb26-435b-96d2-715cb6ac6009/00000315_img.rgb_to_gray_binarize.otsu_ocr.kraken_grc_teubner_postprocessing.spell_check_polytonic_greek_False.xml
00000285.tif → /cluster/tufts/perseus_ocr/nidaba/OCR/bce653aa-cb26-435b-96d2-715cb6ac6009/00000285_img.rgb_to_gray_binarize.otsu_ocr.kraken_grc_teubner_postprocessing.spell_check_polytonic_greek_False.xml
00000349.tif → /cluster/tufts/perseus_ocr/nidaba/OCR/bce653aa-cb26-435b-96d2-715cb6ac6009/00000349_img.rgb_to_gray_binarize.otsu_ocr.kraken_grc_teubner_postprocessing.spell_check_polytonic_greek_False.xml
00000109.tif → /cluster/tufts/perseus_ocr/nidaba/OCR/bce653aa-cb26-435b-96d2-715cb6ac6009/00000109_img.rgb_to_gray_binarize.otsu_ocr.kraken_grc_teubner_postprocessing.spell_check_polytonic_greek_False.xml
00000343.tif → /cluster/tufts/perseus_ocr/nidaba/OCR/bce653aa-cb26-435b-96d2-715cb6ac6009/00000343_img.rgb_to_gray_binarize.otsu_ocr.kraken_grc_teubner_postprocessing.spell_check_polytonic_greek_False.xml
00000086.tif → /cluster/tufts/perseus_ocr/nidaba/OCR/bce653aa-cb26-435b-96d2-715cb6ac6009/00000086_img.rgb_to_gray_binarize.otsu_ocr.kraken_grc_teubner_postprocessing.spell_check_polytonic_greek_False.xml
00000429.tif → /cluster/tufts/perseus_ocr/nidaba/OCR/bce653aa-cb26-435b-96d2-715cb6ac6009/00000429_img.rgb_to_gray_binarize.otsu_ocr.kraken_grc_teubner_postprocessing.spell_check_polytonic_greek_False.xml
00000433.tif → /cluster/tufts/perseus_ocr/nidaba/OCR/bce653aa-cb26-435b-96d2-715cb6ac6009/00000433_img.rgb_to_gray_binarize.otsu_ocr.kraken_grc_teubner_postprocessing.spell_check_polytonic_greek_False.xml
00000028.tif → /cluster/tufts/perseus_ocr/nidaba/OCR/bce653aa-cb26-435b-96d2-715cb6ac6009/00000028_img.rgb_to_gray_binarize.otsu_ocr.kraken_grc_teubner_postprocessing.spell_check_polytonic_greek_False.xml
00000117.tif → /cluster/tufts/perseus_ocr/nidaba/OCR/bce653aa-cb26-435b-96d2-715cb6ac6009/00000117_img.rgb_to_gray_binarize.otsu_ocr.kraken_grc_teubner_postprocessing.spell_check_polytonic_greek_False.xml
00000385.tif → /cluster/tufts/perseus_ocr/nidaba/OCR/bce653aa-cb26-435b-96d2-715cb6ac6009/00000385_img.rgb_to_gray_binarize.otsu_ocr.kraken_grc_teubner_postprocessing.spell_check_polytonic_greek_False.xml
00000395.tif → /cluster/tufts/perseus_ocr/nidaba/OCR/bce653aa-cb26-435b-96d2-715cb6ac6009/00000395_img.rgb_to_gray_binarize.otsu_ocr.kraken_grc_teubner_postprocessing.spell_check_polytonic_greek_False.xml
00000039.tif → /cluster/tufts/perseus_ocr/nidaba/OCR/bce653aa-cb26-435b-96d2-715cb6ac6009/00000039_img.rgb_to_gray_binarize.otsu_ocr.kraken_grc_teubner_postprocessing.spell_check_polytonic_greek_False.xml
00000004.tif → /cluster/tufts/perseus_ocr/nidaba/OCR/bce653aa-cb26-435b-96d2-715cb6ac6009/00000004_img.rgb_to_gray_binarize.otsu_ocr.kraken_grc_teubner_postprocessing.spell_check_polytonic_greek_False.xml
00000092.tif → /cluster/tufts/perseus_ocr/nidaba/OCR/bce653aa-cb26-435b-96d2-715cb6ac6009/00000092_img.rgb_to_gray_binarize.otsu_ocr.kraken_grc_teubner_postprocessing.spell_check_polytonic_greek_False.xml
00000314.tif → /cluster/tufts/perseus_ocr/nidaba/OCR/bce653aa-cb26-435b-96d2-715cb6ac6009/00000314_img.rgb_to_gray_binarize.otsu_ocr.kraken_grc_teubner_postprocessing.spell_check_polytonic_greek_False.xml
00000008.tif → /cluster/tufts/perseus_ocr/nidaba/OCR/bce653aa-cb26-435b-96d2-715cb6ac6009/00000008_img.rgb_to_gray_binarize.otsu_ocr.kraken_grc_teubner_postprocessing.spell_check_polytonic_greek_False.xml
00000263.tif → /cluster/tufts/perseus_ocr/nidaba/OCR/bce653aa-cb26-435b-96d2-715cb6ac6009/00000263_img.rgb_to_gray_binarize.otsu_ocr.kraken_grc_teubner_postprocessing.spell_check_polytonic_greek_False.xml
00000384.tif → /cluster/tufts/perseus_ocr/nidaba/OCR/bce653aa-cb26-435b-96d2-715cb6ac6009/00000384_img.rgb_to_gray_binarize.otsu_ocr.kraken_grc_teubner_postprocessing.spell_check_polytonic_greek_False.xml
00000462.tif → /cluster/tufts/perseus_ocr/nidaba/OCR/bce653aa-cb26-435b-96d2-715cb6ac6009/00000462_img.rgb_to_gray_binarize.otsu_ocr.kraken_grc_teubner_postprocessing.spell_check_polytonic_greek_False.xml
00000175.tif → /cluster/tufts/perseus_ocr/nidaba/OCR/bce653aa-cb26-435b-96d2-715cb6ac6009/00000175_img.rgb_to_gray_binarize.otsu_ocr.kraken_grc_teubner_postprocessing.spell_check_polytonic_greek_False.xml
00000236.tif → /cluster/tufts/perseus_ocr/nidaba/OCR/bce653aa-cb26-435b-96d2-715cb6ac6009/00000236_img.rgb_to_gray_binarize.otsu_ocr.kraken_grc_teubner_postprocessing.spell_check_polytonic_greek_False.xml
00000374.tif → /cluster/tufts/perseus_ocr/nidaba/OCR/bce653aa-cb26-435b-96d2-715cb6ac6009/00000374_img.rgb_to_gray_binarize.otsu_ocr.kraken_grc_teubner_postprocessing.spell_check_polytonic_greek_False.xml
00000365.tif → /cluster/tufts/perseus_ocr/nidaba/OCR/bce653aa-cb26-435b-96d2-715cb6ac6009/00000365_img.rgb_to_gray_binarize.otsu_ocr.kraken_grc_teubner_postprocessing.spell_check_polytonic_greek_False.xml
00000270.tif → /cluster/tufts/perseus_ocr/nidaba/OCR/bce653aa-cb26-435b-96d2-715cb6ac6009/00000270_img.rgb_to_gray_binarize.otsu_ocr.kraken_grc_teubner_postprocessing.spell_check_polytonic_greek_False.xml
00000087.tif → /cluster/tufts/perseus_ocr/nidaba/OCR/bce653aa-cb26-435b-96d2-715cb6ac6009/00000087_img.rgb_to_gray_binarize.otsu_ocr.kraken_grc_teubner_postprocessing.spell_check_polytonic_greek_False.xml
00000191.tif → /cluster/tufts/perseus_ocr/nidaba/OCR/bce653aa-cb26-435b-96d2-715cb6ac6009/00000191_img.rgb_to_gray_binarize.otsu_ocr.kraken_grc_teubner_postprocessing.spell_check_polytonic_greek_False.xml
00000136.tif → /cluster/tufts/perseus_ocr/nidaba/OCR/bce653aa-cb26-435b-96d2-715cb6ac6009/00000136_img.rgb_to_gray_binarize.otsu_ocr.kraken_grc_teubner_postprocessing.spell_check_polytonic_greek_False.xml
00000033.tif → /cluster/tufts/perseus_ocr/nidaba/OCR/bce653aa-cb26-435b-96d2-715cb6ac6009/00000033_img.rgb_to_gray_binarize.otsu_ocr.kraken_grc_teubner_postprocessing.spell_check_polytonic_greek_False.xml
00000213.tif → /cluster/tufts/perseus_ocr/nidaba/OCR/bce653aa-cb26-435b-96d2-715cb6ac6009/00000213_img.rgb_to_gray_binarize.otsu_ocr.kraken_grc_teubner_postprocessing.spell_check_polytonic_greek_False.xml
00000217.tif → /cluster/tufts/perseus_ocr/nidaba/OCR/bce653aa-cb26-435b-96d2-715cb6ac6009/00000217_img.rgb_to_gray_binarize.otsu_ocr.kraken_grc_teubner_postprocessing.spell_check_polytonic_greek_False.xml
00000398.tif → /cluster/tufts/perseus_ocr/nidaba/OCR/bce653aa-cb26-435b-96d2-715cb6ac6009/00000398_img.rgb_to_gray_binarize.otsu_ocr.kraken_grc_teubner_postprocessing.spell_check_polytonic_greek_False.xml
00000394.tif → /cluster/tufts/perseus_ocr/nidaba/OCR/bce653aa-cb26-435b-96d2-715cb6ac6009/00000394_img.rgb_to_gray_binarize.otsu_ocr.kraken_grc_teubner_postprocessing.spell_check_polytonic_greek_False.xml
00000203.tif → /cluster/tufts/perseus_ocr/nidaba/OCR/bce653aa-cb26-435b-96d2-715cb6ac6009/00000203_img.rgb_to_gray_binarize.otsu_ocr.kraken_grc_teubner_postprocessing.spell_check_polytonic_greek_False.xml
00000002.tif → /cluster/tufts/perseus_ocr/nidaba/OCR/bce653aa-cb26-435b-96d2-715cb6ac6009/00000002_img.rgb_to_gray_binarize.otsu_ocr.kraken_grc_teubner_postprocessing.spell_check_polytonic_greek_False.xml
00000335.tif → /cluster/tufts/perseus_ocr/nidaba/OCR/bce653aa-cb26-435b-96d2-715cb6ac6009/00000335_img.rgb_to_gray_binarize.otsu_ocr.kraken_grc_teubner_postprocessing.spell_check_polytonic_greek_False.xml
00000126.tif → /cluster/tufts/perseus_ocr/nidaba/OCR/bce653aa-cb26-435b-96d2-715cb6ac6009/00000126_img.rgb_to_gray_binarize.otsu_ocr.kraken_grc_teubner_postprocessing.spell_check_polytonic_greek_False.xml
00000262.tif → /cluster/tufts/perseus_ocr/nidaba/OCR/bce653aa-cb26-435b-96d2-715cb6ac6009/00000262_img.rgb_to_gray_binarize.otsu_ocr.kraken_grc_teubner_postprocessing.spell_check_polytonic_greek_False.xml
00000084.tif → /cluster/tufts/perseus_ocr/nidaba/OCR/bce653aa-cb26-435b-96d2-715cb6ac6009/00000084_img.rgb_to_gray_binarize.otsu_ocr.kraken_grc_teubner_postprocessing.spell_check_polytonic_greek_False.xml
00000074.tif → /cluster/tufts/perseus_ocr/nidaba/OCR/bce653aa-cb26-435b-96d2-715cb6ac6009/00000074_img.rgb_to_gray_binarize.otsu_ocr.kraken_grc_teubner_postprocessing.spell_check_polytonic_greek_False.xml
00000415.tif → /cluster/tufts/perseus_ocr/nidaba/OCR/bce653aa-cb26-435b-96d2-715cb6ac6009/00000415_img.rgb_to_gray_binarize.otsu_ocr.kraken_grc_teubner_postprocessing.spell_check_polytonic_greek_False.xml
00000212.tif → /cluster/tufts/perseus_ocr/nidaba/OCR/bce653aa-cb26-435b-96d2-715cb6ac6009/00000212_img.rgb_to_gray_binarize.otsu_ocr.kraken_grc_teubner_postprocessing.spell_check_polytonic_greek_False.xml
00000147.tif → /cluster/tufts/perseus_ocr/nidaba/OCR/bce653aa-cb26-435b-96d2-715cb6ac6009/00000147_img.rgb_to_gray_binarize.otsu_ocr.kraken_grc_teubner_postprocessing.spell_check_polytonic_greek_False.xml
00000360.tif → /cluster/tufts/perseus_ocr/nidaba/OCR/bce653aa-cb26-435b-96d2-715cb6ac6009/00000360_img.rgb_to_gray_binarize.otsu_ocr.kraken_grc_teubner_postprocessing.spell_check_polytonic_greek_False.xml
00000257.tif → /cluster/tufts/perseus_ocr/nidaba/OCR/bce653aa-cb26-435b-96d2-715cb6ac6009/00000257_img.rgb_to_gray_binarize.otsu_ocr.kraken_grc_teubner_postprocessing.spell_check_polytonic_greek_False.xml
00000056.tif → /cluster/tufts/perseus_ocr/nidaba/OCR/bce653aa-cb26-435b-96d2-715cb6ac6009/00000056_img.rgb_to_gray_binarize.otsu_ocr.kraken_grc_teubner_postprocessing.spell_check_polytonic_greek_False.xml
00000011.tif → /cluster/tufts/perseus_ocr/nidaba/OCR/bce653aa-cb26-435b-96d2-715cb6ac6009/00000011_img.rgb_to_gray_binarize.otsu_ocr.kraken_grc_teubner_postprocessing.spell_check_polytonic_greek_False.xml
00000457.tif → /cluster/tufts/perseus_ocr/nidaba/OCR/bce653aa-cb26-435b-96d2-715cb6ac6009/00000457_img.rgb_to_gray_binarize.otsu_ocr.kraken_grc_teubner_postprocessing.spell_check_polytonic_greek_False.xml
00000040.tif → /cluster/tufts/perseus_ocr/nidaba/OCR/bce653aa-cb26-435b-96d2-715cb6ac6009/00000040_img.rgb_to_gray_binarize.otsu_ocr.kraken_grc_teubner_postprocessing.spell_check_polytonic_greek_False.xml
00000005.tif → /cluster/tufts/perseus_ocr/nidaba/OCR/bce653aa-cb26-435b-96d2-715cb6ac6009/00000005_img.rgb_to_gray_binarize.otsu_ocr.kraken_grc_teubner_postprocessing.spell_check_polytonic_greek_False.xml
00000063.tif → /cluster/tufts/perseus_ocr/nidaba/OCR/bce653aa-cb26-435b-96d2-715cb6ac6009/00000063_img.rgb_to_gray_binarize.otsu_ocr.kraken_grc_teubner_postprocessing.spell_check_polytonic_greek_False.xml
00000219.tif → /cluster/tufts/perseus_ocr/nidaba/OCR/bce653aa-cb26-435b-96d2-715cb6ac6009/00000219_img.rgb_to_gray_binarize.otsu_ocr.kraken_grc_teubner_postprocessing.spell_check_polytonic_greek_False.xml
00000284.tif → /cluster/tufts/perseus_ocr/nidaba/OCR/bce653aa-cb26-435b-96d2-715cb6ac6009/00000284_img.rgb_to_gray_binarize.otsu_ocr.kraken_grc_teubner_postprocessing.spell_check_polytonic_greek_False.xml
00000281.tif → /cluster/tufts/perseus_ocr/nidaba/OCR/bce653aa-cb26-435b-96d2-715cb6ac6009/00000281_img.rgb_to_gray_binarize.otsu_ocr.kraken_grc_teubner_postprocessing.spell_check_polytonic_greek_False.xml
00000449.tif → /cluster/tufts/perseus_ocr/nidaba/OCR/bce653aa-cb26-435b-96d2-715cb6ac6009/00000449_img.rgb_to_gray_binarize.otsu_ocr.kraken_grc_teubner_postprocessing.spell_check_polytonic_greek_False.xml
00000152.tif → /cluster/tufts/perseus_ocr/nidaba/OCR/bce653aa-cb26-435b-96d2-715cb6ac6009/00000152_img.rgb_to_gray_binarize.otsu_ocr.kraken_grc_teubner_postprocessing.spell_check_polytonic_greek_False.xml
00000150.tif → /cluster/tufts/perseus_ocr/nidaba/OCR/bce653aa-cb26-435b-96d2-715cb6ac6009/00000150_img.rgb_to_gray_binarize.otsu_ocr.kraken_grc_teubner_postprocessing.spell_check_polytonic_greek_False.xml
00000402.tif → /cluster/tufts/perseus_ocr/nidaba/OCR/bce653aa-cb26-435b-96d2-715cb6ac6009/00000402_img.rgb_to_gray_binarize.otsu_ocr.kraken_grc_teubner_postprocessing.spell_check_polytonic_greek_False.xml
00000294.tif → /cluster/tufts/perseus_ocr/nidaba/OCR/bce653aa-cb26-435b-96d2-715cb6ac6009/00000294_img.rgb_to_gray_binarize.otsu_ocr.kraken_grc_teubner_postprocessing.spell_check_polytonic_greek_False.xml
00000127.tif → /cluster/tufts/perseus_ocr/nidaba/OCR/bce653aa-cb26-435b-96d2-715cb6ac6009/00000127_img.rgb_to_gray_binarize.otsu_ocr.kraken_grc_teubner_postprocessing.spell_check_polytonic_greek_False.xml
00000080.tif → /cluster/tufts/perseus_ocr/nidaba/OCR/bce653aa-cb26-435b-96d2-715cb6ac6009/00000080_img.rgb_to_gray_binarize.otsu_ocr.kraken_grc_teubner_postprocessing.spell_check_polytonic_greek_False.xml
00000079.tif → /cluster/tufts/perseus_ocr/nidaba/OCR/bce653aa-cb26-435b-96d2-715cb6ac6009/00000079_img.rgb_to_gray_binarize.otsu_ocr.kraken_grc_teubner_postprocessing.spell_check_polytonic_greek_False.xml
00000100.tif → /cluster/tufts/perseus_ocr/nidaba/OCR/bce653aa-cb26-435b-96d2-715cb6ac6009/00000100_img.rgb_to_gray_binarize.otsu_ocr.kraken_grc_teubner_postprocessing.spell_check_polytonic_greek_False.xml
00000032.tif → /cluster/tufts/perseus_ocr/nidaba/OCR/bce653aa-cb26-435b-96d2-715cb6ac6009/00000032_img.rgb_to_gray_binarize.otsu_ocr.kraken_grc_teubner_postprocessing.spell_check_polytonic_greek_False.xml
00000241.tif → /cluster/tufts/perseus_ocr/nidaba/OCR/bce653aa-cb26-435b-96d2-715cb6ac6009/00000241_img.rgb_to_gray_binarize.otsu_ocr.kraken_grc_teubner_postprocessing.spell_check_polytonic_greek_False.xml
00000292.tif → /cluster/tufts/perseus_ocr/nidaba/OCR/bce653aa-cb26-435b-96d2-715cb6ac6009/00000292_img.rgb_to_gray_binarize.otsu_ocr.kraken_grc_teubner_postprocessing.spell_check_polytonic_greek_False.xml
00000444.tif → /cluster/tufts/perseus_ocr/nidaba/OCR/bce653aa-cb26-435b-96d2-715cb6ac6009/00000444_img.rgb_to_gray_binarize.otsu_ocr.kraken_grc_teubner_postprocessing.spell_check_polytonic_greek_False.xml
00000132.tif → /cluster/tufts/perseus_ocr/nidaba/OCR/bce653aa-cb26-435b-96d2-715cb6ac6009/00000132_img.rgb_to_gray_binarize.otsu_ocr.kraken_grc_teubner_postprocessing.spell_check_polytonic_greek_False.xml
00000160.tif → /cluster/tufts/perseus_ocr/nidaba/OCR/bce653aa-cb26-435b-96d2-715cb6ac6009/00000160_img.rgb_to_gray_binarize.otsu_ocr.kraken_grc_teubner_postprocessing.spell_check_polytonic_greek_False.xml
00000228.tif → /cluster/tufts/perseus_ocr/nidaba/OCR/bce653aa-cb26-435b-96d2-715cb6ac6009/00000228_img.rgb_to_gray_binarize.otsu_ocr.kraken_grc_teubner_postprocessing.spell_check_polytonic_greek_False.xml
00000278.tif → /cluster/tufts/perseus_ocr/nidaba/OCR/bce653aa-cb26-435b-96d2-715cb6ac6009/00000278_img.rgb_to_gray_binarize.otsu_ocr.kraken_grc_teubner_postprocessing.spell_check_polytonic_greek_False.xml
00000305.tif → /cluster/tufts/perseus_ocr/nidaba/OCR/bce653aa-cb26-435b-96d2-715cb6ac6009/00000305_img.rgb_to_gray_binarize.otsu_ocr.kraken_grc_teubner_postprocessing.spell_check_polytonic_greek_False.xml
00000461.tif → /cluster/tufts/perseus_ocr/nidaba/OCR/bce653aa-cb26-435b-96d2-715cb6ac6009/00000461_img.rgb_to_gray_binarize.otsu_ocr.kraken_grc_teubner_postprocessing.spell_check_polytonic_greek_False.xml
00000397.tif → /cluster/tufts/perseus_ocr/nidaba/OCR/bce653aa-cb26-435b-96d2-715cb6ac6009/00000397_img.rgb_to_gray_binarize.otsu_ocr.kraken_grc_teubner_postprocessing.spell_check_polytonic_greek_False.xml
00000037.tif → /cluster/tufts/perseus_ocr/nidaba/OCR/bce653aa-cb26-435b-96d2-715cb6ac6009/00000037_img.rgb_to_gray_binarize.otsu_ocr.kraken_grc_teubner_postprocessing.spell_check_polytonic_greek_False.xml
00000418.tif → /cluster/tufts/perseus_ocr/nidaba/OCR/bce653aa-cb26-435b-96d2-715cb6ac6009/00000418_img.rgb_to_gray_binarize.otsu_ocr.kraken_grc_teubner_postprocessing.spell_check_polytonic_greek_False.xml
00000182.tif → /cluster/tufts/perseus_ocr/nidaba/OCR/bce653aa-cb26-435b-96d2-715cb6ac6009/00000182_img.rgb_to_gray_binarize.otsu_ocr.kraken_grc_teubner_postprocessing.spell_check_polytonic_greek_False.xml
00000350.tif → /cluster/tufts/perseus_ocr/nidaba/OCR/bce653aa-cb26-435b-96d2-715cb6ac6009/00000350_img.rgb_to_gray_binarize.otsu_ocr.kraken_grc_teubner_postprocessing.spell_check_polytonic_greek_False.xml
00000452.tif → /cluster/tufts/perseus_ocr/nidaba/OCR/bce653aa-cb26-435b-96d2-715cb6ac6009/00000452_img.rgb_to_gray_binarize.otsu_ocr.kraken_grc_teubner_postprocessing.spell_check_polytonic_greek_False.xml
00000344.tif → /cluster/tufts/perseus_ocr/nidaba/OCR/bce653aa-cb26-435b-96d2-715cb6ac6009/00000344_img.rgb_to_gray_binarize.otsu_ocr.kraken_grc_teubner_postprocessing.spell_check_polytonic_greek_False.xml
00000386.tif → /cluster/tufts/perseus_ocr/nidaba/OCR/bce653aa-cb26-435b-96d2-715cb6ac6009/00000386_img.rgb_to_gray_binarize.otsu_ocr.kraken_grc_teubner_postprocessing.spell_check_polytonic_greek_False.xml
00000231.tif → /cluster/tufts/perseus_ocr/nidaba/OCR/bce653aa-cb26-435b-96d2-715cb6ac6009/00000231_img.rgb_to_gray_binarize.otsu_ocr.kraken_grc_teubner_postprocessing.spell_check_polytonic_greek_False.xml
00000230.tif → /cluster/tufts/perseus_ocr/nidaba/OCR/bce653aa-cb26-435b-96d2-715cb6ac6009/00000230_img.rgb_to_gray_binarize.otsu_ocr.kraken_grc_teubner_postprocessing.spell_check_polytonic_greek_False.xml
00000064.tif → /cluster/tufts/perseus_ocr/nidaba/OCR/bce653aa-cb26-435b-96d2-715cb6ac6009/00000064_img.rgb_to_gray_binarize.otsu_ocr.kraken_grc_teubner_postprocessing.spell_check_polytonic_greek_False.xml
00000410.tif → /cluster/tufts/perseus_ocr/nidaba/OCR/bce653aa-cb26-435b-96d2-715cb6ac6009/00000410_img.rgb_to_gray_binarize.otsu_ocr.kraken_grc_teubner_postprocessing.spell_check_polytonic_greek_False.xml
00000366.tif → /cluster/tufts/perseus_ocr/nidaba/OCR/bce653aa-cb26-435b-96d2-715cb6ac6009/00000366_img.rgb_to_gray_binarize.otsu_ocr.kraken_grc_teubner_postprocessing.spell_check_polytonic_greek_False.xml
00000351.tif → /cluster/tufts/perseus_ocr/nidaba/OCR/bce653aa-cb26-435b-96d2-715cb6ac6009/00000351_img.rgb_to_gray_binarize.otsu_ocr.kraken_grc_teubner_postprocessing.spell_check_polytonic_greek_False.xml
00000187.tif → /cluster/tufts/perseus_ocr/nidaba/OCR/bce653aa-cb26-435b-96d2-715cb6ac6009/00000187_img.rgb_to_gray_binarize.otsu_ocr.kraken_grc_teubner_postprocessing.spell_check_polytonic_greek_False.xml
00000197.tif → /cluster/tufts/perseus_ocr/nidaba/OCR/bce653aa-cb26-435b-96d2-715cb6ac6009/00000197_img.rgb_to_gray_binarize.otsu_ocr.kraken_grc_teubner_postprocessing.spell_check_polytonic_greek_False.xml
00000030.tif → /cluster/tufts/perseus_ocr/nidaba/OCR/bce653aa-cb26-435b-96d2-715cb6ac6009/00000030_img.rgb_to_gray_binarize.otsu_ocr.kraken_grc_teubner_postprocessing.spell_check_polytonic_greek_False.xml
00000225.tif → /cluster/tufts/perseus_ocr/nidaba/OCR/bce653aa-cb26-435b-96d2-715cb6ac6009/00000225_img.rgb_to_gray_binarize.otsu_ocr.kraken_grc_teubner_postprocessing.spell_check_polytonic_greek_False.xml
00000302.tif → /cluster/tufts/perseus_ocr/nidaba/OCR/bce653aa-cb26-435b-96d2-715cb6ac6009/00000302_img.rgb_to_gray_binarize.otsu_ocr.kraken_grc_teubner_postprocessing.spell_check_polytonic_greek_False.xml
00000024.tif → /cluster/tufts/perseus_ocr/nidaba/OCR/bce653aa-cb26-435b-96d2-715cb6ac6009/00000024_img.rgb_to_gray_binarize.otsu_ocr.kraken_grc_teubner_postprocessing.spell_check_polytonic_greek_False.xml
00000316.tif → /cluster/tufts/perseus_ocr/nidaba/OCR/bce653aa-cb26-435b-96d2-715cb6ac6009/00000316_img.rgb_to_gray_binarize.otsu_ocr.kraken_grc_teubner_postprocessing.spell_check_polytonic_greek_False.xml
00000208.tif → /cluster/tufts/perseus_ocr/nidaba/OCR/bce653aa-cb26-435b-96d2-715cb6ac6009/00000208_img.rgb_to_gray_binarize.otsu_ocr.kraken_grc_teubner_postprocessing.spell_check_polytonic_greek_False.xml
00000105.tif → /cluster/tufts/perseus_ocr/nidaba/OCR/bce653aa-cb26-435b-96d2-715cb6ac6009/00000105_img.rgb_to_gray_binarize.otsu_ocr.kraken_grc_teubner_postprocessing.spell_check_polytonic_greek_False.xml
00000298.tif → /cluster/tufts/perseus_ocr/nidaba/OCR/bce653aa-cb26-435b-96d2-715cb6ac6009/00000298_img.rgb_to_gray_binarize.otsu_ocr.kraken_grc_teubner_postprocessing.spell_check_polytonic_greek_False.xml
00000009.tif → /cluster/tufts/perseus_ocr/nidaba/OCR/bce653aa-cb26-435b-96d2-715cb6ac6009/00000009_img.rgb_to_gray_binarize.otsu_ocr.kraken_grc_teubner_postprocessing.spell_check_polytonic_greek_False.xml
00000075.tif → /cluster/tufts/perseus_ocr/nidaba/OCR/bce653aa-cb26-435b-96d2-715cb6ac6009/00000075_img.rgb_to_gray_binarize.otsu_ocr.kraken_grc_teubner_postprocessing.spell_check_polytonic_greek_False.xml
00000144.tif → /cluster/tufts/perseus_ocr/nidaba/OCR/bce653aa-cb26-435b-96d2-715cb6ac6009/00000144_img.rgb_to_gray_binarize.otsu_ocr.kraken_grc_teubner_postprocessing.spell_check_polytonic_greek_False.xml
00000288.tif → /cluster/tufts/perseus_ocr/nidaba/OCR/bce653aa-cb26-435b-96d2-715cb6ac6009/00000288_img.rgb_to_gray_binarize.otsu_ocr.kraken_grc_teubner_postprocessing.spell_check_polytonic_greek_False.xml
00000211.tif → /cluster/tufts/perseus_ocr/nidaba/OCR/bce653aa-cb26-435b-96d2-715cb6ac6009/00000211_img.rgb_to_gray_binarize.otsu_ocr.kraken_grc_teubner_postprocessing.spell_check_polytonic_greek_False.xml
00000128.tif → /cluster/tufts/perseus_ocr/nidaba/OCR/bce653aa-cb26-435b-96d2-715cb6ac6009/00000128_img.rgb_to_gray_binarize.otsu_ocr.kraken_grc_teubner_postprocessing.spell_check_polytonic_greek_False.xml
00000115.tif → /cluster/tufts/perseus_ocr/nidaba/OCR/bce653aa-cb26-435b-96d2-715cb6ac6009/00000115_img.rgb_to_gray_binarize.otsu_ocr.kraken_grc_teubner_postprocessing.spell_check_polytonic_greek_False.xml
00000303.tif → /cluster/tufts/perseus_ocr/nidaba/OCR/bce653aa-cb26-435b-96d2-715cb6ac6009/00000303_img.rgb_to_gray_binarize.otsu_ocr.kraken_grc_teubner_postprocessing.spell_check_polytonic_greek_False.xml
00000140.tif → /cluster/tufts/perseus_ocr/nidaba/OCR/bce653aa-cb26-435b-96d2-715cb6ac6009/00000140_img.rgb_to_gray_binarize.otsu_ocr.kraken_grc_teubner_postprocessing.spell_check_polytonic_greek_False.xml
00000069.tif → /cluster/tufts/perseus_ocr/nidaba/OCR/bce653aa-cb26-435b-96d2-715cb6ac6009/00000069_img.rgb_to_gray_binarize.otsu_ocr.kraken_grc_teubner_postprocessing.spell_check_polytonic_greek_False.xml
00000164.tif → /cluster/tufts/perseus_ocr/nidaba/OCR/bce653aa-cb26-435b-96d2-715cb6ac6009/00000164_img.rgb_to_gray_binarize.otsu_ocr.kraken_grc_teubner_postprocessing.spell_check_polytonic_greek_False.xml
00000327.tif → /cluster/tufts/perseus_ocr/nidaba/OCR/bce653aa-cb26-435b-96d2-715cb6ac6009/00000327_img.rgb_to_gray_binarize.otsu_ocr.kraken_grc_teubner_postprocessing.spell_check_polytonic_greek_False.xml
00000352.tif → /cluster/tufts/perseus_ocr/nidaba/OCR/bce653aa-cb26-435b-96d2-715cb6ac6009/00000352_img.rgb_to_gray_binarize.otsu_ocr.kraken_grc_teubner_postprocessing.spell_check_polytonic_greek_False.xml
00000265.tif → /cluster/tufts/perseus_ocr/nidaba/OCR/bce653aa-cb26-435b-96d2-715cb6ac6009/00000265_img.rgb_to_gray_binarize.otsu_ocr.kraken_grc_teubner_postprocessing.spell_check_polytonic_greek_False.xml
00000264.tif → /cluster/tufts/perseus_ocr/nidaba/OCR/bce653aa-cb26-435b-96d2-715cb6ac6009/00000264_img.rgb_to_gray_binarize.otsu_ocr.kraken_grc_teubner_postprocessing.spell_check_polytonic_greek_False.xml
00000098.tif → /cluster/tufts/perseus_ocr/nidaba/OCR/bce653aa-cb26-435b-96d2-715cb6ac6009/00000098_img.rgb_to_gray_binarize.otsu_ocr.kraken_grc_teubner_postprocessing.spell_check_polytonic_greek_False.xml
00000371.tif → /cluster/tufts/perseus_ocr/nidaba/OCR/bce653aa-cb26-435b-96d2-715cb6ac6009/00000371_img.rgb_to_gray_binarize.otsu_ocr.kraken_grc_teubner_postprocessing.spell_check_polytonic_greek_False.xml
00000269.tif → /cluster/tufts/perseus_ocr/nidaba/OCR/bce653aa-cb26-435b-96d2-715cb6ac6009/00000269_img.rgb_to_gray_binarize.otsu_ocr.kraken_grc_teubner_postprocessing.spell_check_polytonic_greek_False.xml
00000095.tif → /cluster/tufts/perseus_ocr/nidaba/OCR/bce653aa-cb26-435b-96d2-715cb6ac6009/00000095_img.rgb_to_gray_binarize.otsu_ocr.kraken_grc_teubner_postprocessing.spell_check_polytonic_greek_False.xml
00000186.tif → /cluster/tufts/perseus_ocr/nidaba/OCR/bce653aa-cb26-435b-96d2-715cb6ac6009/00000186_img.rgb_to_gray_binarize.otsu_ocr.kraken_grc_teubner_postprocessing.spell_check_polytonic_greek_False.xml
00000317.tif → /cluster/tufts/perseus_ocr/nidaba/OCR/bce653aa-cb26-435b-96d2-715cb6ac6009/00000317_img.rgb_to_gray_binarize.otsu_ocr.kraken_grc_teubner_postprocessing.spell_check_polytonic_greek_False.xml
00000260.tif → /cluster/tufts/perseus_ocr/nidaba/OCR/bce653aa-cb26-435b-96d2-715cb6ac6009/00000260_img.rgb_to_gray_binarize.otsu_ocr.kraken_grc_teubner_postprocessing.spell_check_polytonic_greek_False.xml
00000067.tif → /cluster/tufts/perseus_ocr/nidaba/OCR/bce653aa-cb26-435b-96d2-715cb6ac6009/00000067_img.rgb_to_gray_binarize.otsu_ocr.kraken_grc_teubner_postprocessing.spell_check_polytonic_greek_False.xml
00000081.tif → /cluster/tufts/perseus_ocr/nidaba/OCR/bce653aa-cb26-435b-96d2-715cb6ac6009/00000081_img.rgb_to_gray_binarize.otsu_ocr.kraken_grc_teubner_postprocessing.spell_check_polytonic_greek_False.xml
00000053.tif → /cluster/tufts/perseus_ocr/nidaba/OCR/bce653aa-cb26-435b-96d2-715cb6ac6009/00000053_img.rgb_to_gray_binarize.otsu_ocr.kraken_grc_teubner_postprocessing.spell_check_polytonic_greek_False.xml
00000163.tif → /cluster/tufts/perseus_ocr/nidaba/OCR/bce653aa-cb26-435b-96d2-715cb6ac6009/00000163_img.rgb_to_gray_binarize.otsu_ocr.kraken_grc_teubner_postprocessing.spell_check_polytonic_greek_False.xml
00000239.tif → /cluster/tufts/perseus_ocr/nidaba/OCR/bce653aa-cb26-435b-96d2-715cb6ac6009/00000239_img.rgb_to_gray_binarize.otsu_ocr.kraken_grc_teubner_postprocessing.spell_check_polytonic_greek_False.xml
00000304.tif → /cluster/tufts/perseus_ocr/nidaba/OCR/bce653aa-cb26-435b-96d2-715cb6ac6009/00000304_img.rgb_to_gray_binarize.otsu_ocr.kraken_grc_teubner_postprocessing.spell_check_polytonic_greek_False.xml
00000007.tif → /cluster/tufts/perseus_ocr/nidaba/OCR/bce653aa-cb26-435b-96d2-715cb6ac6009/00000007_img.rgb_to_gray_binarize.otsu_ocr.kraken_grc_teubner_postprocessing.spell_check_polytonic_greek_False.xml
00000051.tif → /cluster/tufts/perseus_ocr/nidaba/OCR/bce653aa-cb26-435b-96d2-715cb6ac6009/00000051_img.rgb_to_gray_binarize.otsu_ocr.kraken_grc_teubner_postprocessing.spell_check_polytonic_greek_False.xml
00000320.tif → /cluster/tufts/perseus_ocr/nidaba/OCR/bce653aa-cb26-435b-96d2-715cb6ac6009/00000320_img.rgb_to_gray_binarize.otsu_ocr.kraken_grc_teubner_postprocessing.spell_check_polytonic_greek_False.xml
00000353.tif → /cluster/tufts/perseus_ocr/nidaba/OCR/bce653aa-cb26-435b-96d2-715cb6ac6009/00000353_img.rgb_to_gray_binarize.otsu_ocr.kraken_grc_teubner_postprocessing.spell_check_polytonic_greek_False.xml
00000369.tif → /cluster/tufts/perseus_ocr/nidaba/OCR/bce653aa-cb26-435b-96d2-715cb6ac6009/00000369_img.rgb_to_gray_binarize.otsu_ocr.kraken_grc_teubner_postprocessing.spell_check_polytonic_greek_False.xml
00000413.tif → /cluster/tufts/perseus_ocr/nidaba/OCR/bce653aa-cb26-435b-96d2-715cb6ac6009/00000413_img.rgb_to_gray_binarize.otsu_ocr.kraken_grc_teubner_postprocessing.spell_check_polytonic_greek_False.xml
00000423.tif → /cluster/tufts/perseus_ocr/nidaba/OCR/bce653aa-cb26-435b-96d2-715cb6ac6009/00000423_img.rgb_to_gray_binarize.otsu_ocr.kraken_grc_teubner_postprocessing.spell_check_polytonic_greek_False.xml
00000234.tif → /cluster/tufts/perseus_ocr/nidaba/OCR/bce653aa-cb26-435b-96d2-715cb6ac6009/00000234_img.rgb_to_gray_binarize.otsu_ocr.kraken_grc_teubner_postprocessing.spell_check_polytonic_greek_False.xml
00000170.tif → /cluster/tufts/perseus_ocr/nidaba/OCR/bce653aa-cb26-435b-96d2-715cb6ac6009/00000170_img.rgb_to_gray_binarize.otsu_ocr.kraken_grc_teubner_postprocessing.spell_check_polytonic_greek_False.xml
00000076.tif → /cluster/tufts/perseus_ocr/nidaba/OCR/bce653aa-cb26-435b-96d2-715cb6ac6009/00000076_img.rgb_to_gray_binarize.otsu_ocr.kraken_grc_teubner_postprocessing.spell_check_polytonic_greek_False.xml
00000431.tif → /cluster/tufts/perseus_ocr/nidaba/OCR/bce653aa-cb26-435b-96d2-715cb6ac6009/00000431_img.rgb_to_gray_binarize.otsu_ocr.kraken_grc_teubner_postprocessing.spell_check_polytonic_greek_False.xml
00000168.tif → /cluster/tufts/perseus_ocr/nidaba/OCR/bce653aa-cb26-435b-96d2-715cb6ac6009/00000168_img.rgb_to_gray_binarize.otsu_ocr.kraken_grc_teubner_postprocessing.spell_check_polytonic_greek_False.xml
00000328.tif → /cluster/tufts/perseus_ocr/nidaba/OCR/bce653aa-cb26-435b-96d2-715cb6ac6009/00000328_img.rgb_to_gray_binarize.otsu_ocr.kraken_grc_teubner_postprocessing.spell_check_polytonic_greek_False.xml
00000378.tif → /cluster/tufts/perseus_ocr/nidaba/OCR/bce653aa-cb26-435b-96d2-715cb6ac6009/00000378_img.rgb_to_gray_binarize.otsu_ocr.kraken_grc_teubner_postprocessing.spell_check_polytonic_greek_False.xml
00000137.tif → /cluster/tufts/perseus_ocr/nidaba/OCR/bce653aa-cb26-435b-96d2-715cb6ac6009/00000137_img.rgb_to_gray_binarize.otsu_ocr.kraken_grc_teubner_postprocessing.spell_check_polytonic_greek_False.xml
00000243.tif → /cluster/tufts/perseus_ocr/nidaba/OCR/bce653aa-cb26-435b-96d2-715cb6ac6009/00000243_img.rgb_to_gray_binarize.otsu_ocr.kraken_grc_teubner_postprocessing.spell_check_polytonic_greek_False.xml
00000464.tif → /cluster/tufts/perseus_ocr/nidaba/OCR/bce653aa-cb26-435b-96d2-715cb6ac6009/00000464_img.rgb_to_gray_binarize.otsu_ocr.kraken_grc_teubner_postprocessing.spell_check_polytonic_greek_False.xml
00000307.tif → /cluster/tufts/perseus_ocr/nidaba/OCR/bce653aa-cb26-435b-96d2-715cb6ac6009/00000307_img.rgb_to_gray_binarize.otsu_ocr.kraken_grc_teubner_postprocessing.spell_check_polytonic_greek_False.xml
00000180.tif → /cluster/tufts/perseus_ocr/nidaba/OCR/bce653aa-cb26-435b-96d2-715cb6ac6009/00000180_img.rgb_to_gray_binarize.otsu_ocr.kraken_grc_teubner_postprocessing.spell_check_polytonic_greek_False.xml
00000106.tif → /cluster/tufts/perseus_ocr/nidaba/OCR/bce653aa-cb26-435b-96d2-715cb6ac6009/00000106_img.rgb_to_gray_binarize.otsu_ocr.kraken_grc_teubner_postprocessing.spell_check_polytonic_greek_False.xml
00000309.tif → /cluster/tufts/perseus_ocr/nidaba/OCR/bce653aa-cb26-435b-96d2-715cb6ac6009/00000309_img.rgb_to_gray_binarize.otsu_ocr.kraken_grc_teubner_postprocessing.spell_check_polytonic_greek_False.xml
00000393.tif → /cluster/tufts/perseus_ocr/nidaba/OCR/bce653aa-cb26-435b-96d2-715cb6ac6009/00000393_img.rgb_to_gray_binarize.otsu_ocr.kraken_grc_teubner_postprocessing.spell_check_polytonic_greek_False.xml
00000276.tif → /cluster/tufts/perseus_ocr/nidaba/OCR/bce653aa-cb26-435b-96d2-715cb6ac6009/00000276_img.rgb_to_gray_binarize.otsu_ocr.kraken_grc_teubner_postprocessing.spell_check_polytonic_greek_False.xml
00000271.tif → /cluster/tufts/perseus_ocr/nidaba/OCR/bce653aa-cb26-435b-96d2-715cb6ac6009/00000271_img.rgb_to_gray_binarize.otsu_ocr.kraken_grc_teubner_postprocessing.spell_check_polytonic_greek_False.xml
00000466.tif → /cluster/tufts/perseus_ocr/nidaba/OCR/bce653aa-cb26-435b-96d2-715cb6ac6009/00000466_img.rgb_to_gray_binarize.otsu_ocr.kraken_grc_teubner_postprocessing.spell_check_polytonic_greek_False.xml
00000232.tif → /cluster/tufts/perseus_ocr/nidaba/OCR/bce653aa-cb26-435b-96d2-715cb6ac6009/00000232_img.rgb_to_gray_binarize.otsu_ocr.kraken_grc_teubner_postprocessing.spell_check_polytonic_greek_False.xml
00000181.tif → /cluster/tufts/perseus_ocr/nidaba/OCR/bce653aa-cb26-435b-96d2-715cb6ac6009/00000181_img.rgb_to_gray_binarize.otsu_ocr.kraken_grc_teubner_postprocessing.spell_check_polytonic_greek_False.xml
00000103.tif → /cluster/tufts/perseus_ocr/nidaba/OCR/bce653aa-cb26-435b-96d2-715cb6ac6009/00000103_img.rgb_to_gray_binarize.otsu_ocr.kraken_grc_teubner_postprocessing.spell_check_polytonic_greek_False.xml
00000451.tif → /cluster/tufts/perseus_ocr/nidaba/OCR/bce653aa-cb26-435b-96d2-715cb6ac6009/00000451_img.rgb_to_gray_binarize.otsu_ocr.kraken_grc_teubner_postprocessing.spell_check_polytonic_greek_False.xml
00000254.tif → /cluster/tufts/perseus_ocr/nidaba/OCR/bce653aa-cb26-435b-96d2-715cb6ac6009/00000254_img.rgb_to_gray_binarize.otsu_ocr.kraken_grc_teubner_postprocessing.spell_check_polytonic_greek_False.xml
00000062.tif → /cluster/tufts/perseus_ocr/nidaba/OCR/bce653aa-cb26-435b-96d2-715cb6ac6009/00000062_img.rgb_to_gray_binarize.otsu_ocr.kraken_grc_teubner_postprocessing.spell_check_polytonic_greek_False.xml
00000459.tif → /cluster/tufts/perseus_ocr/nidaba/OCR/bce653aa-cb26-435b-96d2-715cb6ac6009/00000459_img.rgb_to_gray_binarize.otsu_ocr.kraken_grc_teubner_postprocessing.spell_check_polytonic_greek_False.xml
00000363.tif → /cluster/tufts/perseus_ocr/nidaba/OCR/bce653aa-cb26-435b-96d2-715cb6ac6009/00000363_img.rgb_to_gray_binarize.otsu_ocr.kraken_grc_teubner_postprocessing.spell_check_polytonic_greek_False.xml
00000416.tif → /cluster/tufts/perseus_ocr/nidaba/OCR/bce653aa-cb26-435b-96d2-715cb6ac6009/00000416_img.rgb_to_gray_binarize.otsu_ocr.kraken_grc_teubner_postprocessing.spell_check_polytonic_greek_False.xml
00000300.tif → /cluster/tufts/perseus_ocr/nidaba/OCR/bce653aa-cb26-435b-96d2-715cb6ac6009/00000300_img.rgb_to_gray_binarize.otsu_ocr.kraken_grc_teubner_postprocessing.spell_check_polytonic_greek_False.xml
00000246.tif → /cluster/tufts/perseus_ocr/nidaba/OCR/bce653aa-cb26-435b-96d2-715cb6ac6009/00000246_img.rgb_to_gray_binarize.otsu_ocr.kraken_grc_teubner_postprocessing.spell_check_polytonic_greek_False.xml
00000188.tif → /cluster/tufts/perseus_ocr/nidaba/OCR/bce653aa-cb26-435b-96d2-715cb6ac6009/00000188_img.rgb_to_gray_binarize.otsu_ocr.kraken_grc_teubner_postprocessing.spell_check_polytonic_greek_False.xml
00000094.tif → /cluster/tufts/perseus_ocr/nidaba/OCR/bce653aa-cb26-435b-96d2-715cb6ac6009/00000094_img.rgb_to_gray_binarize.otsu_ocr.kraken_grc_teubner_postprocessing.spell_check_polytonic_greek_False.xml
00000052.tif → /cluster/tufts/perseus_ocr/nidaba/OCR/bce653aa-cb26-435b-96d2-715cb6ac6009/00000052_img.rgb_to_gray_binarize.otsu_ocr.kraken_grc_teubner_postprocessing.spell_check_polytonic_greek_False.xml
00000333.tif → /cluster/tufts/perseus_ocr/nidaba/OCR/bce653aa-cb26-435b-96d2-715cb6ac6009/00000333_img.rgb_to_gray_binarize.otsu_ocr.kraken_grc_teubner_postprocessing.spell_check_polytonic_greek_False.xml
00000156.tif → /cluster/tufts/perseus_ocr/nidaba/OCR/bce653aa-cb26-435b-96d2-715cb6ac6009/00000156_img.rgb_to_gray_binarize.otsu_ocr.kraken_grc_teubner_postprocessing.spell_check_polytonic_greek_False.xml
00000158.tif → /cluster/tufts/perseus_ocr/nidaba/OCR/bce653aa-cb26-435b-96d2-715cb6ac6009/00000158_img.rgb_to_gray_binarize.otsu_ocr.kraken_grc_teubner_postprocessing.spell_check_polytonic_greek_False.xml
00000425.tif → /cluster/tufts/perseus_ocr/nidaba/OCR/bce653aa-cb26-435b-96d2-715cb6ac6009/00000425_img.rgb_to_gray_binarize.otsu_ocr.kraken_grc_teubner_postprocessing.spell_check_polytonic_greek_False.xml
00000202.tif → /cluster/tufts/perseus_ocr/nidaba/OCR/bce653aa-cb26-435b-96d2-715cb6ac6009/00000202_img.rgb_to_gray_binarize.otsu_ocr.kraken_grc_teubner_postprocessing.spell_check_polytonic_greek_False.xml
00000174.tif → /cluster/tufts/perseus_ocr/nidaba/OCR/bce653aa-cb26-435b-96d2-715cb6ac6009/00000174_img.rgb_to_gray_binarize.otsu_ocr.kraken_grc_teubner_postprocessing.spell_check_polytonic_greek_False.xml
00000123.tif → /cluster/tufts/perseus_ocr/nidaba/OCR/bce653aa-cb26-435b-96d2-715cb6ac6009/00000123_img.rgb_to_gray_binarize.otsu_ocr.kraken_grc_teubner_postprocessing.spell_check_polytonic_greek_False.xml
00000380.tif → /cluster/tufts/perseus_ocr/nidaba/OCR/bce653aa-cb26-435b-96d2-715cb6ac6009/00000380_img.rgb_to_gray_binarize.otsu_ocr.kraken_grc_teubner_postprocessing.spell_check_polytonic_greek_False.xml
00000200.tif → /cluster/tufts/perseus_ocr/nidaba/OCR/bce653aa-cb26-435b-96d2-715cb6ac6009/00000200_img.rgb_to_gray_binarize.otsu_ocr.kraken_grc_teubner_postprocessing.spell_check_polytonic_greek_False.xml
00000017.tif → /cluster/tufts/perseus_ocr/nidaba/OCR/bce653aa-cb26-435b-96d2-715cb6ac6009/00000017_img.rgb_to_gray_binarize.otsu_ocr.kraken_grc_teubner_postprocessing.spell_check_polytonic_greek_False.xml
00000430.tif → /cluster/tufts/perseus_ocr/nidaba/OCR/bce653aa-cb26-435b-96d2-715cb6ac6009/00000430_img.rgb_to_gray_binarize.otsu_ocr.kraken_grc_teubner_postprocessing.spell_check_polytonic_greek_False.xml
00000404.tif → /cluster/tufts/perseus_ocr/nidaba/OCR/bce653aa-cb26-435b-96d2-715cb6ac6009/00000404_img.rgb_to_gray_binarize.otsu_ocr.kraken_grc_teubner_postprocessing.spell_check_polytonic_greek_False.xml
00000391.tif → /cluster/tufts/perseus_ocr/nidaba/OCR/bce653aa-cb26-435b-96d2-715cb6ac6009/00000391_img.rgb_to_gray_binarize.otsu_ocr.kraken_grc_teubner_postprocessing.spell_check_polytonic_greek_False.xml
00000361.tif → /cluster/tufts/perseus_ocr/nidaba/OCR/bce653aa-cb26-435b-96d2-715cb6ac6009/00000361_img.rgb_to_gray_binarize.otsu_ocr.kraken_grc_teubner_postprocessing.spell_check_polytonic_greek_False.xml
00000125.tif → /cluster/tufts/perseus_ocr/nidaba/OCR/bce653aa-cb26-435b-96d2-715cb6ac6009/00000125_img.rgb_to_gray_binarize.otsu_ocr.kraken_grc_teubner_postprocessing.spell_check_polytonic_greek_False.xml
00000432.tif → /cluster/tufts/perseus_ocr/nidaba/OCR/bce653aa-cb26-435b-96d2-715cb6ac6009/00000432_img.rgb_to_gray_binarize.otsu_ocr.kraken_grc_teubner_postprocessing.spell_check_polytonic_greek_False.xml
00000209.tif → /cluster/tufts/perseus_ocr/nidaba/OCR/bce653aa-cb26-435b-96d2-715cb6ac6009/00000209_img.rgb_to_gray_binarize.otsu_ocr.kraken_grc_teubner_postprocessing.spell_check_polytonic_greek_False.xml
00000399.tif → /cluster/tufts/perseus_ocr/nidaba/OCR/bce653aa-cb26-435b-96d2-715cb6ac6009/00000399_img.rgb_to_gray_binarize.otsu_ocr.kraken_grc_teubner_postprocessing.spell_check_polytonic_greek_False.xml
00000141.tif → /cluster/tufts/perseus_ocr/nidaba/OCR/bce653aa-cb26-435b-96d2-715cb6ac6009/00000141_img.rgb_to_gray_binarize.otsu_ocr.kraken_grc_teubner_postprocessing.spell_check_polytonic_greek_False.xml
00000261.tif → /cluster/tufts/perseus_ocr/nidaba/OCR/bce653aa-cb26-435b-96d2-715cb6ac6009/00000261_img.rgb_to_gray_binarize.otsu_ocr.kraken_grc_teubner_postprocessing.spell_check_polytonic_greek_False.xml
00000010.tif → /cluster/tufts/perseus_ocr/nidaba/OCR/bce653aa-cb26-435b-96d2-715cb6ac6009/00000010_img.rgb_to_gray_binarize.otsu_ocr.kraken_grc_teubner_postprocessing.spell_check_polytonic_greek_False.xml
00000354.tif → /cluster/tufts/perseus_ocr/nidaba/OCR/bce653aa-cb26-435b-96d2-715cb6ac6009/00000354_img.rgb_to_gray_binarize.otsu_ocr.kraken_grc_teubner_postprocessing.spell_check_polytonic_greek_False.xml
00000445.tif → /cluster/tufts/perseus_ocr/nidaba/OCR/bce653aa-cb26-435b-96d2-715cb6ac6009/00000445_img.rgb_to_gray_binarize.otsu_ocr.kraken_grc_teubner_postprocessing.spell_check_polytonic_greek_False.xml
00000071.tif → /cluster/tufts/perseus_ocr/nidaba/OCR/bce653aa-cb26-435b-96d2-715cb6ac6009/00000071_img.rgb_to_gray_binarize.otsu_ocr.kraken_grc_teubner_postprocessing.spell_check_polytonic_greek_False.xml
00000454.tif → /cluster/tufts/perseus_ocr/nidaba/OCR/bce653aa-cb26-435b-96d2-715cb6ac6009/00000454_img.rgb_to_gray_binarize.otsu_ocr.kraken_grc_teubner_postprocessing.spell_check_polytonic_greek_False.xml
00000447.tif → /cluster/tufts/perseus_ocr/nidaba/OCR/bce653aa-cb26-435b-96d2-715cb6ac6009/00000447_img.rgb_to_gray_binarize.otsu_ocr.kraken_grc_teubner_postprocessing.spell_check_polytonic_greek_False.xml
00000045.tif → /cluster/tufts/perseus_ocr/nidaba/OCR/bce653aa-cb26-435b-96d2-715cb6ac6009/00000045_img.rgb_to_gray_binarize.otsu_ocr.kraken_grc_teubner_postprocessing.spell_check_polytonic_greek_False.xml
00000055.tif → /cluster/tufts/perseus_ocr/nidaba/OCR/bce653aa-cb26-435b-96d2-715cb6ac6009/00000055_img.rgb_to_gray_binarize.otsu_ocr.kraken_grc_teubner_postprocessing.spell_check_polytonic_greek_False.xml
00000242.tif → /cluster/tufts/perseus_ocr/nidaba/OCR/bce653aa-cb26-435b-96d2-715cb6ac6009/00000242_img.rgb_to_gray_binarize.otsu_ocr.kraken_grc_teubner_postprocessing.spell_check_polytonic_greek_False.xml
00000337.tif → /cluster/tufts/perseus_ocr/nidaba/OCR/bce653aa-cb26-435b-96d2-715cb6ac6009/00000337_img.rgb_to_gray_binarize.otsu_ocr.kraken_grc_teubner_postprocessing.spell_check_polytonic_greek_False.xml
00000108.tif → /cluster/tufts/perseus_ocr/nidaba/OCR/bce653aa-cb26-435b-96d2-715cb6ac6009/00000108_img.rgb_to_gray_binarize.otsu_ocr.kraken_grc_teubner_postprocessing.spell_check_polytonic_greek_False.xml
00000206.tif → /cluster/tufts/perseus_ocr/nidaba/OCR/bce653aa-cb26-435b-96d2-715cb6ac6009/00000206_img.rgb_to_gray_binarize.otsu_ocr.kraken_grc_teubner_postprocessing.spell_check_polytonic_greek_False.xml
00000218.tif → /cluster/tufts/perseus_ocr/nidaba/OCR/bce653aa-cb26-435b-96d2-715cb6ac6009/00000218_img.rgb_to_gray_binarize.otsu_ocr.kraken_grc_teubner_postprocessing.spell_check_polytonic_greek_False.xml
00000428.tif → /cluster/tufts/perseus_ocr/nidaba/OCR/bce653aa-cb26-435b-96d2-715cb6ac6009/00000428_img.rgb_to_gray_binarize.otsu_ocr.kraken_grc_teubner_postprocessing.spell_check_polytonic_greek_False.xml
00000388.tif → /cluster/tufts/perseus_ocr/nidaba/OCR/bce653aa-cb26-435b-96d2-715cb6ac6009/00000388_img.rgb_to_gray_binarize.otsu_ocr.kraken_grc_teubner_postprocessing.spell_check_polytonic_greek_False.xml
00000312.tif → /cluster/tufts/perseus_ocr/nidaba/OCR/bce653aa-cb26-435b-96d2-715cb6ac6009/00000312_img.rgb_to_gray_binarize.otsu_ocr.kraken_grc_teubner_postprocessing.spell_check_polytonic_greek_False.xml
00000083.tif → /cluster/tufts/perseus_ocr/nidaba/OCR/bce653aa-cb26-435b-96d2-715cb6ac6009/00000083_img.rgb_to_gray_binarize.otsu_ocr.kraken_grc_teubner_postprocessing.spell_check_polytonic_greek_False.xml
00000289.tif → /cluster/tufts/perseus_ocr/nidaba/OCR/bce653aa-cb26-435b-96d2-715cb6ac6009/00000289_img.rgb_to_gray_binarize.otsu_ocr.kraken_grc_teubner_postprocessing.spell_check_polytonic_greek_False.xml
00000460.tif → /cluster/tufts/perseus_ocr/nidaba/OCR/bce653aa-cb26-435b-96d2-715cb6ac6009/00000460_img.rgb_to_gray_binarize.otsu_ocr.kraken_grc_teubner_postprocessing.spell_check_polytonic_greek_False.xml
00000107.tif → /cluster/tufts/perseus_ocr/nidaba/OCR/bce653aa-cb26-435b-96d2-715cb6ac6009/00000107_img.rgb_to_gray_binarize.otsu_ocr.kraken_grc_teubner_postprocessing.spell_check_polytonic_greek_False.xml
00000019.tif → /cluster/tufts/perseus_ocr/nidaba/OCR/bce653aa-cb26-435b-96d2-715cb6ac6009/00000019_img.rgb_to_gray_binarize.otsu_ocr.kraken_grc_teubner_postprocessing.spell_check_polytonic_greek_False.xml
00000296.tif → /cluster/tufts/perseus_ocr/nidaba/OCR/bce653aa-cb26-435b-96d2-715cb6ac6009/00000296_img.rgb_to_gray_binarize.otsu_ocr.kraken_grc_teubner_postprocessing.spell_check_polytonic_greek_False.xml
00000161.tif → /cluster/tufts/perseus_ocr/nidaba/OCR/bce653aa-cb26-435b-96d2-715cb6ac6009/00000161_img.rgb_to_gray_binarize.otsu_ocr.kraken_grc_teubner_postprocessing.spell_check_polytonic_greek_False.xml
00000006.tif → /cluster/tufts/perseus_ocr/nidaba/OCR/bce653aa-cb26-435b-96d2-715cb6ac6009/00000006_img.rgb_to_gray_binarize.otsu_ocr.kraken_grc_teubner_postprocessing.spell_check_polytonic_greek_False.xml
00000373.tif → /cluster/tufts/perseus_ocr/nidaba/OCR/bce653aa-cb26-435b-96d2-715cb6ac6009/00000373_img.rgb_to_gray_binarize.otsu_ocr.kraken_grc_teubner_postprocessing.spell_check_polytonic_greek_False.xml
00000130.tif → /cluster/tufts/perseus_ocr/nidaba/OCR/bce653aa-cb26-435b-96d2-715cb6ac6009/00000130_img.rgb_to_gray_binarize.otsu_ocr.kraken_grc_teubner_postprocessing.spell_check_polytonic_greek_False.xml
00000049.tif → /cluster/tufts/perseus_ocr/nidaba/OCR/bce653aa-cb26-435b-96d2-715cb6ac6009/00000049_img.rgb_to_gray_binarize.otsu_ocr.kraken_grc_teubner_postprocessing.spell_check_polytonic_greek_False.xml
00000167.tif → /cluster/tufts/perseus_ocr/nidaba/OCR/bce653aa-cb26-435b-96d2-715cb6ac6009/00000167_img.rgb_to_gray_binarize.otsu_ocr.kraken_grc_teubner_postprocessing.spell_check_polytonic_greek_False.xml
00000275.tif → /cluster/tufts/perseus_ocr/nidaba/OCR/bce653aa-cb26-435b-96d2-715cb6ac6009/00000275_img.rgb_to_gray_binarize.otsu_ocr.kraken_grc_teubner_postprocessing.spell_check_polytonic_greek_False.xml
00000162.tif → /cluster/tufts/perseus_ocr/nidaba/OCR/bce653aa-cb26-435b-96d2-715cb6ac6009/00000162_img.rgb_to_gray_binarize.otsu_ocr.kraken_grc_teubner_postprocessing.spell_check_polytonic_greek_False.xml
00000038.tif → /cluster/tufts/perseus_ocr/nidaba/OCR/bce653aa-cb26-435b-96d2-715cb6ac6009/00000038_img.rgb_to_gray_binarize.otsu_ocr.kraken_grc_teubner_postprocessing.spell_check_polytonic_greek_False.xml
00000031.tif → /cluster/tufts/perseus_ocr/nidaba/OCR/bce653aa-cb26-435b-96d2-715cb6ac6009/00000031_img.rgb_to_gray_binarize.otsu_ocr.kraken_grc_teubner_postprocessing.spell_check_polytonic_greek_False.xml
00000077.tif → /cluster/tufts/perseus_ocr/nidaba/OCR/bce653aa-cb26-435b-96d2-715cb6ac6009/00000077_img.rgb_to_gray_binarize.otsu_ocr.kraken_grc_teubner_postprocessing.spell_check_polytonic_greek_False.xml
00000266.tif → /cluster/tufts/perseus_ocr/nidaba/OCR/bce653aa-cb26-435b-96d2-715cb6ac6009/00000266_img.rgb_to_gray_binarize.otsu_ocr.kraken_grc_teubner_postprocessing.spell_check_polytonic_greek_False.xml
00000442.tif → /cluster/tufts/perseus_ocr/nidaba/OCR/bce653aa-cb26-435b-96d2-715cb6ac6009/00000442_img.rgb_to_gray_binarize.otsu_ocr.kraken_grc_teubner_postprocessing.spell_check_polytonic_greek_False.xml
00000078.tif → /cluster/tufts/perseus_ocr/nidaba/OCR/bce653aa-cb26-435b-96d2-715cb6ac6009/00000078_img.rgb_to_gray_binarize.otsu_ocr.kraken_grc_teubner_postprocessing.spell_check_polytonic_greek_False.xml
00000286.tif → /cluster/tufts/perseus_ocr/nidaba/OCR/bce653aa-cb26-435b-96d2-715cb6ac6009/00000286_img.rgb_to_gray_binarize.otsu_ocr.kraken_grc_teubner_postprocessing.spell_check_polytonic_greek_False.xml
00000370.tif → /cluster/tufts/perseus_ocr/nidaba/OCR/bce653aa-cb26-435b-96d2-715cb6ac6009/00000370_img.rgb_to_gray_binarize.otsu_ocr.kraken_grc_teubner_postprocessing.spell_check_polytonic_greek_False.xml
00000131.tif → /cluster/tufts/perseus_ocr/nidaba/OCR/bce653aa-cb26-435b-96d2-715cb6ac6009/00000131_img.rgb_to_gray_binarize.otsu_ocr.kraken_grc_teubner_postprocessing.spell_check_polytonic_greek_False.xml
00000463.tif → /cluster/tufts/perseus_ocr/nidaba/OCR/bce653aa-cb26-435b-96d2-715cb6ac6009/00000463_img.rgb_to_gray_binarize.otsu_ocr.kraken_grc_teubner_postprocessing.spell_check_polytonic_greek_False.xml
00000104.tif → /cluster/tufts/perseus_ocr/nidaba/OCR/bce653aa-cb26-435b-96d2-715cb6ac6009/00000104_img.rgb_to_gray_binarize.otsu_ocr.kraken_grc_teubner_postprocessing.spell_check_polytonic_greek_False.xml
00000221.tif → /cluster/tufts/perseus_ocr/nidaba/OCR/bce653aa-cb26-435b-96d2-715cb6ac6009/00000221_img.rgb_to_gray_binarize.otsu_ocr.kraken_grc_teubner_postprocessing.spell_check_polytonic_greek_False.xml
00000313.tif → /cluster/tufts/perseus_ocr/nidaba/OCR/bce653aa-cb26-435b-96d2-715cb6ac6009/00000313_img.rgb_to_gray_binarize.otsu_ocr.kraken_grc_teubner_postprocessing.spell_check_polytonic_greek_False.xml
00000356.tif → /cluster/tufts/perseus_ocr/nidaba/OCR/bce653aa-cb26-435b-96d2-715cb6ac6009/00000356_img.rgb_to_gray_binarize.otsu_ocr.kraken_grc_teubner_postprocessing.spell_check_polytonic_greek_False.xml
00000116.tif → /cluster/tufts/perseus_ocr/nidaba/OCR/bce653aa-cb26-435b-96d2-715cb6ac6009/00000116_img.rgb_to_gray_binarize.otsu_ocr.kraken_grc_teubner_postprocessing.spell_check_polytonic_greek_False.xml
00000101.tif → /cluster/tufts/perseus_ocr/nidaba/OCR/bce653aa-cb26-435b-96d2-715cb6ac6009/00000101_img.rgb_to_gray_binarize.otsu_ocr.kraken_grc_teubner_postprocessing.spell_check_polytonic_greek_False.xml
00000192.tif → /cluster/tufts/perseus_ocr/nidaba/OCR/bce653aa-cb26-435b-96d2-715cb6ac6009/00000192_img.rgb_to_gray_binarize.otsu_ocr.kraken_grc_teubner_postprocessing.spell_check_polytonic_greek_False.xml
00000237.tif → /cluster/tufts/perseus_ocr/nidaba/OCR/bce653aa-cb26-435b-96d2-715cb6ac6009/00000237_img.rgb_to_gray_binarize.otsu_ocr.kraken_grc_teubner_postprocessing.spell_check_polytonic_greek_False.xml
00000122.tif → /cluster/tufts/perseus_ocr/nidaba/OCR/bce653aa-cb26-435b-96d2-715cb6ac6009/00000122_img.rgb_to_gray_binarize.otsu_ocr.kraken_grc_teubner_postprocessing.spell_check_polytonic_greek_False.xml
00000114.tif → /cluster/tufts/perseus_ocr/nidaba/OCR/bce653aa-cb26-435b-96d2-715cb6ac6009/00000114_img.rgb_to_gray_binarize.otsu_ocr.kraken_grc_teubner_postprocessing.spell_check_polytonic_greek_False.xml
00000185.tif → /cluster/tufts/perseus_ocr/nidaba/OCR/bce653aa-cb26-435b-96d2-715cb6ac6009/00000185_img.rgb_to_gray_binarize.otsu_ocr.kraken_grc_teubner_postprocessing.spell_check_polytonic_greek_False.xml
00000102.tif → /cluster/tufts/perseus_ocr/nidaba/OCR/bce653aa-cb26-435b-96d2-715cb6ac6009/00000102_img.rgb_to_gray_binarize.otsu_ocr.kraken_grc_teubner_postprocessing.spell_check_polytonic_greek_False.xml
00000339.tif → /cluster/tufts/perseus_ocr/nidaba/OCR/bce653aa-cb26-435b-96d2-715cb6ac6009/00000339_img.rgb_to_gray_binarize.otsu_ocr.kraken_grc_teubner_postprocessing.spell_check_polytonic_greek_False.xml
00000082.tif → /cluster/tufts/perseus_ocr/nidaba/OCR/bce653aa-cb26-435b-96d2-715cb6ac6009/00000082_img.rgb_to_gray_binarize.otsu_ocr.kraken_grc_teubner_postprocessing.spell_check_polytonic_greek_False.xml
00000058.tif → /cluster/tufts/perseus_ocr/nidaba/OCR/bce653aa-cb26-435b-96d2-715cb6ac6009/00000058_img.rgb_to_gray_binarize.otsu_ocr.kraken_grc_teubner_postprocessing.spell_check_polytonic_greek_False.xml
00000121.tif → /cluster/tufts/perseus_ocr/nidaba/OCR/bce653aa-cb26-435b-96d2-715cb6ac6009/00000121_img.rgb_to_gray_binarize.otsu_ocr.kraken_grc_teubner_postprocessing.spell_check_polytonic_greek_False.xml
00000324.tif → /cluster/tufts/perseus_ocr/nidaba/OCR/bce653aa-cb26-435b-96d2-715cb6ac6009/00000324_img.rgb_to_gray_binarize.otsu_ocr.kraken_grc_teubner_postprocessing.spell_check_polytonic_greek_False.xml
00000258.tif → /cluster/tufts/perseus_ocr/nidaba/OCR/bce653aa-cb26-435b-96d2-715cb6ac6009/00000258_img.rgb_to_gray_binarize.otsu_ocr.kraken_grc_teubner_postprocessing.spell_check_polytonic_greek_False.xml
00000070.tif → /cluster/tufts/perseus_ocr/nidaba/OCR/bce653aa-cb26-435b-96d2-715cb6ac6009/00000070_img.rgb_to_gray_binarize.otsu_ocr.kraken_grc_teubner_postprocessing.spell_check_polytonic_greek_False.xml
00000134.tif → /cluster/tufts/perseus_ocr/nidaba/OCR/bce653aa-cb26-435b-96d2-715cb6ac6009/00000134_img.rgb_to_gray_binarize.otsu_ocr.kraken_grc_teubner_postprocessing.spell_check_polytonic_greek_False.xml
00000421.tif → /cluster/tufts/perseus_ocr/nidaba/OCR/bce653aa-cb26-435b-96d2-715cb6ac6009/00000421_img.rgb_to_gray_binarize.otsu_ocr.kraken_grc_teubner_postprocessing.spell_check_polytonic_greek_False.xml
00000283.tif → /cluster/tufts/perseus_ocr/nidaba/OCR/bce653aa-cb26-435b-96d2-715cb6ac6009/00000283_img.rgb_to_gray_binarize.otsu_ocr.kraken_grc_teubner_postprocessing.spell_check_polytonic_greek_False.xml
00000389.tif → /cluster/tufts/perseus_ocr/nidaba/OCR/bce653aa-cb26-435b-96d2-715cb6ac6009/00000389_img.rgb_to_gray_binarize.otsu_ocr.kraken_grc_teubner_postprocessing.spell_check_polytonic_greek_False.xml
00000048.tif → /cluster/tufts/perseus_ocr/nidaba/OCR/bce653aa-cb26-435b-96d2-715cb6ac6009/00000048_img.rgb_to_gray_binarize.otsu_ocr.kraken_grc_teubner_postprocessing.spell_check_polytonic_greek_False.xml
00000215.tif → /cluster/tufts/perseus_ocr/nidaba/OCR/bce653aa-cb26-435b-96d2-715cb6ac6009/00000215_img.rgb_to_gray_binarize.otsu_ocr.kraken_grc_teubner_postprocessing.spell_check_polytonic_greek_False.xml
00000420.tif → /cluster/tufts/perseus_ocr/nidaba/OCR/bce653aa-cb26-435b-96d2-715cb6ac6009/00000420_img.rgb_to_gray_binarize.otsu_ocr.kraken_grc_teubner_postprocessing.spell_check_polytonic_greek_False.xml
00000198.tif → /cluster/tufts/perseus_ocr/nidaba/OCR/bce653aa-cb26-435b-96d2-715cb6ac6009/00000198_img.rgb_to_gray_binarize.otsu_ocr.kraken_grc_teubner_postprocessing.spell_check_polytonic_greek_False.xml
00000189.tif → /cluster/tufts/perseus_ocr/nidaba/OCR/bce653aa-cb26-435b-96d2-715cb6ac6009/00000189_img.rgb_to_gray_binarize.otsu_ocr.kraken_grc_teubner_postprocessing.spell_check_polytonic_greek_False.xml
00000367.tif → /cluster/tufts/perseus_ocr/nidaba/OCR/bce653aa-cb26-435b-96d2-715cb6ac6009/00000367_img.rgb_to_gray_binarize.otsu_ocr.kraken_grc_teubner_postprocessing.spell_check_polytonic_greek_False.xml
00000111.tif → /cluster/tufts/perseus_ocr/nidaba/OCR/bce653aa-cb26-435b-96d2-715cb6ac6009/00000111_img.rgb_to_gray_binarize.otsu_ocr.kraken_grc_teubner_postprocessing.spell_check_polytonic_greek_False.xml
00000290.tif → /cluster/tufts/perseus_ocr/nidaba/OCR/bce653aa-cb26-435b-96d2-715cb6ac6009/00000290_img.rgb_to_gray_binarize.otsu_ocr.kraken_grc_teubner_postprocessing.spell_check_polytonic_greek_False.xml
00000336.tif → /cluster/tufts/perseus_ocr/nidaba/OCR/bce653aa-cb26-435b-96d2-715cb6ac6009/00000336_img.rgb_to_gray_binarize.otsu_ocr.kraken_grc_teubner_postprocessing.spell_check_polytonic_greek_False.xml
00000124.tif → /cluster/tufts/perseus_ocr/nidaba/OCR/bce653aa-cb26-435b-96d2-715cb6ac6009/00000124_img.rgb_to_gray_binarize.otsu_ocr.kraken_grc_teubner_postprocessing.spell_check_polytonic_greek_False.xml
00000338.tif → /cluster/tufts/perseus_ocr/nidaba/OCR/bce653aa-cb26-435b-96d2-715cb6ac6009/00000338_img.rgb_to_gray_binarize.otsu_ocr.kraken_grc_teubner_postprocessing.spell_check_polytonic_greek_False.xml
00000059.tif → /cluster/tufts/perseus_ocr/nidaba/OCR/bce653aa-cb26-435b-96d2-715cb6ac6009/00000059_img.rgb_to_gray_binarize.otsu_ocr.kraken_grc_teubner_postprocessing.spell_check_polytonic_greek_False.xml
00000279.tif → /cluster/tufts/perseus_ocr/nidaba/OCR/bce653aa-cb26-435b-96d2-715cb6ac6009/00000279_img.rgb_to_gray_binarize.otsu_ocr.kraken_grc_teubner_postprocessing.spell_check_polytonic_greek_False.xml
00000417.tif → /cluster/tufts/perseus_ocr/nidaba/OCR/bce653aa-cb26-435b-96d2-715cb6ac6009/00000417_img.rgb_to_gray_binarize.otsu_ocr.kraken_grc_teubner_postprocessing.spell_check_polytonic_greek_False.xml
00000229.tif → /cluster/tufts/perseus_ocr/nidaba/OCR/bce653aa-cb26-435b-96d2-715cb6ac6009/00000229_img.rgb_to_gray_binarize.otsu_ocr.kraken_grc_teubner_postprocessing.spell_check_polytonic_greek_False.xml
00000193.tif → /cluster/tufts/perseus_ocr/nidaba/OCR/bce653aa-cb26-435b-96d2-715cb6ac6009/00000193_img.rgb_to_gray_binarize.otsu_ocr.kraken_grc_teubner_postprocessing.spell_check_polytonic_greek_False.xml
00000235.tif → /cluster/tufts/perseus_ocr/nidaba/OCR/bce653aa-cb26-435b-96d2-715cb6ac6009/00000235_img.rgb_to_gray_binarize.otsu_ocr.kraken_grc_teubner_postprocessing.spell_check_polytonic_greek_False.xml
00000205.tif → /cluster/tufts/perseus_ocr/nidaba/OCR/bce653aa-cb26-435b-96d2-715cb6ac6009/00000205_img.rgb_to_gray_binarize.otsu_ocr.kraken_grc_teubner_postprocessing.spell_check_polytonic_greek_False.xml
00000308.tif → /cluster/tufts/perseus_ocr/nidaba/OCR/bce653aa-cb26-435b-96d2-715cb6ac6009/00000308_img.rgb_to_gray_binarize.otsu_ocr.kraken_grc_teubner_postprocessing.spell_check_polytonic_greek_False.xml
00000201.tif → /cluster/tufts/perseus_ocr/nidaba/OCR/bce653aa-cb26-435b-96d2-715cb6ac6009/00000201_img.rgb_to_gray_binarize.otsu_ocr.kraken_grc_teubner_postprocessing.spell_check_polytonic_greek_False.xml
00000383.tif → /cluster/tufts/perseus_ocr/nidaba/OCR/bce653aa-cb26-435b-96d2-715cb6ac6009/00000383_img.rgb_to_gray_binarize.otsu_ocr.kraken_grc_teubner_postprocessing.spell_check_polytonic_greek_False.xml
00000345.tif → /cluster/tufts/perseus_ocr/nidaba/OCR/bce653aa-cb26-435b-96d2-715cb6ac6009/00000345_img.rgb_to_gray_binarize.otsu_ocr.kraken_grc_teubner_postprocessing.spell_check_polytonic_greek_False.xml
00000439.tif → /cluster/tufts/perseus_ocr/nidaba/OCR/bce653aa-cb26-435b-96d2-715cb6ac6009/00000439_img.rgb_to_gray_binarize.otsu_ocr.kraken_grc_teubner_postprocessing.spell_check_polytonic_greek_False.xml
00000199.tif → /cluster/tufts/perseus_ocr/nidaba/OCR/bce653aa-cb26-435b-96d2-715cb6ac6009/00000199_img.rgb_to_gray_binarize.otsu_ocr.kraken_grc_teubner_postprocessing.spell_check_polytonic_greek_False.xml
00000166.tif → /cluster/tufts/perseus_ocr/nidaba/OCR/bce653aa-cb26-435b-96d2-715cb6ac6009/00000166_img.rgb_to_gray_binarize.otsu_ocr.kraken_grc_teubner_postprocessing.spell_check_polytonic_greek_False.xml
00000272.tif → /cluster/tufts/perseus_ocr/nidaba/OCR/bce653aa-cb26-435b-96d2-715cb6ac6009/00000272_img.rgb_to_gray_binarize.otsu_ocr.kraken_grc_teubner_postprocessing.spell_check_polytonic_greek_False.xml
00000334.tif → /cluster/tufts/perseus_ocr/nidaba/OCR/bce653aa-cb26-435b-96d2-715cb6ac6009/00000334_img.rgb_to_gray_binarize.otsu_ocr.kraken_grc_teubner_postprocessing.spell_check_polytonic_greek_False.xml
00000409.tif → /cluster/tufts/perseus_ocr/nidaba/OCR/bce653aa-cb26-435b-96d2-715cb6ac6009/00000409_img.rgb_to_gray_binarize.otsu_ocr.kraken_grc_teubner_postprocessing.spell_check_polytonic_greek_False.xml
00000026.tif → /cluster/tufts/perseus_ocr/nidaba/OCR/bce653aa-cb26-435b-96d2-715cb6ac6009/00000026_img.rgb_to_gray_binarize.otsu_ocr.kraken_grc_teubner_postprocessing.spell_check_polytonic_greek_False.xml
00000021.tif → /cluster/tufts/perseus_ocr/nidaba/OCR/bce653aa-cb26-435b-96d2-715cb6ac6009/00000021_img.rgb_to_gray_binarize.otsu_ocr.kraken_grc_teubner_postprocessing.spell_check_polytonic_greek_False.xml
00000379.tif → /cluster/tufts/perseus_ocr/nidaba/OCR/bce653aa-cb26-435b-96d2-715cb6ac6009/00000379_img.rgb_to_gray_binarize.otsu_ocr.kraken_grc_teubner_postprocessing.spell_check_polytonic_greek_False.xml
00000323.tif → /cluster/tufts/perseus_ocr/nidaba/OCR/bce653aa-cb26-435b-96d2-715cb6ac6009/00000323_img.rgb_to_gray_binarize.otsu_ocr.kraken_grc_teubner_postprocessing.spell_check_polytonic_greek_False.xml
00000277.tif → /cluster/tufts/perseus_ocr/nidaba/OCR/bce653aa-cb26-435b-96d2-715cb6ac6009/00000277_img.rgb_to_gray_binarize.otsu_ocr.kraken_grc_teubner_postprocessing.spell_check_polytonic_greek_False.xml
00000436.tif → /cluster/tufts/perseus_ocr/nidaba/OCR/bce653aa-cb26-435b-96d2-715cb6ac6009/00000436_img.rgb_to_gray_binarize.otsu_ocr.kraken_grc_teubner_postprocessing.spell_check_polytonic_greek_False.xml
00000227.tif → /cluster/tufts/perseus_ocr/nidaba/OCR/bce653aa-cb26-435b-96d2-715cb6ac6009/00000227_img.rgb_to_gray_binarize.otsu_ocr.kraken_grc_teubner_postprocessing.spell_check_polytonic_greek_False.xml
00000195.tif → /cluster/tufts/perseus_ocr/nidaba/OCR/bce653aa-cb26-435b-96d2-715cb6ac6009/00000195_img.rgb_to_gray_binarize.otsu_ocr.kraken_grc_teubner_postprocessing.spell_check_polytonic_greek_False.xml
00000326.tif → /cluster/tufts/perseus_ocr/nidaba/OCR/bce653aa-cb26-435b-96d2-715cb6ac6009/00000326_img.rgb_to_gray_binarize.otsu_ocr.kraken_grc_teubner_postprocessing.spell_check_polytonic_greek_False.xml
00000348.tif → /cluster/tufts/perseus_ocr/nidaba/OCR/bce653aa-cb26-435b-96d2-715cb6ac6009/00000348_img.rgb_to_gray_binarize.otsu_ocr.kraken_grc_teubner_postprocessing.spell_check_polytonic_greek_False.xml
00000034.tif → /cluster/tufts/perseus_ocr/nidaba/OCR/bce653aa-cb26-435b-96d2-715cb6ac6009/00000034_img.rgb_to_gray_binarize.otsu_ocr.kraken_grc_teubner_postprocessing.spell_check_polytonic_greek_False.xml
00000046.tif → /cluster/tufts/perseus_ocr/nidaba/OCR/bce653aa-cb26-435b-96d2-715cb6ac6009/00000046_img.rgb_to_gray_binarize.otsu_ocr.kraken_grc_teubner_postprocessing.spell_check_polytonic_greek_False.xml
00000331.tif → /cluster/tufts/perseus_ocr/nidaba/OCR/bce653aa-cb26-435b-96d2-715cb6ac6009/00000331_img.rgb_to_gray_binarize.otsu_ocr.kraken_grc_teubner_postprocessing.spell_check_polytonic_greek_False.xml
00000178.tif → /cluster/tufts/perseus_ocr/nidaba/OCR/bce653aa-cb26-435b-96d2-715cb6ac6009/00000178_img.rgb_to_gray_binarize.otsu_ocr.kraken_grc_teubner_postprocessing.spell_check_polytonic_greek_False.xml
00000448.tif → /cluster/tufts/perseus_ocr/nidaba/OCR/bce653aa-cb26-435b-96d2-715cb6ac6009/00000448_img.rgb_to_gray_binarize.otsu_ocr.kraken_grc_teubner_postprocessing.spell_check_polytonic_greek_False.xml
00000155.tif → /cluster/tufts/perseus_ocr/nidaba/OCR/bce653aa-cb26-435b-96d2-715cb6ac6009/00000155_img.rgb_to_gray_binarize.otsu_ocr.kraken_grc_teubner_postprocessing.spell_check_polytonic_greek_False.xml
00000172.tif → /cluster/tufts/perseus_ocr/nidaba/OCR/bce653aa-cb26-435b-96d2-715cb6ac6009/00000172_img.rgb_to_gray_binarize.otsu_ocr.kraken_grc_teubner_postprocessing.spell_check_polytonic_greek_False.xml
00000135.tif → /cluster/tufts/perseus_ocr/nidaba/OCR/bce653aa-cb26-435b-96d2-715cb6ac6009/00000135_img.rgb_to_gray_binarize.otsu_ocr.kraken_grc_teubner_postprocessing.spell_check_polytonic_greek_False.xml
00000091.tif → /cluster/tufts/perseus_ocr/nidaba/OCR/bce653aa-cb26-435b-96d2-715cb6ac6009/00000091_img.rgb_to_gray_binarize.otsu_ocr.kraken_grc_teubner_postprocessing.spell_check_polytonic_greek_False.xml
00000089.tif → /cluster/tufts/perseus_ocr/nidaba/OCR/bce653aa-cb26-435b-96d2-715cb6ac6009/00000089_img.rgb_to_gray_binarize.otsu_ocr.kraken_grc_teubner_postprocessing.spell_check_polytonic_greek_False.xml
00000035.tif → /cluster/tufts/perseus_ocr/nidaba/OCR/bce653aa-cb26-435b-96d2-715cb6ac6009/00000035_img.rgb_to_gray_binarize.otsu_ocr.kraken_grc_teubner_postprocessing.spell_check_polytonic_greek_False.xml
00000165.tif → /cluster/tufts/perseus_ocr/nidaba/OCR/bce653aa-cb26-435b-96d2-715cb6ac6009/00000165_img.rgb_to_gray_binarize.otsu_ocr.kraken_grc_teubner_postprocessing.spell_check_polytonic_greek_False.xml
00000151.tif → /cluster/tufts/perseus_ocr/nidaba/OCR/bce653aa-cb26-435b-96d2-715cb6ac6009/00000151_img.rgb_to_gray_binarize.otsu_ocr.kraken_grc_teubner_postprocessing.spell_check_polytonic_greek_False.xml
00000375.tif → /cluster/tufts/perseus_ocr/nidaba/OCR/bce653aa-cb26-435b-96d2-715cb6ac6009/00000375_img.rgb_to_gray_binarize.otsu_ocr.kraken_grc_teubner_postprocessing.spell_check_polytonic_greek_False.xml
00000233.tif → /cluster/tufts/perseus_ocr/nidaba/OCR/bce653aa-cb26-435b-96d2-715cb6ac6009/00000233_img.rgb_to_gray_binarize.otsu_ocr.kraken_grc_teubner_postprocessing.spell_check_polytonic_greek_False.xml
00000177.tif → /cluster/tufts/perseus_ocr/nidaba/OCR/bce653aa-cb26-435b-96d2-715cb6ac6009/00000177_img.rgb_to_gray_binarize.otsu_ocr.kraken_grc_teubner_postprocessing.spell_check_polytonic_greek_False.xml
00000357.tif → /cluster/tufts/perseus_ocr/nidaba/OCR/bce653aa-cb26-435b-96d2-715cb6ac6009/00000357_img.rgb_to_gray_binarize.otsu_ocr.kraken_grc_teubner_postprocessing.spell_check_polytonic_greek_False.xml
00000066.tif → /cluster/tufts/perseus_ocr/nidaba/OCR/bce653aa-cb26-435b-96d2-715cb6ac6009/00000066_img.rgb_to_gray_binarize.otsu_ocr.kraken_grc_teubner_postprocessing.spell_check_polytonic_greek_False.xml
00000153.tif → /cluster/tufts/perseus_ocr/nidaba/OCR/bce653aa-cb26-435b-96d2-715cb6ac6009/00000153_img.rgb_to_gray_binarize.otsu_ocr.kraken_grc_teubner_postprocessing.spell_check_polytonic_greek_False.xml
00000057.tif → /cluster/tufts/perseus_ocr/nidaba/OCR/bce653aa-cb26-435b-96d2-715cb6ac6009/00000057_img.rgb_to_gray_binarize.otsu_ocr.kraken_grc_teubner_postprocessing.spell_check_polytonic_greek_False.xml
00000253.tif → /cluster/tufts/perseus_ocr/nidaba/OCR/bce653aa-cb26-435b-96d2-715cb6ac6009/00000253_img.rgb_to_gray_binarize.otsu_ocr.kraken_grc_teubner_postprocessing.spell_check_polytonic_greek_False.xml
00000169.tif → /cluster/tufts/perseus_ocr/nidaba/OCR/bce653aa-cb26-435b-96d2-715cb6ac6009/00000169_img.rgb_to_gray_binarize.otsu_ocr.kraken_grc_teubner_postprocessing.spell_check_polytonic_greek_False.xml
00000072.tif → /cluster/tufts/perseus_ocr/nidaba/OCR/bce653aa-cb26-435b-96d2-715cb6ac6009/00000072_img.rgb_to_gray_binarize.otsu_ocr.kraken_grc_teubner_postprocessing.spell_check_polytonic_greek_False.xml
00000068.tif → /cluster/tufts/perseus_ocr/nidaba/OCR/bce653aa-cb26-435b-96d2-715cb6ac6009/00000068_img.rgb_to_gray_binarize.otsu_ocr.kraken_grc_teubner_postprocessing.spell_check_polytonic_greek_False.xml
00000293.tif → /cluster/tufts/perseus_ocr/nidaba/OCR/bce653aa-cb26-435b-96d2-715cb6ac6009/00000293_img.rgb_to_gray_binarize.otsu_ocr.kraken_grc_teubner_postprocessing.spell_check_polytonic_greek_False.xml
00000362.tif → /cluster/tufts/perseus_ocr/nidaba/OCR/bce653aa-cb26-435b-96d2-715cb6ac6009/00000362_img.rgb_to_gray_binarize.otsu_ocr.kraken_grc_teubner_postprocessing.spell_check_polytonic_greek_False.xml
00000179.tif → /cluster/tufts/perseus_ocr/nidaba/OCR/bce653aa-cb26-435b-96d2-715cb6ac6009/00000179_img.rgb_to_gray_binarize.otsu_ocr.kraken_grc_teubner_postprocessing.spell_check_polytonic_greek_False.xml
00000112.tif → /cluster/tufts/perseus_ocr/nidaba/OCR/bce653aa-cb26-435b-96d2-715cb6ac6009/00000112_img.rgb_to_gray_binarize.otsu_ocr.kraken_grc_teubner_postprocessing.spell_check_polytonic_greek_False.xml
00000226.tif → /cluster/tufts/perseus_ocr/nidaba/OCR/bce653aa-cb26-435b-96d2-715cb6ac6009/00000226_img.rgb_to_gray_binarize.otsu_ocr.kraken_grc_teubner_postprocessing.spell_check_polytonic_greek_False.xml
00000274.tif → /cluster/tufts/perseus_ocr/nidaba/OCR/bce653aa-cb26-435b-96d2-715cb6ac6009/00000274_img.rgb_to_gray_binarize.otsu_ocr.kraken_grc_teubner_postprocessing.spell_check_polytonic_greek_False.xml
00000020.tif → /cluster/tufts/perseus_ocr/nidaba/OCR/bce653aa-cb26-435b-96d2-715cb6ac6009/00000020_img.rgb_to_gray_binarize.otsu_ocr.kraken_grc_teubner_postprocessing.spell_check_polytonic_greek_False.xml
00000250.tif → /cluster/tufts/perseus_ocr/nidaba/OCR/bce653aa-cb26-435b-96d2-715cb6ac6009/00000250_img.rgb_to_gray_binarize.otsu_ocr.kraken_grc_teubner_postprocessing.spell_check_polytonic_greek_False.xml
00000196.tif → /cluster/tufts/perseus_ocr/nidaba/OCR/bce653aa-cb26-435b-96d2-715cb6ac6009/00000196_img.rgb_to_gray_binarize.otsu_ocr.kraken_grc_teubner_postprocessing.spell_check_polytonic_greek_False.xml
00000340.tif → /cluster/tufts/perseus_ocr/nidaba/OCR/bce653aa-cb26-435b-96d2-715cb6ac6009/00000340_img.rgb_to_gray_binarize.otsu_ocr.kraken_grc_teubner_postprocessing.spell_check_polytonic_greek_False.xml
00000173.tif → /cluster/tufts/perseus_ocr/nidaba/OCR/bce653aa-cb26-435b-96d2-715cb6ac6009/00000173_img.rgb_to_gray_binarize.otsu_ocr.kraken_grc_teubner_postprocessing.spell_check_polytonic_greek_False.xml
00000013.tif → /cluster/tufts/perseus_ocr/nidaba/OCR/bce653aa-cb26-435b-96d2-715cb6ac6009/00000013_img.rgb_to_gray_binarize.otsu_ocr.kraken_grc_teubner_postprocessing.spell_check_polytonic_greek_False.xml
00000321.tif → /cluster/tufts/perseus_ocr/nidaba/OCR/bce653aa-cb26-435b-96d2-715cb6ac6009/00000321_img.rgb_to_gray_binarize.otsu_ocr.kraken_grc_teubner_postprocessing.spell_check_polytonic_greek_False.xml
00000403.tif → /cluster/tufts/perseus_ocr/nidaba/OCR/bce653aa-cb26-435b-96d2-715cb6ac6009/00000403_img.rgb_to_gray_binarize.otsu_ocr.kraken_grc_teubner_postprocessing.spell_check_polytonic_greek_False.xml
00000223.tif → /cluster/tufts/perseus_ocr/nidaba/OCR/bce653aa-cb26-435b-96d2-715cb6ac6009/00000223_img.rgb_to_gray_binarize.otsu_ocr.kraken_grc_teubner_postprocessing.spell_check_polytonic_greek_False.xml
00000099.tif → /cluster/tufts/perseus_ocr/nidaba/OCR/bce653aa-cb26-435b-96d2-715cb6ac6009/00000099_img.rgb_to_gray_binarize.otsu_ocr.kraken_grc_teubner_postprocessing.spell_check_polytonic_greek_False.xml
00000119.tif → /cluster/tufts/perseus_ocr/nidaba/OCR/bce653aa-cb26-435b-96d2-715cb6ac6009/00000119_img.rgb_to_gray_binarize.otsu_ocr.kraken_grc_teubner_postprocessing.spell_check_polytonic_greek_False.xml
00000268.tif → /cluster/tufts/perseus_ocr/nidaba/OCR/bce653aa-cb26-435b-96d2-715cb6ac6009/00000268_img.rgb_to_gray_binarize.otsu_ocr.kraken_grc_teubner_postprocessing.spell_check_polytonic_greek_False.xml
00000405.tif → /cluster/tufts/perseus_ocr/nidaba/OCR/bce653aa-cb26-435b-96d2-715cb6ac6009/00000405_img.rgb_to_gray_binarize.otsu_ocr.kraken_grc_teubner_postprocessing.spell_check_polytonic_greek_False.xml
00000318.tif → /cluster/tufts/perseus_ocr/nidaba/OCR/bce653aa-cb26-435b-96d2-715cb6ac6009/00000318_img.rgb_to_gray_binarize.otsu_ocr.kraken_grc_teubner_postprocessing.spell_check_polytonic_greek_False.xml
00000240.tif → /cluster/tufts/perseus_ocr/nidaba/OCR/bce653aa-cb26-435b-96d2-715cb6ac6009/00000240_img.rgb_to_gray_binarize.otsu_ocr.kraken_grc_teubner_postprocessing.spell_check_polytonic_greek_False.xml
00000029.tif → /cluster/tufts/perseus_ocr/nidaba/OCR/bce653aa-cb26-435b-96d2-715cb6ac6009/00000029_img.rgb_to_gray_binarize.otsu_ocr.kraken_grc_teubner_postprocessing.spell_check_polytonic_greek_False.xml
00000023.tif → /cluster/tufts/perseus_ocr/nidaba/OCR/bce653aa-cb26-435b-96d2-715cb6ac6009/00000023_img.rgb_to_gray_binarize.otsu_ocr.kraken_grc_teubner_postprocessing.spell_check_polytonic_greek_False.xml
00000299.tif → /cluster/tufts/perseus_ocr/nidaba/OCR/bce653aa-cb26-435b-96d2-715cb6ac6009/00000299_img.rgb_to_gray_binarize.otsu_ocr.kraken_grc_teubner_postprocessing.spell_check_polytonic_greek_False.xml

Errors:

nidaba.ocr.kraken (00000455.tif): 
nidaba.ocr.kraken (00000437.tif): float division by zero
nidaba.ocr.kraken (00000157.tif): index 5000 is out of bounds for axis 0 with size 5000
nidaba.ocr.kraken (00000088.tif): float division by zero
nidaba.ocr.kraken (00000297.tif): float division by zero
nidaba.ocr.kraken (00000453.tif): float division by zero
nidaba.ocr.kraken (00000435.tif): float division by zero
