Status: FAILURE

268/300 tasks completed. 0 running.

Output files:

00000043.tif → /cluster/tufts/perseus_ocr/nidaba/OCR/fed38470-f7c5-43ab-b383-7d4171a3e6b3/00000043_img.rgb_to_gray_binarize.otsu_ocr.kraken_grc_teubner_postprocessing.spell_check_polytonic_greek_False.xml
00000031.tif → /cluster/tufts/perseus_ocr/nidaba/OCR/fed38470-f7c5-43ab-b383-7d4171a3e6b3/00000031_img.rgb_to_gray_binarize.otsu_ocr.kraken_grc_teubner_postprocessing.spell_check_polytonic_greek_False.xml
00000030.tif → /cluster/tufts/perseus_ocr/nidaba/OCR/fed38470-f7c5-43ab-b383-7d4171a3e6b3/00000030_img.rgb_to_gray_binarize.otsu_ocr.kraken_grc_teubner_postprocessing.spell_check_polytonic_greek_False.xml
00000060.tif → /cluster/tufts/perseus_ocr/nidaba/OCR/fed38470-f7c5-43ab-b383-7d4171a3e6b3/00000060_img.rgb_to_gray_binarize.otsu_ocr.kraken_grc_teubner_postprocessing.spell_check_polytonic_greek_False.xml
00000048.tif → /cluster/tufts/perseus_ocr/nidaba/OCR/fed38470-f7c5-43ab-b383-7d4171a3e6b3/00000048_img.rgb_to_gray_binarize.otsu_ocr.kraken_grc_teubner_postprocessing.spell_check_polytonic_greek_False.xml
00000011.tif → /cluster/tufts/perseus_ocr/nidaba/OCR/fed38470-f7c5-43ab-b383-7d4171a3e6b3/00000011_img.rgb_to_gray_binarize.otsu_ocr.kraken_grc_teubner_postprocessing.spell_check_polytonic_greek_False.xml
00000008.tif → /cluster/tufts/perseus_ocr/nidaba/OCR/fed38470-f7c5-43ab-b383-7d4171a3e6b3/00000008_img.rgb_to_gray_binarize.otsu_ocr.kraken_grc_teubner_postprocessing.spell_check_polytonic_greek_False.xml
00000042.tif → /cluster/tufts/perseus_ocr/nidaba/OCR/fed38470-f7c5-43ab-b383-7d4171a3e6b3/00000042_img.rgb_to_gray_binarize.otsu_ocr.kraken_grc_teubner_postprocessing.spell_check_polytonic_greek_False.xml
00000018.tif → /cluster/tufts/perseus_ocr/nidaba/OCR/fed38470-f7c5-43ab-b383-7d4171a3e6b3/00000018_img.rgb_to_gray_binarize.otsu_ocr.kraken_grc_teubner_postprocessing.spell_check_polytonic_greek_False.xml
00000020.tif → /cluster/tufts/perseus_ocr/nidaba/OCR/fed38470-f7c5-43ab-b383-7d4171a3e6b3/00000020_img.rgb_to_gray_binarize.otsu_ocr.kraken_grc_teubner_postprocessing.spell_check_polytonic_greek_False.xml
00000016.tif → /cluster/tufts/perseus_ocr/nidaba/OCR/fed38470-f7c5-43ab-b383-7d4171a3e6b3/00000016_img.rgb_to_gray_binarize.otsu_ocr.kraken_grc_teubner_postprocessing.spell_check_polytonic_greek_False.xml
00000025.tif → /cluster/tufts/perseus_ocr/nidaba/OCR/fed38470-f7c5-43ab-b383-7d4171a3e6b3/00000025_img.rgb_to_gray_binarize.otsu_ocr.kraken_grc_teubner_postprocessing.spell_check_polytonic_greek_False.xml
00000046.tif → /cluster/tufts/perseus_ocr/nidaba/OCR/fed38470-f7c5-43ab-b383-7d4171a3e6b3/00000046_img.rgb_to_gray_binarize.otsu_ocr.kraken_grc_teubner_postprocessing.spell_check_polytonic_greek_False.xml
00000007.tif → /cluster/tufts/perseus_ocr/nidaba/OCR/fed38470-f7c5-43ab-b383-7d4171a3e6b3/00000007_img.rgb_to_gray_binarize.otsu_ocr.kraken_grc_teubner_postprocessing.spell_check_polytonic_greek_False.xml
00000009.tif → /cluster/tufts/perseus_ocr/nidaba/OCR/fed38470-f7c5-43ab-b383-7d4171a3e6b3/00000009_img.rgb_to_gray_binarize.otsu_ocr.kraken_grc_teubner_postprocessing.spell_check_polytonic_greek_False.xml
00000044.tif → /cluster/tufts/perseus_ocr/nidaba/OCR/fed38470-f7c5-43ab-b383-7d4171a3e6b3/00000044_img.rgb_to_gray_binarize.otsu_ocr.kraken_grc_teubner_postprocessing.spell_check_polytonic_greek_False.xml
00000012.tif → /cluster/tufts/perseus_ocr/nidaba/OCR/fed38470-f7c5-43ab-b383-7d4171a3e6b3/00000012_img.rgb_to_gray_binarize.otsu_ocr.kraken_grc_teubner_postprocessing.spell_check_polytonic_greek_False.xml
00000014.tif → /cluster/tufts/perseus_ocr/nidaba/OCR/fed38470-f7c5-43ab-b383-7d4171a3e6b3/00000014_img.rgb_to_gray_binarize.otsu_ocr.kraken_grc_teubner_postprocessing.spell_check_polytonic_greek_False.xml
00000052.tif → /cluster/tufts/perseus_ocr/nidaba/OCR/fed38470-f7c5-43ab-b383-7d4171a3e6b3/00000052_img.rgb_to_gray_binarize.otsu_ocr.kraken_grc_teubner_postprocessing.spell_check_polytonic_greek_False.xml
00000054.tif → /cluster/tufts/perseus_ocr/nidaba/OCR/fed38470-f7c5-43ab-b383-7d4171a3e6b3/00000054_img.rgb_to_gray_binarize.otsu_ocr.kraken_grc_teubner_postprocessing.spell_check_polytonic_greek_False.xml
00000023.tif → /cluster/tufts/perseus_ocr/nidaba/OCR/fed38470-f7c5-43ab-b383-7d4171a3e6b3/00000023_img.rgb_to_gray_binarize.otsu_ocr.kraken_grc_teubner_postprocessing.spell_check_polytonic_greek_False.xml
00000045.tif → /cluster/tufts/perseus_ocr/nidaba/OCR/fed38470-f7c5-43ab-b383-7d4171a3e6b3/00000045_img.rgb_to_gray_binarize.otsu_ocr.kraken_grc_teubner_postprocessing.spell_check_polytonic_greek_False.xml
00000010.tif → /cluster/tufts/perseus_ocr/nidaba/OCR/fed38470-f7c5-43ab-b383-7d4171a3e6b3/00000010_img.rgb_to_gray_binarize.otsu_ocr.kraken_grc_teubner_postprocessing.spell_check_polytonic_greek_False.xml
00000050.tif → /cluster/tufts/perseus_ocr/nidaba/OCR/fed38470-f7c5-43ab-b383-7d4171a3e6b3/00000050_img.rgb_to_gray_binarize.otsu_ocr.kraken_grc_teubner_postprocessing.spell_check_polytonic_greek_False.xml
00000035.tif → /cluster/tufts/perseus_ocr/nidaba/OCR/fed38470-f7c5-43ab-b383-7d4171a3e6b3/00000035_img.rgb_to_gray_binarize.otsu_ocr.kraken_grc_teubner_postprocessing.spell_check_polytonic_greek_False.xml
00000040.tif → /cluster/tufts/perseus_ocr/nidaba/OCR/fed38470-f7c5-43ab-b383-7d4171a3e6b3/00000040_img.rgb_to_gray_binarize.otsu_ocr.kraken_grc_teubner_postprocessing.spell_check_polytonic_greek_False.xml
00000013.tif → /cluster/tufts/perseus_ocr/nidaba/OCR/fed38470-f7c5-43ab-b383-7d4171a3e6b3/00000013_img.rgb_to_gray_binarize.otsu_ocr.kraken_grc_teubner_postprocessing.spell_check_polytonic_greek_False.xml
00000001.tif → /cluster/tufts/perseus_ocr/nidaba/OCR/fed38470-f7c5-43ab-b383-7d4171a3e6b3/00000001_img.rgb_to_gray_binarize.otsu_ocr.kraken_grc_teubner_postprocessing.spell_check_polytonic_greek_False.xml
00000022.tif → /cluster/tufts/perseus_ocr/nidaba/OCR/fed38470-f7c5-43ab-b383-7d4171a3e6b3/00000022_img.rgb_to_gray_binarize.otsu_ocr.kraken_grc_teubner_postprocessing.spell_check_polytonic_greek_False.xml
00000026.tif → /cluster/tufts/perseus_ocr/nidaba/OCR/fed38470-f7c5-43ab-b383-7d4171a3e6b3/00000026_img.rgb_to_gray_binarize.otsu_ocr.kraken_grc_teubner_postprocessing.spell_check_polytonic_greek_False.xml
00000038.tif → /cluster/tufts/perseus_ocr/nidaba/OCR/fed38470-f7c5-43ab-b383-7d4171a3e6b3/00000038_img.rgb_to_gray_binarize.otsu_ocr.kraken_grc_teubner_postprocessing.spell_check_polytonic_greek_False.xml
00000058.tif → /cluster/tufts/perseus_ocr/nidaba/OCR/fed38470-f7c5-43ab-b383-7d4171a3e6b3/00000058_img.rgb_to_gray_binarize.otsu_ocr.kraken_grc_teubner_postprocessing.spell_check_polytonic_greek_False.xml
00000029.tif → /cluster/tufts/perseus_ocr/nidaba/OCR/fed38470-f7c5-43ab-b383-7d4171a3e6b3/00000029_img.rgb_to_gray_binarize.otsu_ocr.kraken_grc_teubner_postprocessing.spell_check_polytonic_greek_False.xml
00000049.tif → /cluster/tufts/perseus_ocr/nidaba/OCR/fed38470-f7c5-43ab-b383-7d4171a3e6b3/00000049_img.rgb_to_gray_binarize.otsu_ocr.kraken_grc_teubner_postprocessing.spell_check_polytonic_greek_False.xml
00000034.tif → /cluster/tufts/perseus_ocr/nidaba/OCR/fed38470-f7c5-43ab-b383-7d4171a3e6b3/00000034_img.rgb_to_gray_binarize.otsu_ocr.kraken_grc_teubner_postprocessing.spell_check_polytonic_greek_False.xml
00000032.tif → /cluster/tufts/perseus_ocr/nidaba/OCR/fed38470-f7c5-43ab-b383-7d4171a3e6b3/00000032_img.rgb_to_gray_binarize.otsu_ocr.kraken_grc_teubner_postprocessing.spell_check_polytonic_greek_False.xml
00000056.tif → /cluster/tufts/perseus_ocr/nidaba/OCR/fed38470-f7c5-43ab-b383-7d4171a3e6b3/00000056_img.rgb_to_gray_binarize.otsu_ocr.kraken_grc_teubner_postprocessing.spell_check_polytonic_greek_False.xml
00000027.tif → /cluster/tufts/perseus_ocr/nidaba/OCR/fed38470-f7c5-43ab-b383-7d4171a3e6b3/00000027_img.rgb_to_gray_binarize.otsu_ocr.kraken_grc_teubner_postprocessing.spell_check_polytonic_greek_False.xml
00000024.tif → /cluster/tufts/perseus_ocr/nidaba/OCR/fed38470-f7c5-43ab-b383-7d4171a3e6b3/00000024_img.rgb_to_gray_binarize.otsu_ocr.kraken_grc_teubner_postprocessing.spell_check_polytonic_greek_False.xml
00000053.tif → /cluster/tufts/perseus_ocr/nidaba/OCR/fed38470-f7c5-43ab-b383-7d4171a3e6b3/00000053_img.rgb_to_gray_binarize.otsu_ocr.kraken_grc_teubner_postprocessing.spell_check_polytonic_greek_False.xml
00000003.tif → /cluster/tufts/perseus_ocr/nidaba/OCR/fed38470-f7c5-43ab-b383-7d4171a3e6b3/00000003_img.rgb_to_gray_binarize.otsu_ocr.kraken_grc_teubner_postprocessing.spell_check_polytonic_greek_False.xml
00000036.tif → /cluster/tufts/perseus_ocr/nidaba/OCR/fed38470-f7c5-43ab-b383-7d4171a3e6b3/00000036_img.rgb_to_gray_binarize.otsu_ocr.kraken_grc_teubner_postprocessing.spell_check_polytonic_greek_False.xml
00000059.tif → /cluster/tufts/perseus_ocr/nidaba/OCR/fed38470-f7c5-43ab-b383-7d4171a3e6b3/00000059_img.rgb_to_gray_binarize.otsu_ocr.kraken_grc_teubner_postprocessing.spell_check_polytonic_greek_False.xml
00000033.tif → /cluster/tufts/perseus_ocr/nidaba/OCR/fed38470-f7c5-43ab-b383-7d4171a3e6b3/00000033_img.rgb_to_gray_binarize.otsu_ocr.kraken_grc_teubner_postprocessing.spell_check_polytonic_greek_False.xml

Errors:

nidaba.ocr.kraken (00000055.tif): float division by zero
nidaba.ocr.kraken (00000041.tif): 
nidaba.ocr.kraken (00000019.tif): float division by zero
nidaba.ocr.kraken (00000017.tif): float division by zero
nidaba.ocr.kraken (00000002.tif): tile cannot extend outside image
nidaba.ocr.kraken (00000005.tif): tile cannot extend outside image
nidaba.ocr.kraken (00000037.tif): 
nidaba.ocr.kraken (00000021.tif): float division by zero
nidaba.ocr.kraken (00000015.tif): float division by zero
nidaba.ocr.kraken (00000057.tif): 
nidaba.ocr.kraken (00000047.tif): float division by zero
nidaba.ocr.kraken (00000006.tif): index 5000 is out of bounds for axis 0 with size 5000
nidaba.ocr.kraken (00000028.tif): 
nidaba.ocr.kraken (00000051.tif): float division by zero
nidaba.ocr.kraken (00000039.tif): float division by zero
nidaba.ocr.kraken (00000004.tif): tile cannot extend outside image
