Status: FAILURE

316/320 tasks completed. 0 running.

Output files:

00000023.tif → /cluster/tufts/perseus_ocr/nidaba/OCR/4ea80095-782c-4a4f-becb-c182ea05e8e4/00000023_img.rgb_to_gray_binarize.otsu_ocr.kraken_grc_teubner_postprocessing.spell_check_polytonic_greek_False.xml
00000039.tif → /cluster/tufts/perseus_ocr/nidaba/OCR/4ea80095-782c-4a4f-becb-c182ea05e8e4/00000039_img.rgb_to_gray_binarize.otsu_ocr.kraken_grc_teubner_postprocessing.spell_check_polytonic_greek_False.xml
00000018.tif → /cluster/tufts/perseus_ocr/nidaba/OCR/4ea80095-782c-4a4f-becb-c182ea05e8e4/00000018_img.rgb_to_gray_binarize.otsu_ocr.kraken_grc_teubner_postprocessing.spell_check_polytonic_greek_False.xml
00000038.tif → /cluster/tufts/perseus_ocr/nidaba/OCR/4ea80095-782c-4a4f-becb-c182ea05e8e4/00000038_img.rgb_to_gray_binarize.otsu_ocr.kraken_grc_teubner_postprocessing.spell_check_polytonic_greek_False.xml
00000062.tif → /cluster/tufts/perseus_ocr/nidaba/OCR/4ea80095-782c-4a4f-becb-c182ea05e8e4/00000062_img.rgb_to_gray_binarize.otsu_ocr.kraken_grc_teubner_postprocessing.spell_check_polytonic_greek_False.xml
00000056.tif → /cluster/tufts/perseus_ocr/nidaba/OCR/4ea80095-782c-4a4f-becb-c182ea05e8e4/00000056_img.rgb_to_gray_binarize.otsu_ocr.kraken_grc_teubner_postprocessing.spell_check_polytonic_greek_False.xml
00000025.tif → /cluster/tufts/perseus_ocr/nidaba/OCR/4ea80095-782c-4a4f-becb-c182ea05e8e4/00000025_img.rgb_to_gray_binarize.otsu_ocr.kraken_grc_teubner_postprocessing.spell_check_polytonic_greek_False.xml
00000020.tif → /cluster/tufts/perseus_ocr/nidaba/OCR/4ea80095-782c-4a4f-becb-c182ea05e8e4/00000020_img.rgb_to_gray_binarize.otsu_ocr.kraken_grc_teubner_postprocessing.spell_check_polytonic_greek_False.xml
00000005.tif → /cluster/tufts/perseus_ocr/nidaba/OCR/4ea80095-782c-4a4f-becb-c182ea05e8e4/00000005_img.rgb_to_gray_binarize.otsu_ocr.kraken_grc_teubner_postprocessing.spell_check_polytonic_greek_False.xml
00000061.tif → /cluster/tufts/perseus_ocr/nidaba/OCR/4ea80095-782c-4a4f-becb-c182ea05e8e4/00000061_img.rgb_to_gray_binarize.otsu_ocr.kraken_grc_teubner_postprocessing.spell_check_polytonic_greek_False.xml
00000004.tif → /cluster/tufts/perseus_ocr/nidaba/OCR/4ea80095-782c-4a4f-becb-c182ea05e8e4/00000004_img.rgb_to_gray_binarize.otsu_ocr.kraken_grc_teubner_postprocessing.spell_check_polytonic_greek_False.xml
00000024.tif → /cluster/tufts/perseus_ocr/nidaba/OCR/4ea80095-782c-4a4f-becb-c182ea05e8e4/00000024_img.rgb_to_gray_binarize.otsu_ocr.kraken_grc_teubner_postprocessing.spell_check_polytonic_greek_False.xml
00000053.tif → /cluster/tufts/perseus_ocr/nidaba/OCR/4ea80095-782c-4a4f-becb-c182ea05e8e4/00000053_img.rgb_to_gray_binarize.otsu_ocr.kraken_grc_teubner_postprocessing.spell_check_polytonic_greek_False.xml
00000043.tif → /cluster/tufts/perseus_ocr/nidaba/OCR/4ea80095-782c-4a4f-becb-c182ea05e8e4/00000043_img.rgb_to_gray_binarize.otsu_ocr.kraken_grc_teubner_postprocessing.spell_check_polytonic_greek_False.xml
00000013.tif → /cluster/tufts/perseus_ocr/nidaba/OCR/4ea80095-782c-4a4f-becb-c182ea05e8e4/00000013_img.rgb_to_gray_binarize.otsu_ocr.kraken_grc_teubner_postprocessing.spell_check_polytonic_greek_False.xml
00000059.tif → /cluster/tufts/perseus_ocr/nidaba/OCR/4ea80095-782c-4a4f-becb-c182ea05e8e4/00000059_img.rgb_to_gray_binarize.otsu_ocr.kraken_grc_teubner_postprocessing.spell_check_polytonic_greek_False.xml
00000030.tif → /cluster/tufts/perseus_ocr/nidaba/OCR/4ea80095-782c-4a4f-becb-c182ea05e8e4/00000030_img.rgb_to_gray_binarize.otsu_ocr.kraken_grc_teubner_postprocessing.spell_check_polytonic_greek_False.xml
00000048.tif → /cluster/tufts/perseus_ocr/nidaba/OCR/4ea80095-782c-4a4f-becb-c182ea05e8e4/00000048_img.rgb_to_gray_binarize.otsu_ocr.kraken_grc_teubner_postprocessing.spell_check_polytonic_greek_False.xml
00000010.tif → /cluster/tufts/perseus_ocr/nidaba/OCR/4ea80095-782c-4a4f-becb-c182ea05e8e4/00000010_img.rgb_to_gray_binarize.otsu_ocr.kraken_grc_teubner_postprocessing.spell_check_polytonic_greek_False.xml
00000037.tif → /cluster/tufts/perseus_ocr/nidaba/OCR/4ea80095-782c-4a4f-becb-c182ea05e8e4/00000037_img.rgb_to_gray_binarize.otsu_ocr.kraken_grc_teubner_postprocessing.spell_check_polytonic_greek_False.xml
00000029.tif → /cluster/tufts/perseus_ocr/nidaba/OCR/4ea80095-782c-4a4f-becb-c182ea05e8e4/00000029_img.rgb_to_gray_binarize.otsu_ocr.kraken_grc_teubner_postprocessing.spell_check_polytonic_greek_False.xml
00000042.tif → /cluster/tufts/perseus_ocr/nidaba/OCR/4ea80095-782c-4a4f-becb-c182ea05e8e4/00000042_img.rgb_to_gray_binarize.otsu_ocr.kraken_grc_teubner_postprocessing.spell_check_polytonic_greek_False.xml
00000026.tif → /cluster/tufts/perseus_ocr/nidaba/OCR/4ea80095-782c-4a4f-becb-c182ea05e8e4/00000026_img.rgb_to_gray_binarize.otsu_ocr.kraken_grc_teubner_postprocessing.spell_check_polytonic_greek_False.xml
00000044.tif → /cluster/tufts/perseus_ocr/nidaba/OCR/4ea80095-782c-4a4f-becb-c182ea05e8e4/00000044_img.rgb_to_gray_binarize.otsu_ocr.kraken_grc_teubner_postprocessing.spell_check_polytonic_greek_False.xml
00000022.tif → /cluster/tufts/perseus_ocr/nidaba/OCR/4ea80095-782c-4a4f-becb-c182ea05e8e4/00000022_img.rgb_to_gray_binarize.otsu_ocr.kraken_grc_teubner_postprocessing.spell_check_polytonic_greek_False.xml
00000001.tif → /cluster/tufts/perseus_ocr/nidaba/OCR/4ea80095-782c-4a4f-becb-c182ea05e8e4/00000001_img.rgb_to_gray_binarize.otsu_ocr.kraken_grc_teubner_postprocessing.spell_check_polytonic_greek_False.xml
00000019.tif → /cluster/tufts/perseus_ocr/nidaba/OCR/4ea80095-782c-4a4f-becb-c182ea05e8e4/00000019_img.rgb_to_gray_binarize.otsu_ocr.kraken_grc_teubner_postprocessing.spell_check_polytonic_greek_False.xml
00000052.tif → /cluster/tufts/perseus_ocr/nidaba/OCR/4ea80095-782c-4a4f-becb-c182ea05e8e4/00000052_img.rgb_to_gray_binarize.otsu_ocr.kraken_grc_teubner_postprocessing.spell_check_polytonic_greek_False.xml
00000041.tif → /cluster/tufts/perseus_ocr/nidaba/OCR/4ea80095-782c-4a4f-becb-c182ea05e8e4/00000041_img.rgb_to_gray_binarize.otsu_ocr.kraken_grc_teubner_postprocessing.spell_check_polytonic_greek_False.xml
00000033.tif → /cluster/tufts/perseus_ocr/nidaba/OCR/4ea80095-782c-4a4f-becb-c182ea05e8e4/00000033_img.rgb_to_gray_binarize.otsu_ocr.kraken_grc_teubner_postprocessing.spell_check_polytonic_greek_False.xml
00000007.tif → /cluster/tufts/perseus_ocr/nidaba/OCR/4ea80095-782c-4a4f-becb-c182ea05e8e4/00000007_img.rgb_to_gray_binarize.otsu_ocr.kraken_grc_teubner_postprocessing.spell_check_polytonic_greek_False.xml
00000027.tif → /cluster/tufts/perseus_ocr/nidaba/OCR/4ea80095-782c-4a4f-becb-c182ea05e8e4/00000027_img.rgb_to_gray_binarize.otsu_ocr.kraken_grc_teubner_postprocessing.spell_check_polytonic_greek_False.xml
00000051.tif → /cluster/tufts/perseus_ocr/nidaba/OCR/4ea80095-782c-4a4f-becb-c182ea05e8e4/00000051_img.rgb_to_gray_binarize.otsu_ocr.kraken_grc_teubner_postprocessing.spell_check_polytonic_greek_False.xml
00000047.tif → /cluster/tufts/perseus_ocr/nidaba/OCR/4ea80095-782c-4a4f-becb-c182ea05e8e4/00000047_img.rgb_to_gray_binarize.otsu_ocr.kraken_grc_teubner_postprocessing.spell_check_polytonic_greek_False.xml
00000055.tif → /cluster/tufts/perseus_ocr/nidaba/OCR/4ea80095-782c-4a4f-becb-c182ea05e8e4/00000055_img.rgb_to_gray_binarize.otsu_ocr.kraken_grc_teubner_postprocessing.spell_check_polytonic_greek_False.xml
00000040.tif → /cluster/tufts/perseus_ocr/nidaba/OCR/4ea80095-782c-4a4f-becb-c182ea05e8e4/00000040_img.rgb_to_gray_binarize.otsu_ocr.kraken_grc_teubner_postprocessing.spell_check_polytonic_greek_False.xml
00000058.tif → /cluster/tufts/perseus_ocr/nidaba/OCR/4ea80095-782c-4a4f-becb-c182ea05e8e4/00000058_img.rgb_to_gray_binarize.otsu_ocr.kraken_grc_teubner_postprocessing.spell_check_polytonic_greek_False.xml
00000032.tif → /cluster/tufts/perseus_ocr/nidaba/OCR/4ea80095-782c-4a4f-becb-c182ea05e8e4/00000032_img.rgb_to_gray_binarize.otsu_ocr.kraken_grc_teubner_postprocessing.spell_check_polytonic_greek_False.xml
00000009.tif → /cluster/tufts/perseus_ocr/nidaba/OCR/4ea80095-782c-4a4f-becb-c182ea05e8e4/00000009_img.rgb_to_gray_binarize.otsu_ocr.kraken_grc_teubner_postprocessing.spell_check_polytonic_greek_False.xml
00000021.tif → /cluster/tufts/perseus_ocr/nidaba/OCR/4ea80095-782c-4a4f-becb-c182ea05e8e4/00000021_img.rgb_to_gray_binarize.otsu_ocr.kraken_grc_teubner_postprocessing.spell_check_polytonic_greek_False.xml
00000050.tif → /cluster/tufts/perseus_ocr/nidaba/OCR/4ea80095-782c-4a4f-becb-c182ea05e8e4/00000050_img.rgb_to_gray_binarize.otsu_ocr.kraken_grc_teubner_postprocessing.spell_check_polytonic_greek_False.xml
00000057.tif → /cluster/tufts/perseus_ocr/nidaba/OCR/4ea80095-782c-4a4f-becb-c182ea05e8e4/00000057_img.rgb_to_gray_binarize.otsu_ocr.kraken_grc_teubner_postprocessing.spell_check_polytonic_greek_False.xml
00000036.tif → /cluster/tufts/perseus_ocr/nidaba/OCR/4ea80095-782c-4a4f-becb-c182ea05e8e4/00000036_img.rgb_to_gray_binarize.otsu_ocr.kraken_grc_teubner_postprocessing.spell_check_polytonic_greek_False.xml
00000054.tif → /cluster/tufts/perseus_ocr/nidaba/OCR/4ea80095-782c-4a4f-becb-c182ea05e8e4/00000054_img.rgb_to_gray_binarize.otsu_ocr.kraken_grc_teubner_postprocessing.spell_check_polytonic_greek_False.xml
00000012.tif → /cluster/tufts/perseus_ocr/nidaba/OCR/4ea80095-782c-4a4f-becb-c182ea05e8e4/00000012_img.rgb_to_gray_binarize.otsu_ocr.kraken_grc_teubner_postprocessing.spell_check_polytonic_greek_False.xml
00000017.tif → /cluster/tufts/perseus_ocr/nidaba/OCR/4ea80095-782c-4a4f-becb-c182ea05e8e4/00000017_img.rgb_to_gray_binarize.otsu_ocr.kraken_grc_teubner_postprocessing.spell_check_polytonic_greek_False.xml
00000002.tif → /cluster/tufts/perseus_ocr/nidaba/OCR/4ea80095-782c-4a4f-becb-c182ea05e8e4/00000002_img.rgb_to_gray_binarize.otsu_ocr.kraken_grc_teubner_postprocessing.spell_check_polytonic_greek_False.xml
00000015.tif → /cluster/tufts/perseus_ocr/nidaba/OCR/4ea80095-782c-4a4f-becb-c182ea05e8e4/00000015_img.rgb_to_gray_binarize.otsu_ocr.kraken_grc_teubner_postprocessing.spell_check_polytonic_greek_False.xml
00000006.tif → /cluster/tufts/perseus_ocr/nidaba/OCR/4ea80095-782c-4a4f-becb-c182ea05e8e4/00000006_img.rgb_to_gray_binarize.otsu_ocr.kraken_grc_teubner_postprocessing.spell_check_polytonic_greek_False.xml
00000060.tif → /cluster/tufts/perseus_ocr/nidaba/OCR/4ea80095-782c-4a4f-becb-c182ea05e8e4/00000060_img.rgb_to_gray_binarize.otsu_ocr.kraken_grc_teubner_postprocessing.spell_check_polytonic_greek_False.xml
00000035.tif → /cluster/tufts/perseus_ocr/nidaba/OCR/4ea80095-782c-4a4f-becb-c182ea05e8e4/00000035_img.rgb_to_gray_binarize.otsu_ocr.kraken_grc_teubner_postprocessing.spell_check_polytonic_greek_False.xml
00000011.tif → /cluster/tufts/perseus_ocr/nidaba/OCR/4ea80095-782c-4a4f-becb-c182ea05e8e4/00000011_img.rgb_to_gray_binarize.otsu_ocr.kraken_grc_teubner_postprocessing.spell_check_polytonic_greek_False.xml
00000028.tif → /cluster/tufts/perseus_ocr/nidaba/OCR/4ea80095-782c-4a4f-becb-c182ea05e8e4/00000028_img.rgb_to_gray_binarize.otsu_ocr.kraken_grc_teubner_postprocessing.spell_check_polytonic_greek_False.xml
00000031.tif → /cluster/tufts/perseus_ocr/nidaba/OCR/4ea80095-782c-4a4f-becb-c182ea05e8e4/00000031_img.rgb_to_gray_binarize.otsu_ocr.kraken_grc_teubner_postprocessing.spell_check_polytonic_greek_False.xml
00000003.tif → /cluster/tufts/perseus_ocr/nidaba/OCR/4ea80095-782c-4a4f-becb-c182ea05e8e4/00000003_img.rgb_to_gray_binarize.otsu_ocr.kraken_grc_teubner_postprocessing.spell_check_polytonic_greek_False.xml
00000016.tif → /cluster/tufts/perseus_ocr/nidaba/OCR/4ea80095-782c-4a4f-becb-c182ea05e8e4/00000016_img.rgb_to_gray_binarize.otsu_ocr.kraken_grc_teubner_postprocessing.spell_check_polytonic_greek_False.xml
00000014.tif → /cluster/tufts/perseus_ocr/nidaba/OCR/4ea80095-782c-4a4f-becb-c182ea05e8e4/00000014_img.rgb_to_gray_binarize.otsu_ocr.kraken_grc_teubner_postprocessing.spell_check_polytonic_greek_False.xml
00000008.tif → /cluster/tufts/perseus_ocr/nidaba/OCR/4ea80095-782c-4a4f-becb-c182ea05e8e4/00000008_img.rgb_to_gray_binarize.otsu_ocr.kraken_grc_teubner_postprocessing.spell_check_polytonic_greek_False.xml
00000049.tif → /cluster/tufts/perseus_ocr/nidaba/OCR/4ea80095-782c-4a4f-becb-c182ea05e8e4/00000049_img.rgb_to_gray_binarize.otsu_ocr.kraken_grc_teubner_postprocessing.spell_check_polytonic_greek_False.xml
00000064.tif → /cluster/tufts/perseus_ocr/nidaba/OCR/4ea80095-782c-4a4f-becb-c182ea05e8e4/00000064_img.rgb_to_gray_binarize.otsu_ocr.kraken_grc_teubner_postprocessing.spell_check_polytonic_greek_False.xml
00000046.tif → /cluster/tufts/perseus_ocr/nidaba/OCR/4ea80095-782c-4a4f-becb-c182ea05e8e4/00000046_img.rgb_to_gray_binarize.otsu_ocr.kraken_grc_teubner_postprocessing.spell_check_polytonic_greek_False.xml
00000045.tif → /cluster/tufts/perseus_ocr/nidaba/OCR/4ea80095-782c-4a4f-becb-c182ea05e8e4/00000045_img.rgb_to_gray_binarize.otsu_ocr.kraken_grc_teubner_postprocessing.spell_check_polytonic_greek_False.xml

Errors:

nidaba.ocr.kraken (00000063.tif): index 5000 is out of bounds for axis 0 with size 5000
nidaba.ocr.kraken (00000034.tif): float division by zero
