Status: FAILURE

612/650 tasks completed. 0 running.

Output files:

00000117.tif → /cluster/tufts/perseus_ocr/nidaba/OCR/f2ddeb1c-292b-4044-81ef-56174f264b65/00000117_img.rgb_to_gray_binarize.otsu_ocr.kraken_grc_teubner_postprocessing.spell_check_polytonic_greek_False.xml
00000007.tif → /cluster/tufts/perseus_ocr/nidaba/OCR/f2ddeb1c-292b-4044-81ef-56174f264b65/00000007_img.rgb_to_gray_binarize.otsu_ocr.kraken_grc_teubner_postprocessing.spell_check_polytonic_greek_False.xml
00000026.tif → /cluster/tufts/perseus_ocr/nidaba/OCR/f2ddeb1c-292b-4044-81ef-56174f264b65/00000026_img.rgb_to_gray_binarize.otsu_ocr.kraken_grc_teubner_postprocessing.spell_check_polytonic_greek_False.xml
00000013.tif → /cluster/tufts/perseus_ocr/nidaba/OCR/f2ddeb1c-292b-4044-81ef-56174f264b65/00000013_img.rgb_to_gray_binarize.otsu_ocr.kraken_grc_teubner_postprocessing.spell_check_polytonic_greek_False.xml
00000008.tif → /cluster/tufts/perseus_ocr/nidaba/OCR/f2ddeb1c-292b-4044-81ef-56174f264b65/00000008_img.rgb_to_gray_binarize.otsu_ocr.kraken_grc_teubner_postprocessing.spell_check_polytonic_greek_False.xml
00000011.tif → /cluster/tufts/perseus_ocr/nidaba/OCR/f2ddeb1c-292b-4044-81ef-56174f264b65/00000011_img.rgb_to_gray_binarize.otsu_ocr.kraken_grc_teubner_postprocessing.spell_check_polytonic_greek_False.xml
00000111.tif → /cluster/tufts/perseus_ocr/nidaba/OCR/f2ddeb1c-292b-4044-81ef-56174f264b65/00000111_img.rgb_to_gray_binarize.otsu_ocr.kraken_grc_teubner_postprocessing.spell_check_polytonic_greek_False.xml
00000027.tif → /cluster/tufts/perseus_ocr/nidaba/OCR/f2ddeb1c-292b-4044-81ef-56174f264b65/00000027_img.rgb_to_gray_binarize.otsu_ocr.kraken_grc_teubner_postprocessing.spell_check_polytonic_greek_False.xml
00000053.tif → /cluster/tufts/perseus_ocr/nidaba/OCR/f2ddeb1c-292b-4044-81ef-56174f264b65/00000053_img.rgb_to_gray_binarize.otsu_ocr.kraken_grc_teubner_postprocessing.spell_check_polytonic_greek_False.xml
00000118.tif → /cluster/tufts/perseus_ocr/nidaba/OCR/f2ddeb1c-292b-4044-81ef-56174f264b65/00000118_img.rgb_to_gray_binarize.otsu_ocr.kraken_grc_teubner_postprocessing.spell_check_polytonic_greek_False.xml
00000066.tif → /cluster/tufts/perseus_ocr/nidaba/OCR/f2ddeb1c-292b-4044-81ef-56174f264b65/00000066_img.rgb_to_gray_binarize.otsu_ocr.kraken_grc_teubner_postprocessing.spell_check_polytonic_greek_False.xml
00000033.tif → /cluster/tufts/perseus_ocr/nidaba/OCR/f2ddeb1c-292b-4044-81ef-56174f264b65/00000033_img.rgb_to_gray_binarize.otsu_ocr.kraken_grc_teubner_postprocessing.spell_check_polytonic_greek_False.xml
00000009.tif → /cluster/tufts/perseus_ocr/nidaba/OCR/f2ddeb1c-292b-4044-81ef-56174f264b65/00000009_img.rgb_to_gray_binarize.otsu_ocr.kraken_grc_teubner_postprocessing.spell_check_polytonic_greek_False.xml
00000042.tif → /cluster/tufts/perseus_ocr/nidaba/OCR/f2ddeb1c-292b-4044-81ef-56174f264b65/00000042_img.rgb_to_gray_binarize.otsu_ocr.kraken_grc_teubner_postprocessing.spell_check_polytonic_greek_False.xml
00000084.tif → /cluster/tufts/perseus_ocr/nidaba/OCR/f2ddeb1c-292b-4044-81ef-56174f264b65/00000084_img.rgb_to_gray_binarize.otsu_ocr.kraken_grc_teubner_postprocessing.spell_check_polytonic_greek_False.xml
00000041.tif → /cluster/tufts/perseus_ocr/nidaba/OCR/f2ddeb1c-292b-4044-81ef-56174f264b65/00000041_img.rgb_to_gray_binarize.otsu_ocr.kraken_grc_teubner_postprocessing.spell_check_polytonic_greek_False.xml
00000056.tif → /cluster/tufts/perseus_ocr/nidaba/OCR/f2ddeb1c-292b-4044-81ef-56174f264b65/00000056_img.rgb_to_gray_binarize.otsu_ocr.kraken_grc_teubner_postprocessing.spell_check_polytonic_greek_False.xml
00000045.tif → /cluster/tufts/perseus_ocr/nidaba/OCR/f2ddeb1c-292b-4044-81ef-56174f264b65/00000045_img.rgb_to_gray_binarize.otsu_ocr.kraken_grc_teubner_postprocessing.spell_check_polytonic_greek_False.xml
00000105.tif → /cluster/tufts/perseus_ocr/nidaba/OCR/f2ddeb1c-292b-4044-81ef-56174f264b65/00000105_img.rgb_to_gray_binarize.otsu_ocr.kraken_grc_teubner_postprocessing.spell_check_polytonic_greek_False.xml
00000087.tif → /cluster/tufts/perseus_ocr/nidaba/OCR/f2ddeb1c-292b-4044-81ef-56174f264b65/00000087_img.rgb_to_gray_binarize.otsu_ocr.kraken_grc_teubner_postprocessing.spell_check_polytonic_greek_False.xml
00000106.tif → /cluster/tufts/perseus_ocr/nidaba/OCR/f2ddeb1c-292b-4044-81ef-56174f264b65/00000106_img.rgb_to_gray_binarize.otsu_ocr.kraken_grc_teubner_postprocessing.spell_check_polytonic_greek_False.xml
00000061.tif → /cluster/tufts/perseus_ocr/nidaba/OCR/f2ddeb1c-292b-4044-81ef-56174f264b65/00000061_img.rgb_to_gray_binarize.otsu_ocr.kraken_grc_teubner_postprocessing.spell_check_polytonic_greek_False.xml
00000077.tif → /cluster/tufts/perseus_ocr/nidaba/OCR/f2ddeb1c-292b-4044-81ef-56174f264b65/00000077_img.rgb_to_gray_binarize.otsu_ocr.kraken_grc_teubner_postprocessing.spell_check_polytonic_greek_False.xml
00000083.tif → /cluster/tufts/perseus_ocr/nidaba/OCR/f2ddeb1c-292b-4044-81ef-56174f264b65/00000083_img.rgb_to_gray_binarize.otsu_ocr.kraken_grc_teubner_postprocessing.spell_check_polytonic_greek_False.xml
00000095.tif → /cluster/tufts/perseus_ocr/nidaba/OCR/f2ddeb1c-292b-4044-81ef-56174f264b65/00000095_img.rgb_to_gray_binarize.otsu_ocr.kraken_grc_teubner_postprocessing.spell_check_polytonic_greek_False.xml
00000101.tif → /cluster/tufts/perseus_ocr/nidaba/OCR/f2ddeb1c-292b-4044-81ef-56174f264b65/00000101_img.rgb_to_gray_binarize.otsu_ocr.kraken_grc_teubner_postprocessing.spell_check_polytonic_greek_False.xml
00000079.tif → /cluster/tufts/perseus_ocr/nidaba/OCR/f2ddeb1c-292b-4044-81ef-56174f264b65/00000079_img.rgb_to_gray_binarize.otsu_ocr.kraken_grc_teubner_postprocessing.spell_check_polytonic_greek_False.xml
00000039.tif → /cluster/tufts/perseus_ocr/nidaba/OCR/f2ddeb1c-292b-4044-81ef-56174f264b65/00000039_img.rgb_to_gray_binarize.otsu_ocr.kraken_grc_teubner_postprocessing.spell_check_polytonic_greek_False.xml
00000123.tif → /cluster/tufts/perseus_ocr/nidaba/OCR/f2ddeb1c-292b-4044-81ef-56174f264b65/00000123_img.rgb_to_gray_binarize.otsu_ocr.kraken_grc_teubner_postprocessing.spell_check_polytonic_greek_False.xml
00000090.tif → /cluster/tufts/perseus_ocr/nidaba/OCR/f2ddeb1c-292b-4044-81ef-56174f264b65/00000090_img.rgb_to_gray_binarize.otsu_ocr.kraken_grc_teubner_postprocessing.spell_check_polytonic_greek_False.xml
00000073.tif → /cluster/tufts/perseus_ocr/nidaba/OCR/f2ddeb1c-292b-4044-81ef-56174f264b65/00000073_img.rgb_to_gray_binarize.otsu_ocr.kraken_grc_teubner_postprocessing.spell_check_polytonic_greek_False.xml
00000093.tif → /cluster/tufts/perseus_ocr/nidaba/OCR/f2ddeb1c-292b-4044-81ef-56174f264b65/00000093_img.rgb_to_gray_binarize.otsu_ocr.kraken_grc_teubner_postprocessing.spell_check_polytonic_greek_False.xml
00000017.tif → /cluster/tufts/perseus_ocr/nidaba/OCR/f2ddeb1c-292b-4044-81ef-56174f264b65/00000017_img.rgb_to_gray_binarize.otsu_ocr.kraken_grc_teubner_postprocessing.spell_check_polytonic_greek_False.xml
00000062.tif → /cluster/tufts/perseus_ocr/nidaba/OCR/f2ddeb1c-292b-4044-81ef-56174f264b65/00000062_img.rgb_to_gray_binarize.otsu_ocr.kraken_grc_teubner_postprocessing.spell_check_polytonic_greek_False.xml
00000028.tif → /cluster/tufts/perseus_ocr/nidaba/OCR/f2ddeb1c-292b-4044-81ef-56174f264b65/00000028_img.rgb_to_gray_binarize.otsu_ocr.kraken_grc_teubner_postprocessing.spell_check_polytonic_greek_False.xml
00000074.tif → /cluster/tufts/perseus_ocr/nidaba/OCR/f2ddeb1c-292b-4044-81ef-56174f264b65/00000074_img.rgb_to_gray_binarize.otsu_ocr.kraken_grc_teubner_postprocessing.spell_check_polytonic_greek_False.xml
00000023.tif → /cluster/tufts/perseus_ocr/nidaba/OCR/f2ddeb1c-292b-4044-81ef-56174f264b65/00000023_img.rgb_to_gray_binarize.otsu_ocr.kraken_grc_teubner_postprocessing.spell_check_polytonic_greek_False.xml
00000020.tif → /cluster/tufts/perseus_ocr/nidaba/OCR/f2ddeb1c-292b-4044-81ef-56174f264b65/00000020_img.rgb_to_gray_binarize.otsu_ocr.kraken_grc_teubner_postprocessing.spell_check_polytonic_greek_False.xml
00000071.tif → /cluster/tufts/perseus_ocr/nidaba/OCR/f2ddeb1c-292b-4044-81ef-56174f264b65/00000071_img.rgb_to_gray_binarize.otsu_ocr.kraken_grc_teubner_postprocessing.spell_check_polytonic_greek_False.xml
00000005.tif → /cluster/tufts/perseus_ocr/nidaba/OCR/f2ddeb1c-292b-4044-81ef-56174f264b65/00000005_img.rgb_to_gray_binarize.otsu_ocr.kraken_grc_teubner_postprocessing.spell_check_polytonic_greek_False.xml
00000121.tif → /cluster/tufts/perseus_ocr/nidaba/OCR/f2ddeb1c-292b-4044-81ef-56174f264b65/00000121_img.rgb_to_gray_binarize.otsu_ocr.kraken_grc_teubner_postprocessing.spell_check_polytonic_greek_False.xml
00000097.tif → /cluster/tufts/perseus_ocr/nidaba/OCR/f2ddeb1c-292b-4044-81ef-56174f264b65/00000097_img.rgb_to_gray_binarize.otsu_ocr.kraken_grc_teubner_postprocessing.spell_check_polytonic_greek_False.xml
00000052.tif → /cluster/tufts/perseus_ocr/nidaba/OCR/f2ddeb1c-292b-4044-81ef-56174f264b65/00000052_img.rgb_to_gray_binarize.otsu_ocr.kraken_grc_teubner_postprocessing.spell_check_polytonic_greek_False.xml
00000091.tif → /cluster/tufts/perseus_ocr/nidaba/OCR/f2ddeb1c-292b-4044-81ef-56174f264b65/00000091_img.rgb_to_gray_binarize.otsu_ocr.kraken_grc_teubner_postprocessing.spell_check_polytonic_greek_False.xml
00000069.tif → /cluster/tufts/perseus_ocr/nidaba/OCR/f2ddeb1c-292b-4044-81ef-56174f264b65/00000069_img.rgb_to_gray_binarize.otsu_ocr.kraken_grc_teubner_postprocessing.spell_check_polytonic_greek_False.xml
00000113.tif → /cluster/tufts/perseus_ocr/nidaba/OCR/f2ddeb1c-292b-4044-81ef-56174f264b65/00000113_img.rgb_to_gray_binarize.otsu_ocr.kraken_grc_teubner_postprocessing.spell_check_polytonic_greek_False.xml
00000075.tif → /cluster/tufts/perseus_ocr/nidaba/OCR/f2ddeb1c-292b-4044-81ef-56174f264b65/00000075_img.rgb_to_gray_binarize.otsu_ocr.kraken_grc_teubner_postprocessing.spell_check_polytonic_greek_False.xml
00000082.tif → /cluster/tufts/perseus_ocr/nidaba/OCR/f2ddeb1c-292b-4044-81ef-56174f264b65/00000082_img.rgb_to_gray_binarize.otsu_ocr.kraken_grc_teubner_postprocessing.spell_check_polytonic_greek_False.xml
00000103.tif → /cluster/tufts/perseus_ocr/nidaba/OCR/f2ddeb1c-292b-4044-81ef-56174f264b65/00000103_img.rgb_to_gray_binarize.otsu_ocr.kraken_grc_teubner_postprocessing.spell_check_polytonic_greek_False.xml
00000050.tif → /cluster/tufts/perseus_ocr/nidaba/OCR/f2ddeb1c-292b-4044-81ef-56174f264b65/00000050_img.rgb_to_gray_binarize.otsu_ocr.kraken_grc_teubner_postprocessing.spell_check_polytonic_greek_False.xml
00000127.tif → /cluster/tufts/perseus_ocr/nidaba/OCR/f2ddeb1c-292b-4044-81ef-56174f264b65/00000127_img.rgb_to_gray_binarize.otsu_ocr.kraken_grc_teubner_postprocessing.spell_check_polytonic_greek_False.xml
00000025.tif → /cluster/tufts/perseus_ocr/nidaba/OCR/f2ddeb1c-292b-4044-81ef-56174f264b65/00000025_img.rgb_to_gray_binarize.otsu_ocr.kraken_grc_teubner_postprocessing.spell_check_polytonic_greek_False.xml
00000114.tif → /cluster/tufts/perseus_ocr/nidaba/OCR/f2ddeb1c-292b-4044-81ef-56174f264b65/00000114_img.rgb_to_gray_binarize.otsu_ocr.kraken_grc_teubner_postprocessing.spell_check_polytonic_greek_False.xml
00000126.tif → /cluster/tufts/perseus_ocr/nidaba/OCR/f2ddeb1c-292b-4044-81ef-56174f264b65/00000126_img.rgb_to_gray_binarize.otsu_ocr.kraken_grc_teubner_postprocessing.spell_check_polytonic_greek_False.xml
00000086.tif → /cluster/tufts/perseus_ocr/nidaba/OCR/f2ddeb1c-292b-4044-81ef-56174f264b65/00000086_img.rgb_to_gray_binarize.otsu_ocr.kraken_grc_teubner_postprocessing.spell_check_polytonic_greek_False.xml
00000054.tif → /cluster/tufts/perseus_ocr/nidaba/OCR/f2ddeb1c-292b-4044-81ef-56174f264b65/00000054_img.rgb_to_gray_binarize.otsu_ocr.kraken_grc_teubner_postprocessing.spell_check_polytonic_greek_False.xml
00000048.tif → /cluster/tufts/perseus_ocr/nidaba/OCR/f2ddeb1c-292b-4044-81ef-56174f264b65/00000048_img.rgb_to_gray_binarize.otsu_ocr.kraken_grc_teubner_postprocessing.spell_check_polytonic_greek_False.xml
00000107.tif → /cluster/tufts/perseus_ocr/nidaba/OCR/f2ddeb1c-292b-4044-81ef-56174f264b65/00000107_img.rgb_to_gray_binarize.otsu_ocr.kraken_grc_teubner_postprocessing.spell_check_polytonic_greek_False.xml
00000037.tif → /cluster/tufts/perseus_ocr/nidaba/OCR/f2ddeb1c-292b-4044-81ef-56174f264b65/00000037_img.rgb_to_gray_binarize.otsu_ocr.kraken_grc_teubner_postprocessing.spell_check_polytonic_greek_False.xml
00000129.tif → /cluster/tufts/perseus_ocr/nidaba/OCR/f2ddeb1c-292b-4044-81ef-56174f264b65/00000129_img.rgb_to_gray_binarize.otsu_ocr.kraken_grc_teubner_postprocessing.spell_check_polytonic_greek_False.xml
00000064.tif → /cluster/tufts/perseus_ocr/nidaba/OCR/f2ddeb1c-292b-4044-81ef-56174f264b65/00000064_img.rgb_to_gray_binarize.otsu_ocr.kraken_grc_teubner_postprocessing.spell_check_polytonic_greek_False.xml
00000030.tif → /cluster/tufts/perseus_ocr/nidaba/OCR/f2ddeb1c-292b-4044-81ef-56174f264b65/00000030_img.rgb_to_gray_binarize.otsu_ocr.kraken_grc_teubner_postprocessing.spell_check_polytonic_greek_False.xml
00000119.tif → /cluster/tufts/perseus_ocr/nidaba/OCR/f2ddeb1c-292b-4044-81ef-56174f264b65/00000119_img.rgb_to_gray_binarize.otsu_ocr.kraken_grc_teubner_postprocessing.spell_check_polytonic_greek_False.xml
00000125.tif → /cluster/tufts/perseus_ocr/nidaba/OCR/f2ddeb1c-292b-4044-81ef-56174f264b65/00000125_img.rgb_to_gray_binarize.otsu_ocr.kraken_grc_teubner_postprocessing.spell_check_polytonic_greek_False.xml
00000098.tif → /cluster/tufts/perseus_ocr/nidaba/OCR/f2ddeb1c-292b-4044-81ef-56174f264b65/00000098_img.rgb_to_gray_binarize.otsu_ocr.kraken_grc_teubner_postprocessing.spell_check_polytonic_greek_False.xml
00000110.tif → /cluster/tufts/perseus_ocr/nidaba/OCR/f2ddeb1c-292b-4044-81ef-56174f264b65/00000110_img.rgb_to_gray_binarize.otsu_ocr.kraken_grc_teubner_postprocessing.spell_check_polytonic_greek_False.xml
00000100.tif → /cluster/tufts/perseus_ocr/nidaba/OCR/f2ddeb1c-292b-4044-81ef-56174f264b65/00000100_img.rgb_to_gray_binarize.otsu_ocr.kraken_grc_teubner_postprocessing.spell_check_polytonic_greek_False.xml
00000019.tif → /cluster/tufts/perseus_ocr/nidaba/OCR/f2ddeb1c-292b-4044-81ef-56174f264b65/00000019_img.rgb_to_gray_binarize.otsu_ocr.kraken_grc_teubner_postprocessing.spell_check_polytonic_greek_False.xml
00000120.tif → /cluster/tufts/perseus_ocr/nidaba/OCR/f2ddeb1c-292b-4044-81ef-56174f264b65/00000120_img.rgb_to_gray_binarize.otsu_ocr.kraken_grc_teubner_postprocessing.spell_check_polytonic_greek_False.xml
00000076.tif → /cluster/tufts/perseus_ocr/nidaba/OCR/f2ddeb1c-292b-4044-81ef-56174f264b65/00000076_img.rgb_to_gray_binarize.otsu_ocr.kraken_grc_teubner_postprocessing.spell_check_polytonic_greek_False.xml
00000036.tif → /cluster/tufts/perseus_ocr/nidaba/OCR/f2ddeb1c-292b-4044-81ef-56174f264b65/00000036_img.rgb_to_gray_binarize.otsu_ocr.kraken_grc_teubner_postprocessing.spell_check_polytonic_greek_False.xml
00000130.tif → /cluster/tufts/perseus_ocr/nidaba/OCR/f2ddeb1c-292b-4044-81ef-56174f264b65/00000130_img.rgb_to_gray_binarize.otsu_ocr.kraken_grc_teubner_postprocessing.spell_check_polytonic_greek_False.xml
00000122.tif → /cluster/tufts/perseus_ocr/nidaba/OCR/f2ddeb1c-292b-4044-81ef-56174f264b65/00000122_img.rgb_to_gray_binarize.otsu_ocr.kraken_grc_teubner_postprocessing.spell_check_polytonic_greek_False.xml
00000096.tif → /cluster/tufts/perseus_ocr/nidaba/OCR/f2ddeb1c-292b-4044-81ef-56174f264b65/00000096_img.rgb_to_gray_binarize.otsu_ocr.kraken_grc_teubner_postprocessing.spell_check_polytonic_greek_False.xml
00000003.tif → /cluster/tufts/perseus_ocr/nidaba/OCR/f2ddeb1c-292b-4044-81ef-56174f264b65/00000003_img.rgb_to_gray_binarize.otsu_ocr.kraken_grc_teubner_postprocessing.spell_check_polytonic_greek_False.xml
00000089.tif → /cluster/tufts/perseus_ocr/nidaba/OCR/f2ddeb1c-292b-4044-81ef-56174f264b65/00000089_img.rgb_to_gray_binarize.otsu_ocr.kraken_grc_teubner_postprocessing.spell_check_polytonic_greek_False.xml
00000059.tif → /cluster/tufts/perseus_ocr/nidaba/OCR/f2ddeb1c-292b-4044-81ef-56174f264b65/00000059_img.rgb_to_gray_binarize.otsu_ocr.kraken_grc_teubner_postprocessing.spell_check_polytonic_greek_False.xml
00000108.tif → /cluster/tufts/perseus_ocr/nidaba/OCR/f2ddeb1c-292b-4044-81ef-56174f264b65/00000108_img.rgb_to_gray_binarize.otsu_ocr.kraken_grc_teubner_postprocessing.spell_check_polytonic_greek_False.xml
00000067.tif → /cluster/tufts/perseus_ocr/nidaba/OCR/f2ddeb1c-292b-4044-81ef-56174f264b65/00000067_img.rgb_to_gray_binarize.otsu_ocr.kraken_grc_teubner_postprocessing.spell_check_polytonic_greek_False.xml
00000068.tif → /cluster/tufts/perseus_ocr/nidaba/OCR/f2ddeb1c-292b-4044-81ef-56174f264b65/00000068_img.rgb_to_gray_binarize.otsu_ocr.kraken_grc_teubner_postprocessing.spell_check_polytonic_greek_False.xml
00000012.tif → /cluster/tufts/perseus_ocr/nidaba/OCR/f2ddeb1c-292b-4044-81ef-56174f264b65/00000012_img.rgb_to_gray_binarize.otsu_ocr.kraken_grc_teubner_postprocessing.spell_check_polytonic_greek_False.xml
00000116.tif → /cluster/tufts/perseus_ocr/nidaba/OCR/f2ddeb1c-292b-4044-81ef-56174f264b65/00000116_img.rgb_to_gray_binarize.otsu_ocr.kraken_grc_teubner_postprocessing.spell_check_polytonic_greek_False.xml
00000058.tif → /cluster/tufts/perseus_ocr/nidaba/OCR/f2ddeb1c-292b-4044-81ef-56174f264b65/00000058_img.rgb_to_gray_binarize.otsu_ocr.kraken_grc_teubner_postprocessing.spell_check_polytonic_greek_False.xml
00000029.tif → /cluster/tufts/perseus_ocr/nidaba/OCR/f2ddeb1c-292b-4044-81ef-56174f264b65/00000029_img.rgb_to_gray_binarize.otsu_ocr.kraken_grc_teubner_postprocessing.spell_check_polytonic_greek_False.xml
00000094.tif → /cluster/tufts/perseus_ocr/nidaba/OCR/f2ddeb1c-292b-4044-81ef-56174f264b65/00000094_img.rgb_to_gray_binarize.otsu_ocr.kraken_grc_teubner_postprocessing.spell_check_polytonic_greek_False.xml
00000031.tif → /cluster/tufts/perseus_ocr/nidaba/OCR/f2ddeb1c-292b-4044-81ef-56174f264b65/00000031_img.rgb_to_gray_binarize.otsu_ocr.kraken_grc_teubner_postprocessing.spell_check_polytonic_greek_False.xml
00000047.tif → /cluster/tufts/perseus_ocr/nidaba/OCR/f2ddeb1c-292b-4044-81ef-56174f264b65/00000047_img.rgb_to_gray_binarize.otsu_ocr.kraken_grc_teubner_postprocessing.spell_check_polytonic_greek_False.xml
00000014.tif → /cluster/tufts/perseus_ocr/nidaba/OCR/f2ddeb1c-292b-4044-81ef-56174f264b65/00000014_img.rgb_to_gray_binarize.otsu_ocr.kraken_grc_teubner_postprocessing.spell_check_polytonic_greek_False.xml
00000046.tif → /cluster/tufts/perseus_ocr/nidaba/OCR/f2ddeb1c-292b-4044-81ef-56174f264b65/00000046_img.rgb_to_gray_binarize.otsu_ocr.kraken_grc_teubner_postprocessing.spell_check_polytonic_greek_False.xml
00000099.tif → /cluster/tufts/perseus_ocr/nidaba/OCR/f2ddeb1c-292b-4044-81ef-56174f264b65/00000099_img.rgb_to_gray_binarize.otsu_ocr.kraken_grc_teubner_postprocessing.spell_check_polytonic_greek_False.xml
00000112.tif → /cluster/tufts/perseus_ocr/nidaba/OCR/f2ddeb1c-292b-4044-81ef-56174f264b65/00000112_img.rgb_to_gray_binarize.otsu_ocr.kraken_grc_teubner_postprocessing.spell_check_polytonic_greek_False.xml
00000043.tif → /cluster/tufts/perseus_ocr/nidaba/OCR/f2ddeb1c-292b-4044-81ef-56174f264b65/00000043_img.rgb_to_gray_binarize.otsu_ocr.kraken_grc_teubner_postprocessing.spell_check_polytonic_greek_False.xml
00000021.tif → /cluster/tufts/perseus_ocr/nidaba/OCR/f2ddeb1c-292b-4044-81ef-56174f264b65/00000021_img.rgb_to_gray_binarize.otsu_ocr.kraken_grc_teubner_postprocessing.spell_check_polytonic_greek_False.xml
00000038.tif → /cluster/tufts/perseus_ocr/nidaba/OCR/f2ddeb1c-292b-4044-81ef-56174f264b65/00000038_img.rgb_to_gray_binarize.otsu_ocr.kraken_grc_teubner_postprocessing.spell_check_polytonic_greek_False.xml
00000055.tif → /cluster/tufts/perseus_ocr/nidaba/OCR/f2ddeb1c-292b-4044-81ef-56174f264b65/00000055_img.rgb_to_gray_binarize.otsu_ocr.kraken_grc_teubner_postprocessing.spell_check_polytonic_greek_False.xml
00000088.tif → /cluster/tufts/perseus_ocr/nidaba/OCR/f2ddeb1c-292b-4044-81ef-56174f264b65/00000088_img.rgb_to_gray_binarize.otsu_ocr.kraken_grc_teubner_postprocessing.spell_check_polytonic_greek_False.xml
00000015.tif → /cluster/tufts/perseus_ocr/nidaba/OCR/f2ddeb1c-292b-4044-81ef-56174f264b65/00000015_img.rgb_to_gray_binarize.otsu_ocr.kraken_grc_teubner_postprocessing.spell_check_polytonic_greek_False.xml
00000018.tif → /cluster/tufts/perseus_ocr/nidaba/OCR/f2ddeb1c-292b-4044-81ef-56174f264b65/00000018_img.rgb_to_gray_binarize.otsu_ocr.kraken_grc_teubner_postprocessing.spell_check_polytonic_greek_False.xml
00000092.tif → /cluster/tufts/perseus_ocr/nidaba/OCR/f2ddeb1c-292b-4044-81ef-56174f264b65/00000092_img.rgb_to_gray_binarize.otsu_ocr.kraken_grc_teubner_postprocessing.spell_check_polytonic_greek_False.xml
00000057.tif → /cluster/tufts/perseus_ocr/nidaba/OCR/f2ddeb1c-292b-4044-81ef-56174f264b65/00000057_img.rgb_to_gray_binarize.otsu_ocr.kraken_grc_teubner_postprocessing.spell_check_polytonic_greek_False.xml
00000006.tif → /cluster/tufts/perseus_ocr/nidaba/OCR/f2ddeb1c-292b-4044-81ef-56174f264b65/00000006_img.rgb_to_gray_binarize.otsu_ocr.kraken_grc_teubner_postprocessing.spell_check_polytonic_greek_False.xml
00000002.tif → /cluster/tufts/perseus_ocr/nidaba/OCR/f2ddeb1c-292b-4044-81ef-56174f264b65/00000002_img.rgb_to_gray_binarize.otsu_ocr.kraken_grc_teubner_postprocessing.spell_check_polytonic_greek_False.xml
00000115.tif → /cluster/tufts/perseus_ocr/nidaba/OCR/f2ddeb1c-292b-4044-81ef-56174f264b65/00000115_img.rgb_to_gray_binarize.otsu_ocr.kraken_grc_teubner_postprocessing.spell_check_polytonic_greek_False.xml
00000124.tif → /cluster/tufts/perseus_ocr/nidaba/OCR/f2ddeb1c-292b-4044-81ef-56174f264b65/00000124_img.rgb_to_gray_binarize.otsu_ocr.kraken_grc_teubner_postprocessing.spell_check_polytonic_greek_False.xml
00000044.tif → /cluster/tufts/perseus_ocr/nidaba/OCR/f2ddeb1c-292b-4044-81ef-56174f264b65/00000044_img.rgb_to_gray_binarize.otsu_ocr.kraken_grc_teubner_postprocessing.spell_check_polytonic_greek_False.xml
00000024.tif → /cluster/tufts/perseus_ocr/nidaba/OCR/f2ddeb1c-292b-4044-81ef-56174f264b65/00000024_img.rgb_to_gray_binarize.otsu_ocr.kraken_grc_teubner_postprocessing.spell_check_polytonic_greek_False.xml
00000004.tif → /cluster/tufts/perseus_ocr/nidaba/OCR/f2ddeb1c-292b-4044-81ef-56174f264b65/00000004_img.rgb_to_gray_binarize.otsu_ocr.kraken_grc_teubner_postprocessing.spell_check_polytonic_greek_False.xml
00000070.tif → /cluster/tufts/perseus_ocr/nidaba/OCR/f2ddeb1c-292b-4044-81ef-56174f264b65/00000070_img.rgb_to_gray_binarize.otsu_ocr.kraken_grc_teubner_postprocessing.spell_check_polytonic_greek_False.xml
00000102.tif → /cluster/tufts/perseus_ocr/nidaba/OCR/f2ddeb1c-292b-4044-81ef-56174f264b65/00000102_img.rgb_to_gray_binarize.otsu_ocr.kraken_grc_teubner_postprocessing.spell_check_polytonic_greek_False.xml
00000035.tif → /cluster/tufts/perseus_ocr/nidaba/OCR/f2ddeb1c-292b-4044-81ef-56174f264b65/00000035_img.rgb_to_gray_binarize.otsu_ocr.kraken_grc_teubner_postprocessing.spell_check_polytonic_greek_False.xml
00000085.tif → /cluster/tufts/perseus_ocr/nidaba/OCR/f2ddeb1c-292b-4044-81ef-56174f264b65/00000085_img.rgb_to_gray_binarize.otsu_ocr.kraken_grc_teubner_postprocessing.spell_check_polytonic_greek_False.xml

Errors:

nidaba.ocr.kraken (00000128.tif): index 5000 is out of bounds for axis 0 with size 5000
nidaba.ocr.kraken (00000010.tif): float division by zero
nidaba.ocr.kraken (00000032.tif): float division by zero
nidaba.ocr.kraken (00000040.tif): float division by zero
nidaba.ocr.kraken (00000049.tif): float division by zero
nidaba.ocr.kraken (00000034.tif): float division by zero
nidaba.ocr.kraken (00000104.tif): float division by zero
nidaba.ocr.kraken (00000060.tif): float division by zero
nidaba.ocr.kraken (00000109.tif): float division by zero
nidaba.ocr.kraken (00000080.tif): float division by zero
nidaba.ocr.kraken (00000051.tif): float division by zero
nidaba.ocr.kraken (00000016.tif): float division by zero
nidaba.ocr.kraken (00000063.tif): float division by zero
nidaba.ocr.kraken (00000081.tif): float division by zero
nidaba.ocr.kraken (00000078.tif): float division by zero
nidaba.ocr.kraken (00000022.tif): float division by zero
nidaba.ocr.kraken (00000001.tif): tile cannot extend outside image
nidaba.ocr.kraken (00000072.tif): float division by zero
nidaba.ocr.kraken (00000065.tif): float division by zero
